<?xml version="1.0" encoding="UTF-8" ?>
<testsuite tests="5" failures="0" name="ru.testingsystem.auethentification.AuethentificationTest" time="0.002" errors="5" skipped="0">
  <properties>
[...]
</properties>
  <testcase classname="ru.testingsystem.auethentification.AuethentificationTest" name="authenticateAdmin" time="0.001">
    <error message="Failed to load ApplicationContext" type="java.lang.IllegalStateException">java.lang.IllegalStateException: Failed to load ApplicationContext
	at org.springframework.test.context.cache.DefaultCacheAwareContextLoaderDelegate.loadContext(DefaultCacheAwareContextLoaderDelegate.java:125)
	at org.springframework.test.context.support.DefaultTestContext.getApplicationContext(DefaultTestContext.java:107)
	at org.springframework.test.context.web.ServletTestExecutionListener.setUpRequestContextIfNecessary(ServletTestExecutionListener.java:190)
	at org.springframework.test.context.web.ServletTestExecutionListener.prepareTestInstance(ServletTestExecutionListener.java:132)
	at org.springframework.test.context.TestContextManager.prepareTestInstance(TestContextManager.java:242)
	at org.springframework.test.context.junit4.SpringJUnit4ClassRunner.createTest(SpringJUnit4ClassRunner.java:227)
	at org.springframework.test.context.junit4.SpringJUnit4ClassRunner$1.runReflectiveCall(SpringJUnit4ClassRunner.java:289)
	at org.junit.internal.runners.model.ReflectiveCallable.run(ReflectiveCallable.java:12)
	at org.springframework.test.context.junit4.SpringJUnit4ClassRunner.methodBlock(SpringJUnit4ClassRunner.java:291)
	at org.springframework.test.context.junit4.SpringJUnit4ClassRunner.runChild(SpringJUnit4ClassRunner.java:246)
	at org.springframework.test.context.junit4.SpringJUnit4ClassRunner.runChild(SpringJUnit4ClassRunner.java:97)
	at org.junit.runners.ParentRunner$3.run(ParentRunner.java:290)
	at org.junit.runners.ParentRunner$1.schedule(ParentRunner.java:71)
	at org.junit.runners.ParentRunner.runChildren(ParentRunner.java:288)
	at org.junit.runners.ParentRunner.access$000(ParentRunner.java:58)
	at org.junit.runners.ParentRunner$2.evaluate(ParentRunner.java:268)
	at org.springframework.test.context.junit4.statements.RunBeforeTestClassCallbacks.evaluate(RunBeforeTestClassCallbacks.java:61)
	at org.springframework.test.context.junit4.statements.RunAfterTestClassCallbacks.evaluate(RunAfterTestClassCallbacks.java:70)
	at org.junit.runners.ParentRunner.run(ParentRunner.java:363)
	at org.springframework.test.context.junit4.SpringJUnit4ClassRunner.run(SpringJUnit4ClassRunner.java:190)
	at org.apache.maven.surefire.junit4.JUnit4Provider.execute(JUnit4Provider.java:252)
	at org.apache.maven.surefire.junit4.JUnit4Provider.executeTestSet(JUnit4Provider.java:141)
	at org.apache.maven.surefire.junit4.JUnit4Provider.invoke(JUnit4Provider.java:112)
	at sun.reflect.NativeMethodAccessorImpl.invoke0(Native Method)
	at sun.reflect.NativeMethodAccessorImpl.invoke(NativeMethodAccessorImpl.java:62)
	at sun.reflect.DelegatingMethodAccessorImpl.invoke(DelegatingMethodAccessorImpl.java:43)
	at java.lang.reflect.Method.invoke(Method.java:498)
	at org.apache.maven.surefire.util.ReflectionUtils.invokeMethodWithArray(ReflectionUtils.java:189)
	at org.apache.maven.surefire.booter.ProviderFactory$ProviderProxy.invoke(ProviderFactory.java:165)
	at org.apache.maven.surefire.booter.ProviderFactory.invokeProvider(ProviderFactory.java:85)
	at org.apache.maven.surefire.booter.ForkedBooter.runSuitesInProcess(ForkedBooter.java:115)
	at org.apache.maven.surefire.booter.ForkedBooter.main(ForkedBooter.java:75)
Caused by: org.springframework.beans.factory.BeanCreationException: Error creating bean with name &apos;basicDataDAOImpl&apos; defined in file [/home/vova/Desktop/ATS/src/target/classes/ru/testingsystem/data/dao/BasicDataDAOImpl.class]: Instantiation of bean failed; nested exception is org.springframework.beans.BeanInstantiationException: Failed to instantiate [ru.testingsystem.data.dao.BasicDataDAOImpl]: Constructor threw exception; nested exception is java.lang.NullPointerException
	at org.springframework.beans.factory.support.AbstractAutowireCapableBeanFactory.instantiateBean(AbstractAutowireCapableBeanFactory.java:1232)
	at org.springframework.beans.factory.support.AbstractAutowireCapableBeanFactory.createBeanInstance(AbstractAutowireCapableBeanFactory.java:1131)
	at org.springframework.beans.factory.support.AbstractAutowireCapableBeanFactory.doCreateBean(AbstractAutowireCapableBeanFactory.java:545)
	at org.springframework.beans.factory.support.AbstractAutowireCapableBeanFactory.createBean(AbstractAutowireCapableBeanFactory.java:502)
	at org.springframework.beans.factory.support.AbstractBeanFactory.lambda$doGetBean$0(AbstractBeanFactory.java:312)
	at org.springframework.beans.factory.support.DefaultSingletonBeanRegistry.getSingleton(DefaultSingletonBeanRegistry.java:228)
	at org.springframework.beans.factory.support.AbstractBeanFactory.doGetBean(AbstractBeanFactory.java:310)
	at org.springframework.beans.factory.support.AbstractBeanFactory.getBean(AbstractBeanFactory.java:200)
	at org.springframework.beans.factory.support.DefaultListableBeanFactory.preInstantiateSingletons(DefaultListableBeanFactory.java:761)
	at org.springframework.context.support.AbstractApplicationContext.finishBeanFactoryInitialization(AbstractApplicationContext.java:868)
	at org.springframework.context.support.AbstractApplicationContext.refresh(AbstractApplicationContext.java:549)
	at org.springframework.test.context.web.AbstractGenericWebContextLoader.loadContext(AbstractGenericWebContextLoader.java:129)
	at org.springframework.test.context.web.AbstractGenericWebContextLoader.loadContext(AbstractGenericWebContextLoader.java:61)
	at org.springframework.test.context.support.AbstractDelegatingSmartContextLoader.delegateLoading(AbstractDelegatingSmartContextLoader.java:107)
	at org.springframework.test.context.support.AbstractDelegatingSmartContextLoader.loadContext(AbstractDelegatingSmartContextLoader.java:243)
	at org.springframework.test.context.cache.DefaultCacheAwareContextLoaderDelegate.loadContextInternal(DefaultCacheAwareContextLoaderDelegate.java:99)
	at org.springframework.test.context.cache.DefaultCacheAwareContextLoaderDelegate.loadContext(DefaultCacheAwareContextLoaderDelegate.java:117)
	... 31 more
Caused by: org.springframework.beans.BeanInstantiationException: Failed to instantiate [ru.testingsystem.data.dao.BasicDataDAOImpl]: Constructor threw exception; nested exception is java.lang.NullPointerException
	at org.springframework.beans.BeanUtils.instantiateClass(BeanUtils.java:182)
	at org.springframework.beans.factory.support.SimpleInstantiationStrategy.instantiate(SimpleInstantiationStrategy.java:87)
	at org.springframework.beans.factory.support.AbstractAutowireCapableBeanFactory.instantiateBean(AbstractAutowireCapableBeanFactory.java:1224)
	... 47 more
Caused by: java.lang.NullPointerException
	at ru.testingsystem.data.dao.BasicDataDAOImpl.loadDataFromDB(BasicDataDAOImpl.java:27)
	at ru.testingsystem.data.dao.BasicDataDAOImpl.&lt;init&gt;(BasicDataDAOImpl.java:20)
	at sun.reflect.NativeConstructorAccessorImpl.newInstance0(Native Method)
	at sun.reflect.NativeConstructorAccessorImpl.newInstance(NativeConstructorAccessorImpl.java:62)
	at sun.reflect.DelegatingConstructorAccessorImpl.newInstance(DelegatingConstructorAccessorImpl.java:45)
	at java.lang.reflect.Constructor.newInstance(Constructor.java:423)
	at org.springframework.beans.BeanUtils.instantiateClass(BeanUtils.java:170)
	... 49 more
</error>
    <system-out>[main] ERROR ru.testingsystem.data.DataBase  - Error in the statement of SELECT query(SELECT b.name, b.data FROM basic_data b).
</system-out>
    <system-err>Mar 09, 2018 12:14:38 PM org.springframework.test.context.support.AbstractTestContextBootstrapper getDefaultTestExecutionListenerClassNames
INFO: Loaded default TestExecutionListener class names from location [META-INF/spring.factories]: [org.springframework.test.context.web.ServletTestExecutionListener, org.springframework.test.context.support.DirtiesContextBeforeModesTestExecutionListener, org.springframework.test.context.support.DependencyInjectionTestExecutionListener, org.springframework.test.context.support.DirtiesContextTestExecutionListener, org.springframework.test.context.transaction.TransactionalTestExecutionListener, org.springframework.test.context.jdbc.SqlScriptsTestExecutionListener]
Mar 09, 2018 12:14:38 PM org.springframework.test.context.support.AbstractTestContextBootstrapper getTestExecutionListeners
INFO: Using TestExecutionListeners: [org.springframework.test.context.web.ServletTestExecutionListener@253d9f73, org.springframework.test.context.support.DirtiesContextBeforeModesTestExecutionListener@142269f2, org.springframework.test.context.support.DependencyInjectionTestExecutionListener@331acdad, org.springframework.test.context.support.DirtiesContextTestExecutionListener@41d426b5, org.springframework.test.context.transaction.TransactionalTestExecutionListener@8dbfffb, org.springframework.test.context.jdbc.SqlScriptsTestExecutionListener@f316aeb]
Mar 09, 2018 12:14:38 PM org.springframework.beans.factory.xml.XmlBeanDefinitionReader loadBeanDefinitions
INFO: Loading XML bean definitions from URL [file:/home/vova/Desktop/ATS/src/target/classes/spring-context.xml]
Mar 09, 2018 12:14:38 PM org.springframework.context.support.AbstractApplicationContext prepareRefresh
INFO: Refreshing org.springframework.web.context.support.GenericWebApplicationContext@6aa3a905: startup date [Fri Mar 09 12:14:38 MSK 2018]; root of context hierarchy
Mar 09, 2018 12:14:38 PM org.springframework.beans.factory.support.DefaultListableBeanFactory registerBeanDefinition
INFO: Overriding bean definition for bean &apos;compilerC&apos; with a different definition: replacing [Generic bean: class [ru.testingsystem.olympiad.checking_task.compilers.CompilerC]; scope=singleton; abstract=false; lazyInit=false; autowireMode=0; dependencyCheck=0; autowireCandidate=true; primary=false; factoryBeanName=null; factoryMethodName=null; initMethodName=null; destroyMethodName=null; defined in file [/home/vova/Desktop/ATS/src/target/classes/ru/testingsystem/olympiad/checking_task/compilers/CompilerC.class]] with [Root bean: class [null]; scope=; abstract=false; lazyInit=false; autowireMode=3; dependencyCheck=0; autowireCandidate=true; primary=false; factoryBeanName=compilerConfig; factoryMethodName=compilerC; initMethodName=null; destroyMethodName=(inferred); defined in ru.testingsystem.configuration.CompilerConfig]
Mar 09, 2018 12:14:38 PM org.springframework.beans.factory.support.DefaultListableBeanFactory registerBeanDefinition
INFO: Overriding bean definition for bean &apos;compilerCpp&apos; with a different definition: replacing [Generic bean: class [ru.testingsystem.olympiad.checking_task.compilers.CompilerCpp]; scope=singleton; abstract=false; lazyInit=false; autowireMode=0; dependencyCheck=0; autowireCandidate=true; primary=false; factoryBeanName=null; factoryMethodName=null; initMethodName=null; destroyMethodName=null; defined in file [/home/vova/Desktop/ATS/src/target/classes/ru/testingsystem/olympiad/checking_task/compilers/CompilerCpp.class]] with [Root bean: class [null]; scope=; abstract=false; lazyInit=false; autowireMode=3; dependencyCheck=0; autowireCandidate=true; primary=false; factoryBeanName=compilerConfig; factoryMethodName=compilerCpp; initMethodName=null; destroyMethodName=(inferred); defined in ru.testingsystem.configuration.CompilerConfig]
Mar 09, 2018 12:14:38 PM org.springframework.beans.factory.support.DefaultListableBeanFactory registerBeanDefinition
INFO: Overriding bean definition for bean &apos;compilerJava&apos; with a different definition: replacing [Generic bean: class [ru.testingsystem.olympiad.checking_task.compilers.CompilerJava]; scope=singleton; abstract=false; lazyInit=false; autowireMode=0; dependencyCheck=0; autowireCandidate=true; primary=false; factoryBeanName=null; factoryMethodName=null; initMethodName=null; destroyMethodName=null; defined in file [/home/vova/Desktop/ATS/src/target/classes/ru/testingsystem/olympiad/checking_task/compilers/CompilerJava.class]] with [Root bean: class [null]; scope=; abstract=false; lazyInit=false; autowireMode=3; dependencyCheck=0; autowireCandidate=true; primary=false; factoryBeanName=compilerConfig; factoryMethodName=compilerJava; initMethodName=null; destroyMethodName=(inferred); defined in ru.testingsystem.configuration.CompilerConfig]
Mar 09, 2018 12:14:39 PM org.springframework.web.servlet.handler.AbstractHandlerMethodMapping$MappingRegistry register
INFO: Mapped &quot;{[/auethentification/logIn],methods=[POST]}&quot; onto public java.lang.String ru.testingsystem.controllers.AuethentificationController.logIn(java.lang.String,java.lang.String,javax.servlet.http.HttpServletResponse)
Mar 09, 2018 12:14:39 PM org.springframework.web.servlet.handler.AbstractHandlerMethodMapping$MappingRegistry register
INFO: Mapped &quot;{[/auethentification/SignUp],methods=[POST]}&quot; onto public java.lang.String ru.testingsystem.controllers.AuethentificationController.signUp(java.lang.String,java.lang.String,java.lang.String,java.lang.String)
Mar 09, 2018 12:14:39 PM org.springframework.web.servlet.handler.AbstractHandlerMethodMapping$MappingRegistry register
INFO: Mapped &quot;{[/auethentification/showPage],methods=[GET]}&quot; onto public org.springframework.web.servlet.ModelAndView ru.testingsystem.controllers.AuethentificationController.showPage()
Mar 09, 2018 12:14:39 PM org.springframework.web.servlet.handler.AbstractHandlerMethodMapping$MappingRegistry register
INFO: Mapped &quot;{[/finishOlympiad],methods=[GET]}&quot; onto public org.springframework.web.servlet.ModelAndView ru.testingsystem.controllers.FinishTestController.finishOlympiad()
Mar 09, 2018 12:14:39 PM org.springframework.web.servlet.handler.AbstractHandlerMethodMapping$MappingRegistry register
INFO: Mapped &quot;{[/],methods=[GET]}&quot; onto public org.springframework.web.servlet.ModelAndView ru.testingsystem.controllers.IndexController.showMainPage()
Mar 09, 2018 12:14:39 PM org.springframework.web.servlet.handler.AbstractHandlerMethodMapping$MappingRegistry register
INFO: Mapped &quot;{[/tasks/selectedTask],methods=[GET]}&quot; onto public ru.testingsystem.data.entity.Question ru.testingsystem.controllers.TasksController.showSelectedTask(java.lang.String)
Mar 09, 2018 12:14:39 PM org.springframework.web.servlet.handler.AbstractHandlerMethodMapping$MappingRegistry register
INFO: Mapped &quot;{[/tasks/showPage],methods=[GET]}&quot; onto public org.springframework.web.servlet.ModelAndView ru.testingsystem.controllers.TasksController.showPageTasks()
Mar 09, 2018 12:14:39 PM org.springframework.web.servlet.handler.AbstractHandlerMethodMapping$MappingRegistry register
INFO: Mapped &quot;{[/tasks/checkTask],methods=[POST],produces=[text/plain;charset=UTF-8]}&quot; onto public java.lang.String ru.testingsystem.controllers.TasksController.checkTask(java.lang.String,java.lang.String)
Mar 09, 2018 12:14:39 PM org.springframework.web.servlet.handler.AbstractHandlerMethodMapping$MappingRegistry register
INFO: Mapped &quot;{[/adminRoom/showPage]}&quot; onto public org.springframework.web.servlet.ModelAndView ru.testingsystem.controllers.admin_room.AdminRoomController.showPage()
Mar 09, 2018 12:14:39 PM org.springframework.web.servlet.handler.AbstractHandlerMethodMapping$MappingRegistry register
INFO: Mapped &quot;{[/basicData/changeContacts],methods=[POST],produces=[text/plain;charset=UTF-8]}&quot; onto public java.lang.String ru.testingsystem.controllers.admin_room.BasicDataController.changeBasicTitles(java.lang.String,java.lang.String,java.lang.String)
Mar 09, 2018 12:14:39 PM org.springframework.web.servlet.handler.AbstractHandlerMethodMapping$MappingRegistry register
INFO: Mapped &quot;{[/basicData/changeTitles],methods=[POST],produces=[text/plain;charset=UTF-8]}&quot; onto public java.lang.String ru.testingsystem.controllers.admin_room.BasicDataController.changeBasicTitles(java.lang.String,java.lang.String)
Mar 09, 2018 12:14:39 PM org.springframework.web.servlet.handler.AbstractHandlerMethodMapping$MappingRegistry register
INFO: Mapped &quot;{[/basicData/changeDescriptions],methods=[POST],produces=[text/plain;charset=UTF-8]}&quot; onto public java.lang.String ru.testingsystem.controllers.admin_room.BasicDataController.changeBasicDescriptions(java.lang.String,java.lang.String)
Mar 09, 2018 12:14:39 PM org.springframework.web.servlet.handler.AbstractHandlerMethodMapping$MappingRegistry register
INFO: Mapped &quot;{[/basicData/showPage]}&quot; onto public org.springframework.web.servlet.ModelAndView ru.testingsystem.controllers.admin_room.AdminRoomController.showPage()
Mar 09, 2018 12:14:39 PM org.springframework.web.servlet.handler.AbstractHandlerMethodMapping$MappingRegistry register
INFO: Mapped &quot;{[/groups/addGroup],methods=[POST]}&quot; onto public java.util.List&lt;ru.testingsystem.data.entity.Group&gt; ru.testingsystem.controllers.admin_room.GroupsController.addGroup(java.lang.String)
Mar 09, 2018 12:14:39 PM org.springframework.web.servlet.handler.AbstractHandlerMethodMapping$MappingRegistry register
INFO: Mapped &quot;{[/groups/delGroup],methods=[POST]}&quot; onto public java.util.List&lt;ru.testingsystem.data.entity.Group&gt; ru.testingsystem.controllers.admin_room.GroupsController.removeGroup(java.lang.String)
Mar 09, 2018 12:14:39 PM org.springframework.web.servlet.handler.AbstractHandlerMethodMapping$MappingRegistry register
INFO: Mapped &quot;{[/groups/changeGroup],methods=[POST]}&quot; onto public java.util.List&lt;ru.testingsystem.data.entity.Group&gt; ru.testingsystem.controllers.admin_room.GroupsController.changeTitleGroup(java.lang.String,java.lang.String)
Mar 09, 2018 12:14:39 PM org.springframework.web.servlet.handler.AbstractHandlerMethodMapping$MappingRegistry register
INFO: Mapped &quot;{[/groups/showPage]}&quot; onto public org.springframework.web.servlet.ModelAndView ru.testingsystem.controllers.admin_room.AdminRoomController.showPage()
Mar 09, 2018 12:14:39 PM org.springframework.web.servlet.handler.AbstractHandlerMethodMapping$MappingRegistry register
INFO: Mapped &quot;{[/questions/addQuestion],methods=[POST]}&quot; onto public java.util.List&lt;ru.testingsystem.data.entity.Question&gt; ru.testingsystem.controllers.admin_room.QuestionsController.addQuestion(java.lang.String,java.lang.String)
Mar 09, 2018 12:14:39 PM org.springframework.web.servlet.handler.AbstractHandlerMethodMapping$MappingRegistry register
INFO: Mapped &quot;{[/questions/delQuestion],methods=[POST]}&quot; onto public java.util.List&lt;ru.testingsystem.data.entity.Question&gt; ru.testingsystem.controllers.admin_room.QuestionsController.removeQuestion(java.lang.String)
Mar 09, 2018 12:14:39 PM org.springframework.web.servlet.handler.AbstractHandlerMethodMapping$MappingRegistry register
INFO: Mapped &quot;{[/questions/changeQuestion],methods=[POST]}&quot; onto public java.util.List&lt;ru.testingsystem.data.entity.Question&gt; ru.testingsystem.controllers.admin_room.QuestionsController.changeQuestion(java.lang.String,java.lang.String,java.lang.String)
Mar 09, 2018 12:14:39 PM org.springframework.web.servlet.handler.AbstractHandlerMethodMapping$MappingRegistry register
INFO: Mapped &quot;{[/questions/addTestData],methods=[POST]}&quot; onto public java.util.List&lt;ru.testingsystem.data.entity.Question&gt; ru.testingsystem.controllers.admin_room.QuestionsController.addTestDataForQuestion(java.lang.String,java.lang.String,java.lang.String)
Mar 09, 2018 12:14:39 PM org.springframework.web.servlet.handler.AbstractHandlerMethodMapping$MappingRegistry register
INFO: Mapped &quot;{[/questions/showQuestion],methods=[GET]}&quot; onto public ru.testingsystem.data.entity.Question ru.testingsystem.controllers.admin_room.QuestionsController.showQuestion(java.lang.String)
Mar 09, 2018 12:14:39 PM org.springframework.web.servlet.handler.AbstractHandlerMethodMapping$MappingRegistry register
INFO: Mapped &quot;{[/questions/showPage]}&quot; onto public org.springframework.web.servlet.ModelAndView ru.testingsystem.controllers.admin_room.AdminRoomController.showPage()
Mar 09, 2018 12:14:39 PM org.springframework.web.servlet.handler.AbstractHandlerMethodMapping$MappingRegistry register
INFO: Mapped &quot;{[/results/sort],methods=[GET]}&quot; onto public java.util.List&lt;ru.testingsystem.data.entity.Result&gt; ru.testingsystem.controllers.admin_room.ResultsController.sortResultsTest(java.lang.String)
Mar 09, 2018 12:14:39 PM org.springframework.web.servlet.handler.AbstractHandlerMethodMapping$MappingRegistry register
INFO: Mapped &quot;{[/results/showPage]}&quot; onto public org.springframework.web.servlet.ModelAndView ru.testingsystem.controllers.admin_room.AdminRoomController.showPage()
Mar 09, 2018 12:14:39 PM org.springframework.web.servlet.handler.AbstractHandlerMethodMapping$MappingRegistry register
INFO: Mapped &quot;{[/users/delUser],methods=[POST]}&quot; onto public java.util.List&lt;ru.testingsystem.data.entity.User&gt; ru.testingsystem.controllers.admin_room.UsersController.removerUser(java.lang.String)
Mar 09, 2018 12:14:39 PM org.springframework.web.servlet.handler.AbstractHandlerMethodMapping$MappingRegistry register
INFO: Mapped &quot;{[/users/selectUsersFromGroup],methods=[POST]}&quot; onto public java.util.List&lt;ru.testingsystem.data.entity.User&gt; ru.testingsystem.controllers.admin_room.UsersController.selectUsersFromGroup(java.lang.String)
Mar 09, 2018 12:14:39 PM org.springframework.web.servlet.handler.AbstractHandlerMethodMapping$MappingRegistry register
INFO: Mapped &quot;{[/users/showPage]}&quot; onto public org.springframework.web.servlet.ModelAndView ru.testingsystem.controllers.admin_room.AdminRoomController.showPage()
Mar 09, 2018 12:14:39 PM org.springframework.web.servlet.mvc.method.annotation.RequestMappingHandlerAdapter initControllerAdviceCache
INFO: Looking for @ControllerAdvice: org.springframework.web.context.support.GenericWebApplicationContext@6aa3a905: startup date [Fri Mar 09 12:14:38 MSK 2018]; root of context hierarchy
Mar 09, 2018 12:14:39 PM org.springframework.web.servlet.mvc.method.annotation.RequestMappingHandlerAdapter initControllerAdviceCache
INFO: Looking for @ControllerAdvice: org.springframework.web.context.support.GenericWebApplicationContext@6aa3a905: startup date [Fri Mar 09 12:14:38 MSK 2018]; root of context hierarchy
Mar 09, 2018 12:14:39 PM org.springframework.context.support.AbstractApplicationContext refresh
WARNING: Exception encountered during context initialization - cancelling refresh attempt: org.springframework.beans.factory.BeanCreationException: Error creating bean with name &apos;basicDataDAOImpl&apos; defined in file [/home/vova/Desktop/ATS/src/target/classes/ru/testingsystem/data/dao/BasicDataDAOImpl.class]: Instantiation of bean failed; nested exception is org.springframework.beans.BeanInstantiationException: Failed to instantiate [ru.testingsystem.data.dao.BasicDataDAOImpl]: Constructor threw exception; nested exception is java.lang.NullPointerException
Mar 09, 2018 12:14:39 PM org.springframework.test.context.TestContextManager prepareTestInstance
SEVERE: Caught exception while allowing TestExecutionListener [org.springframework.test.context.web.ServletTestExecutionListener@253d9f73] to prepare test instance [ru.testingsystem.auethentification.AuethentificationTest@2e8e8225]
java.lang.IllegalStateException: Failed to load ApplicationContext
	at org.springframework.test.context.cache.DefaultCacheAwareContextLoaderDelegate.loadContext(DefaultCacheAwareContextLoaderDelegate.java:125)
	at org.springframework.test.context.support.DefaultTestContext.getApplicationContext(DefaultTestContext.java:107)
	at org.springframework.test.context.web.ServletTestExecutionListener.setUpRequestContextIfNecessary(ServletTestExecutionListener.java:190)
	at org.springframework.test.context.web.ServletTestExecutionListener.prepareTestInstance(ServletTestExecutionListener.java:132)
	at org.springframework.test.context.TestContextManager.prepareTestInstance(TestContextManager.java:242)
	at org.springframework.test.context.junit4.SpringJUnit4ClassRunner.createTest(SpringJUnit4ClassRunner.java:227)
	at org.springframework.test.context.junit4.SpringJUnit4ClassRunner$1.runReflectiveCall(SpringJUnit4ClassRunner.java:289)
	at org.junit.internal.runners.model.ReflectiveCallable.run(ReflectiveCallable.java:12)
	at org.springframework.test.context.junit4.SpringJUnit4ClassRunner.methodBlock(SpringJUnit4ClassRunner.java:291)
	at org.springframework.test.context.junit4.SpringJUnit4ClassRunner.runChild(SpringJUnit4ClassRunner.java:246)
	at org.springframework.test.context.junit4.SpringJUnit4ClassRunner.runChild(SpringJUnit4ClassRunner.java:97)
	at org.junit.runners.ParentRunner$3.run(ParentRunner.java:290)
	at org.junit.runners.ParentRunner$1.schedule(ParentRunner.java:71)
	at org.junit.runners.ParentRunner.runChildren(ParentRunner.java:288)
	at org.junit.runners.ParentRunner.access$000(ParentRunner.java:58)
	at org.junit.runners.ParentRunner$2.evaluate(ParentRunner.java:268)
	at org.springframework.test.context.junit4.statements.RunBeforeTestClassCallbacks.evaluate(RunBeforeTestClassCallbacks.java:61)
	at org.springframework.test.context.junit4.statements.RunAfterTestClassCallbacks.evaluate(RunAfterTestClassCallbacks.java:70)
	at org.junit.runners.ParentRunner.run(ParentRunner.java:363)
	at org.springframework.test.context.junit4.SpringJUnit4ClassRunner.run(SpringJUnit4ClassRunner.java:190)
	at org.apache.maven.surefire.junit4.JUnit4Provider.execute(JUnit4Provider.java:252)
	at org.apache.maven.surefire.junit4.JUnit4Provider.executeTestSet(JUnit4Provider.java:141)
	at org.apache.maven.surefire.junit4.JUnit4Provider.invoke(JUnit4Provider.java:112)
	at sun.reflect.NativeMethodAccessorImpl.invoke0(Native Method)
	at sun.reflect.NativeMethodAccessorImpl.invoke(NativeMethodAccessorImpl.java:62)
	at sun.reflect.DelegatingMethodAccessorImpl.invoke(DelegatingMethodAccessorImpl.java:43)
	at java.lang.reflect.Method.invoke(Method.java:498)
	at org.apache.maven.surefire.util.ReflectionUtils.invokeMethodWithArray(ReflectionUtils.java:189)
	at org.apache.maven.surefire.booter.ProviderFactory$ProviderProxy.invoke(ProviderFactory.java:165)
	at org.apache.maven.surefire.booter.ProviderFactory.invokeProvider(ProviderFactory.java:85)
	at org.apache.maven.surefire.booter.ForkedBooter.runSuitesInProcess(ForkedBooter.java:115)
	at org.apache.maven.surefire.booter.ForkedBooter.main(ForkedBooter.java:75)
Caused by: org.springframework.beans.factory.BeanCreationException: Error creating bean with name &apos;basicDataDAOImpl&apos; defined in file [/home/vova/Desktop/ATS/src/target/classes/ru/testingsystem/data/dao/BasicDataDAOImpl.class]: Instantiation of bean failed; nested exception is org.springframework.beans.BeanInstantiationException: Failed to instantiate [ru.testingsystem.data.dao.BasicDataDAOImpl]: Constructor threw exception; nested exception is java.lang.NullPointerException
	at org.springframework.beans.factory.support.AbstractAutowireCapableBeanFactory.instantiateBean(AbstractAutowireCapableBeanFactory.java:1232)
	at org.springframework.beans.factory.support.AbstractAutowireCapableBeanFactory.createBeanInstance(AbstractAutowireCapableBeanFactory.java:1131)
	at org.springframework.beans.factory.support.AbstractAutowireCapableBeanFactory.doCreateBean(AbstractAutowireCapableBeanFactory.java:545)
	at org.springframework.beans.factory.support.AbstractAutowireCapableBeanFactory.createBean(AbstractAutowireCapableBeanFactory.java:502)
	at org.springframework.beans.factory.support.AbstractBeanFactory.lambda$doGetBean$0(AbstractBeanFactory.java:312)
	at org.springframework.beans.factory.support.DefaultSingletonBeanRegistry.getSingleton(DefaultSingletonBeanRegistry.java:228)
	at org.springframework.beans.factory.support.AbstractBeanFactory.doGetBean(AbstractBeanFactory.java:310)
	at org.springframework.beans.factory.support.AbstractBeanFactory.getBean(AbstractBeanFactory.java:200)
	at org.springframework.beans.factory.support.DefaultListableBeanFactory.preInstantiateSingletons(DefaultListableBeanFactory.java:761)
	at org.springframework.context.support.AbstractApplicationContext.finishBeanFactoryInitialization(AbstractApplicationContext.java:868)
	at org.springframework.context.support.AbstractApplicationContext.refresh(AbstractApplicationContext.java:549)
	at org.springframework.test.context.web.AbstractGenericWebContextLoader.loadContext(AbstractGenericWebContextLoader.java:129)
	at org.springframework.test.context.web.AbstractGenericWebContextLoader.loadContext(AbstractGenericWebContextLoader.java:61)
	at org.springframework.test.context.support.AbstractDelegatingSmartContextLoader.delegateLoading(AbstractDelegatingSmartContextLoader.java:107)
	at org.springframework.test.context.support.AbstractDelegatingSmartContextLoader.loadContext(AbstractDelegatingSmartContextLoader.java:243)
	at org.springframework.test.context.cache.DefaultCacheAwareContextLoaderDelegate.loadContextInternal(DefaultCacheAwareContextLoaderDelegate.java:99)
	at org.springframework.test.context.cache.DefaultCacheAwareContextLoaderDelegate.loadContext(DefaultCacheAwareContextLoaderDelegate.java:117)
	... 31 more
Caused by: org.springframework.beans.BeanInstantiationException: Failed to instantiate [ru.testingsystem.data.dao.BasicDataDAOImpl]: Constructor threw exception; nested exception is java.lang.NullPointerException
	at org.springframework.beans.BeanUtils.instantiateClass(BeanUtils.java:182)
	at org.springframework.beans.factory.support.SimpleInstantiationStrategy.instantiate(SimpleInstantiationStrategy.java:87)
	at org.springframework.beans.factory.support.AbstractAutowireCapableBeanFactory.instantiateBean(AbstractAutowireCapableBeanFactory.java:1224)
	... 47 more
Caused by: java.lang.NullPointerException
	at ru.testingsystem.data.dao.BasicDataDAOImpl.loadDataFromDB(BasicDataDAOImpl.java:27)
	at ru.testingsystem.data.dao.BasicDataDAOImpl.&lt;init&gt;(BasicDataDAOImpl.java:20)
	at sun.reflect.NativeConstructorAccessorImpl.newInstance0(Native Method)
	at sun.reflect.NativeConstructorAccessorImpl.newInstance(NativeConstructorAccessorImpl.java:62)
	at sun.reflect.DelegatingConstructorAccessorImpl.newInstance(DelegatingConstructorAccessorImpl.java:45)
	at java.lang.reflect.Constructor.newInstance(Constructor.java:423)
	at org.springframework.beans.BeanUtils.instantiateClass(BeanUtils.java:170)
	... 49 more

</system-err>
  </testcase>
  <testcase classname="ru.testingsystem.auethentification.AuethentificationTest" name="notAuthenticateUserWithIncorrectPassword" time="0">
    <error message="Failed to load ApplicationContext" type="java.lang.IllegalStateException">java.lang.IllegalStateException: Failed to load ApplicationContext
	at org.springframework.test.context.cache.DefaultCacheAwareContextLoaderDelegate.loadContext(DefaultCacheAwareContextLoaderDelegate.java:125)
	at org.springframework.test.context.support.DefaultTestContext.getApplicationContext(DefaultTestContext.java:107)
	at org.springframework.test.context.web.ServletTestExecutionListener.setUpRequestContextIfNecessary(ServletTestExecutionListener.java:190)
	at org.springframework.test.context.web.ServletTestExecutionListener.prepareTestInstance(ServletTestExecutionListener.java:132)
	at org.springframework.test.context.TestContextManager.prepareTestInstance(TestContextManager.java:242)
	at org.springframework.test.context.junit4.SpringJUnit4ClassRunner.createTest(SpringJUnit4ClassRunner.java:227)
	at org.springframework.test.context.junit4.SpringJUnit4ClassRunner$1.runReflectiveCall(SpringJUnit4ClassRunner.java:289)
	at org.junit.internal.runners.model.ReflectiveCallable.run(ReflectiveCallable.java:12)
	at org.springframework.test.context.junit4.SpringJUnit4ClassRunner.methodBlock(SpringJUnit4ClassRunner.java:291)
	at org.springframework.test.context.junit4.SpringJUnit4ClassRunner.runChild(SpringJUnit4ClassRunner.java:246)
	at org.springframework.test.context.junit4.SpringJUnit4ClassRunner.runChild(SpringJUnit4ClassRunner.java:97)
	at org.junit.runners.ParentRunner$3.run(ParentRunner.java:290)
	at org.junit.runners.ParentRunner$1.schedule(ParentRunner.java:71)
	at org.junit.runners.ParentRunner.runChildren(ParentRunner.java:288)
	at org.junit.runners.ParentRunner.access$000(ParentRunner.java:58)
	at org.junit.runners.ParentRunner$2.evaluate(ParentRunner.java:268)
	at org.springframework.test.context.junit4.statements.RunBeforeTestClassCallbacks.evaluate(RunBeforeTestClassCallbacks.java:61)
	at org.springframework.test.context.junit4.statements.RunAfterTestClassCallbacks.evaluate(RunAfterTestClassCallbacks.java:70)
	at org.junit.runners.ParentRunner.run(ParentRunner.java:363)
	at org.springframework.test.context.junit4.SpringJUnit4ClassRunner.run(SpringJUnit4ClassRunner.java:190)
	at org.apache.maven.surefire.junit4.JUnit4Provider.execute(JUnit4Provider.java:252)
	at org.apache.maven.surefire.junit4.JUnit4Provider.executeTestSet(JUnit4Provider.java:141)
	at org.apache.maven.surefire.junit4.JUnit4Provider.invoke(JUnit4Provider.java:112)
	at sun.reflect.NativeMethodAccessorImpl.invoke0(Native Method)
	at sun.reflect.NativeMethodAccessorImpl.invoke(NativeMethodAccessorImpl.java:62)
	at sun.reflect.DelegatingMethodAccessorImpl.invoke(DelegatingMethodAccessorImpl.java:43)
	at java.lang.reflect.Method.invoke(Method.java:498)
	at org.apache.maven.surefire.util.ReflectionUtils.invokeMethodWithArray(ReflectionUtils.java:189)
	at org.apache.maven.surefire.booter.ProviderFactory$ProviderProxy.invoke(ProviderFactory.java:165)
	at org.apache.maven.surefire.booter.ProviderFactory.invokeProvider(ProviderFactory.java:85)
	at org.apache.maven.surefire.booter.ForkedBooter.runSuitesInProcess(ForkedBooter.java:115)
	at org.apache.maven.surefire.booter.ForkedBooter.main(ForkedBooter.java:75)
Caused by: org.springframework.beans.factory.BeanCreationException: Error creating bean with name &apos;basicDataDAOImpl&apos; defined in file [/home/vova/Desktop/ATS/src/target/classes/ru/testingsystem/data/dao/BasicDataDAOImpl.class]: Instantiation of bean failed; nested exception is org.springframework.beans.BeanInstantiationException: Failed to instantiate [ru.testingsystem.data.dao.BasicDataDAOImpl]: Constructor threw exception; nested exception is java.lang.NullPointerException
	at org.springframework.beans.factory.support.AbstractAutowireCapableBeanFactory.instantiateBean(AbstractAutowireCapableBeanFactory.java:1232)
	at org.springframework.beans.factory.support.AbstractAutowireCapableBeanFactory.createBeanInstance(AbstractAutowireCapableBeanFactory.java:1131)
	at org.springframework.beans.factory.support.AbstractAutowireCapableBeanFactory.doCreateBean(AbstractAutowireCapableBeanFactory.java:545)
	at org.springframework.beans.factory.support.AbstractAutowireCapableBeanFactory.createBean(AbstractAutowireCapableBeanFactory.java:502)
	at org.springframework.beans.factory.support.AbstractBeanFactory.lambda$doGetBean$0(AbstractBeanFactory.java:312)
	at org.springframework.beans.factory.support.DefaultSingletonBeanRegistry.getSingleton(DefaultSingletonBeanRegistry.java:228)
	at org.springframework.beans.factory.support.AbstractBeanFactory.doGetBean(AbstractBeanFactory.java:310)
	at org.springframework.beans.factory.support.AbstractBeanFactory.getBean(AbstractBeanFactory.java:200)
	at org.springframework.beans.factory.support.DefaultListableBeanFactory.preInstantiateSingletons(DefaultListableBeanFactory.java:761)
	at org.springframework.context.support.AbstractApplicationContext.finishBeanFactoryInitialization(AbstractApplicationContext.java:868)
	at org.springframework.context.support.AbstractApplicationContext.refresh(AbstractApplicationContext.java:549)
	at org.springframework.test.context.web.AbstractGenericWebContextLoader.loadContext(AbstractGenericWebContextLoader.java:129)
	at org.springframework.test.context.web.AbstractGenericWebContextLoader.loadContext(AbstractGenericWebContextLoader.java:61)
	at org.springframework.test.context.support.AbstractDelegatingSmartContextLoader.delegateLoading(AbstractDelegatingSmartContextLoader.java:107)
	at org.springframework.test.context.support.AbstractDelegatingSmartContextLoader.loadContext(AbstractDelegatingSmartContextLoader.java:243)
	at org.springframework.test.context.cache.DefaultCacheAwareContextLoaderDelegate.loadContextInternal(DefaultCacheAwareContextLoaderDelegate.java:99)
	at org.springframework.test.context.cache.DefaultCacheAwareContextLoaderDelegate.loadContext(DefaultCacheAwareContextLoaderDelegate.java:117)
	... 31 more
Caused by: org.springframework.beans.BeanInstantiationException: Failed to instantiate [ru.testingsystem.data.dao.BasicDataDAOImpl]: Constructor threw exception; nested exception is java.lang.NullPointerException
	at org.springframework.beans.BeanUtils.instantiateClass(BeanUtils.java:182)
	at org.springframework.beans.factory.support.SimpleInstantiationStrategy.instantiate(SimpleInstantiationStrategy.java:87)
	at org.springframework.beans.factory.support.AbstractAutowireCapableBeanFactory.instantiateBean(AbstractAutowireCapableBeanFactory.java:1224)
	... 47 more
Caused by: java.lang.NullPointerException
	at ru.testingsystem.data.dao.BasicDataDAOImpl.loadDataFromDB(BasicDataDAOImpl.java:27)
	at ru.testingsystem.data.dao.BasicDataDAOImpl.&lt;init&gt;(BasicDataDAOImpl.java:20)
	at sun.reflect.NativeConstructorAccessorImpl.newInstance0(Native Method)
	at sun.reflect.NativeConstructorAccessorImpl.newInstance(NativeConstructorAccessorImpl.java:62)
	at sun.reflect.DelegatingConstructorAccessorImpl.newInstance(DelegatingConstructorAccessorImpl.java:45)
	at java.lang.reflect.Constructor.newInstance(Constructor.java:423)
	at org.springframework.beans.BeanUtils.instantiateClass(BeanUtils.java:170)
	... 49 more
</error>
    <system-out>[main] ERROR ru.testingsystem.data.DataBase  - Error in the statement of SELECT query(SELECT b.name, b.data FROM basic_data b).
</system-out>
    <system-err>Mar 09, 2018 12:14:39 PM org.springframework.beans.factory.xml.XmlBeanDefinitionReader loadBeanDefinitions
INFO: Loading XML bean definitions from URL [file:/home/vova/Desktop/ATS/src/target/classes/spring-context.xml]
Mar 09, 2018 12:14:39 PM org.springframework.context.support.AbstractApplicationContext prepareRefresh
INFO: Refreshing org.springframework.web.context.support.GenericWebApplicationContext@6492fab5: startup date [Fri Mar 09 12:14:39 MSK 2018]; root of context hierarchy
Mar 09, 2018 12:14:39 PM org.springframework.beans.factory.support.DefaultListableBeanFactory registerBeanDefinition
INFO: Overriding bean definition for bean &apos;compilerC&apos; with a different definition: replacing [Generic bean: class [ru.testingsystem.olympiad.checking_task.compilers.CompilerC]; scope=singleton; abstract=false; lazyInit=false; autowireMode=0; dependencyCheck=0; autowireCandidate=true; primary=false; factoryBeanName=null; factoryMethodName=null; initMethodName=null; destroyMethodName=null; defined in file [/home/vova/Desktop/ATS/src/target/classes/ru/testingsystem/olympiad/checking_task/compilers/CompilerC.class]] with [Root bean: class [null]; scope=; abstract=false; lazyInit=false; autowireMode=3; dependencyCheck=0; autowireCandidate=true; primary=false; factoryBeanName=compilerConfig; factoryMethodName=compilerC; initMethodName=null; destroyMethodName=(inferred); defined in ru.testingsystem.configuration.CompilerConfig]
Mar 09, 2018 12:14:39 PM org.springframework.beans.factory.support.DefaultListableBeanFactory registerBeanDefinition
INFO: Overriding bean definition for bean &apos;compilerCpp&apos; with a different definition: replacing [Generic bean: class [ru.testingsystem.olympiad.checking_task.compilers.CompilerCpp]; scope=singleton; abstract=false; lazyInit=false; autowireMode=0; dependencyCheck=0; autowireCandidate=true; primary=false; factoryBeanName=null; factoryMethodName=null; initMethodName=null; destroyMethodName=null; defined in file [/home/vova/Desktop/ATS/src/target/classes/ru/testingsystem/olympiad/checking_task/compilers/CompilerCpp.class]] with [Root bean: class [null]; scope=; abstract=false; lazyInit=false; autowireMode=3; dependencyCheck=0; autowireCandidate=true; primary=false; factoryBeanName=compilerConfig; factoryMethodName=compilerCpp; initMethodName=null; destroyMethodName=(inferred); defined in ru.testingsystem.configuration.CompilerConfig]
Mar 09, 2018 12:14:39 PM org.springframework.beans.factory.support.DefaultListableBeanFactory registerBeanDefinition
INFO: Overriding bean definition for bean &apos;compilerJava&apos; with a different definition: replacing [Generic bean: class [ru.testingsystem.olympiad.checking_task.compilers.CompilerJava]; scope=singleton; abstract=false; lazyInit=false; autowireMode=0; dependencyCheck=0; autowireCandidate=true; primary=false; factoryBeanName=null; factoryMethodName=null; initMethodName=null; destroyMethodName=null; defined in file [/home/vova/Desktop/ATS/src/target/classes/ru/testingsystem/olympiad/checking_task/compilers/CompilerJava.class]] with [Root bean: class [null]; scope=; abstract=false; lazyInit=false; autowireMode=3; dependencyCheck=0; autowireCandidate=true; primary=false; factoryBeanName=compilerConfig; factoryMethodName=compilerJava; initMethodName=null; destroyMethodName=(inferred); defined in ru.testingsystem.configuration.CompilerConfig]
Mar 09, 2018 12:14:39 PM org.springframework.web.servlet.handler.AbstractHandlerMethodMapping$MappingRegistry register
INFO: Mapped &quot;{[/auethentification/logIn],methods=[POST]}&quot; onto public java.lang.String ru.testingsystem.controllers.AuethentificationController.logIn(java.lang.String,java.lang.String,javax.servlet.http.HttpServletResponse)
Mar 09, 2018 12:14:39 PM org.springframework.web.servlet.handler.AbstractHandlerMethodMapping$MappingRegistry register
INFO: Mapped &quot;{[/auethentification/SignUp],methods=[POST]}&quot; onto public java.lang.String ru.testingsystem.controllers.AuethentificationController.signUp(java.lang.String,java.lang.String,java.lang.String,java.lang.String)
Mar 09, 2018 12:14:39 PM org.springframework.web.servlet.handler.AbstractHandlerMethodMapping$MappingRegistry register
INFO: Mapped &quot;{[/auethentification/showPage],methods=[GET]}&quot; onto public org.springframework.web.servlet.ModelAndView ru.testingsystem.controllers.AuethentificationController.showPage()
Mar 09, 2018 12:14:39 PM org.springframework.web.servlet.handler.AbstractHandlerMethodMapping$MappingRegistry register
INFO: Mapped &quot;{[/finishOlympiad],methods=[GET]}&quot; onto public org.springframework.web.servlet.ModelAndView ru.testingsystem.controllers.FinishTestController.finishOlympiad()
Mar 09, 2018 12:14:39 PM org.springframework.web.servlet.handler.AbstractHandlerMethodMapping$MappingRegistry register
INFO: Mapped &quot;{[/],methods=[GET]}&quot; onto public org.springframework.web.servlet.ModelAndView ru.testingsystem.controllers.IndexController.showMainPage()
Mar 09, 2018 12:14:39 PM org.springframework.web.servlet.handler.AbstractHandlerMethodMapping$MappingRegistry register
INFO: Mapped &quot;{[/tasks/selectedTask],methods=[GET]}&quot; onto public ru.testingsystem.data.entity.Question ru.testingsystem.controllers.TasksController.showSelectedTask(java.lang.String)
Mar 09, 2018 12:14:39 PM org.springframework.web.servlet.handler.AbstractHandlerMethodMapping$MappingRegistry register
INFO: Mapped &quot;{[/tasks/showPage],methods=[GET]}&quot; onto public org.springframework.web.servlet.ModelAndView ru.testingsystem.controllers.TasksController.showPageTasks()
Mar 09, 2018 12:14:39 PM org.springframework.web.servlet.handler.AbstractHandlerMethodMapping$MappingRegistry register
INFO: Mapped &quot;{[/tasks/checkTask],methods=[POST],produces=[text/plain;charset=UTF-8]}&quot; onto public java.lang.String ru.testingsystem.controllers.TasksController.checkTask(java.lang.String,java.lang.String)
Mar 09, 2018 12:14:39 PM org.springframework.web.servlet.handler.AbstractHandlerMethodMapping$MappingRegistry register
INFO: Mapped &quot;{[/adminRoom/showPage]}&quot; onto public org.springframework.web.servlet.ModelAndView ru.testingsystem.controllers.admin_room.AdminRoomController.showPage()
Mar 09, 2018 12:14:39 PM org.springframework.web.servlet.handler.AbstractHandlerMethodMapping$MappingRegistry register
INFO: Mapped &quot;{[/basicData/changeContacts],methods=[POST],produces=[text/plain;charset=UTF-8]}&quot; onto public java.lang.String ru.testingsystem.controllers.admin_room.BasicDataController.changeBasicTitles(java.lang.String,java.lang.String,java.lang.String)
Mar 09, 2018 12:14:39 PM org.springframework.web.servlet.handler.AbstractHandlerMethodMapping$MappingRegistry register
INFO: Mapped &quot;{[/basicData/changeTitles],methods=[POST],produces=[text/plain;charset=UTF-8]}&quot; onto public java.lang.String ru.testingsystem.controllers.admin_room.BasicDataController.changeBasicTitles(java.lang.String,java.lang.String)
Mar 09, 2018 12:14:39 PM org.springframework.web.servlet.handler.AbstractHandlerMethodMapping$MappingRegistry register
INFO: Mapped &quot;{[/basicData/changeDescriptions],methods=[POST],produces=[text/plain;charset=UTF-8]}&quot; onto public java.lang.String ru.testingsystem.controllers.admin_room.BasicDataController.changeBasicDescriptions(java.lang.String,java.lang.String)
Mar 09, 2018 12:14:39 PM org.springframework.web.servlet.handler.AbstractHandlerMethodMapping$MappingRegistry register
INFO: Mapped &quot;{[/basicData/showPage]}&quot; onto public org.springframework.web.servlet.ModelAndView ru.testingsystem.controllers.admin_room.AdminRoomController.showPage()
Mar 09, 2018 12:14:39 PM org.springframework.web.servlet.handler.AbstractHandlerMethodMapping$MappingRegistry register
INFO: Mapped &quot;{[/groups/addGroup],methods=[POST]}&quot; onto public java.util.List&lt;ru.testingsystem.data.entity.Group&gt; ru.testingsystem.controllers.admin_room.GroupsController.addGroup(java.lang.String)
Mar 09, 2018 12:14:39 PM org.springframework.web.servlet.handler.AbstractHandlerMethodMapping$MappingRegistry register
INFO: Mapped &quot;{[/groups/delGroup],methods=[POST]}&quot; onto public java.util.List&lt;ru.testingsystem.data.entity.Group&gt; ru.testingsystem.controllers.admin_room.GroupsController.removeGroup(java.lang.String)
Mar 09, 2018 12:14:39 PM org.springframework.web.servlet.handler.AbstractHandlerMethodMapping$MappingRegistry register
INFO: Mapped &quot;{[/groups/changeGroup],methods=[POST]}&quot; onto public java.util.List&lt;ru.testingsystem.data.entity.Group&gt; ru.testingsystem.controllers.admin_room.GroupsController.changeTitleGroup(java.lang.String,java.lang.String)
Mar 09, 2018 12:14:39 PM org.springframework.web.servlet.handler.AbstractHandlerMethodMapping$MappingRegistry register
INFO: Mapped &quot;{[/groups/showPage]}&quot; onto public org.springframework.web.servlet.ModelAndView ru.testingsystem.controllers.admin_room.AdminRoomController.showPage()
Mar 09, 2018 12:14:39 PM org.springframework.web.servlet.handler.AbstractHandlerMethodMapping$MappingRegistry register
INFO: Mapped &quot;{[/questions/addQuestion],methods=[POST]}&quot; onto public java.util.List&lt;ru.testingsystem.data.entity.Question&gt; ru.testingsystem.controllers.admin_room.QuestionsController.addQuestion(java.lang.String,java.lang.String)
Mar 09, 2018 12:14:39 PM org.springframework.web.servlet.handler.AbstractHandlerMethodMapping$MappingRegistry register
INFO: Mapped &quot;{[/questions/delQuestion],methods=[POST]}&quot; onto public java.util.List&lt;ru.testingsystem.data.entity.Question&gt; ru.testingsystem.controllers.admin_room.QuestionsController.removeQuestion(java.lang.String)
Mar 09, 2018 12:14:39 PM org.springframework.web.servlet.handler.AbstractHandlerMethodMapping$MappingRegistry register
INFO: Mapped &quot;{[/questions/changeQuestion],methods=[POST]}&quot; onto public java.util.List&lt;ru.testingsystem.data.entity.Question&gt; ru.testingsystem.controllers.admin_room.QuestionsController.changeQuestion(java.lang.String,java.lang.String,java.lang.String)
Mar 09, 2018 12:14:39 PM org.springframework.web.servlet.handler.AbstractHandlerMethodMapping$MappingRegistry register
INFO: Mapped &quot;{[/questions/addTestData],methods=[POST]}&quot; onto public java.util.List&lt;ru.testingsystem.data.entity.Question&gt; ru.testingsystem.controllers.admin_room.QuestionsController.addTestDataForQuestion(java.lang.String,java.lang.String,java.lang.String)
Mar 09, 2018 12:14:39 PM org.springframework.web.servlet.handler.AbstractHandlerMethodMapping$MappingRegistry register
INFO: Mapped &quot;{[/questions/showQuestion],methods=[GET]}&quot; onto public ru.testingsystem.data.entity.Question ru.testingsystem.controllers.admin_room.QuestionsController.showQuestion(java.lang.String)
Mar 09, 2018 12:14:39 PM org.springframework.web.servlet.handler.AbstractHandlerMethodMapping$MappingRegistry register
INFO: Mapped &quot;{[/questions/showPage]}&quot; onto public org.springframework.web.servlet.ModelAndView ru.testingsystem.controllers.admin_room.AdminRoomController.showPage()
Mar 09, 2018 12:14:39 PM org.springframework.web.servlet.handler.AbstractHandlerMethodMapping$MappingRegistry register
INFO: Mapped &quot;{[/results/sort],methods=[GET]}&quot; onto public java.util.List&lt;ru.testingsystem.data.entity.Result&gt; ru.testingsystem.controllers.admin_room.ResultsController.sortResultsTest(java.lang.String)
Mar 09, 2018 12:14:39 PM org.springframework.web.servlet.handler.AbstractHandlerMethodMapping$MappingRegistry register
INFO: Mapped &quot;{[/results/showPage]}&quot; onto public org.springframework.web.servlet.ModelAndView ru.testingsystem.controllers.admin_room.AdminRoomController.showPage()
Mar 09, 2018 12:14:39 PM org.springframework.web.servlet.handler.AbstractHandlerMethodMapping$MappingRegistry register
INFO: Mapped &quot;{[/users/delUser],methods=[POST]}&quot; onto public java.util.List&lt;ru.testingsystem.data.entity.User&gt; ru.testingsystem.controllers.admin_room.UsersController.removerUser(java.lang.String)
Mar 09, 2018 12:14:39 PM org.springframework.web.servlet.handler.AbstractHandlerMethodMapping$MappingRegistry register
INFO: Mapped &quot;{[/users/selectUsersFromGroup],methods=[POST]}&quot; onto public java.util.List&lt;ru.testingsystem.data.entity.User&gt; ru.testingsystem.controllers.admin_room.UsersController.selectUsersFromGroup(java.lang.String)
Mar 09, 2018 12:14:39 PM org.springframework.web.servlet.handler.AbstractHandlerMethodMapping$MappingRegistry register
INFO: Mapped &quot;{[/users/showPage]}&quot; onto public org.springframework.web.servlet.ModelAndView ru.testingsystem.controllers.admin_room.AdminRoomController.showPage()
Mar 09, 2018 12:14:39 PM org.springframework.web.servlet.mvc.method.annotation.RequestMappingHandlerAdapter initControllerAdviceCache
INFO: Looking for @ControllerAdvice: org.springframework.web.context.support.GenericWebApplicationContext@6492fab5: startup date [Fri Mar 09 12:14:39 MSK 2018]; root of context hierarchy
Mar 09, 2018 12:14:39 PM org.springframework.web.servlet.mvc.method.annotation.RequestMappingHandlerAdapter initControllerAdviceCache
INFO: Looking for @ControllerAdvice: org.springframework.web.context.support.GenericWebApplicationContext@6492fab5: startup date [Fri Mar 09 12:14:39 MSK 2018]; root of context hierarchy
Mar 09, 2018 12:14:39 PM org.springframework.context.support.AbstractApplicationContext refresh
WARNING: Exception encountered during context initialization - cancelling refresh attempt: org.springframework.beans.factory.BeanCreationException: Error creating bean with name &apos;basicDataDAOImpl&apos; defined in file [/home/vova/Desktop/ATS/src/target/classes/ru/testingsystem/data/dao/BasicDataDAOImpl.class]: Instantiation of bean failed; nested exception is org.springframework.beans.BeanInstantiationException: Failed to instantiate [ru.testingsystem.data.dao.BasicDataDAOImpl]: Constructor threw exception; nested exception is java.lang.NullPointerException
Mar 09, 2018 12:14:39 PM org.springframework.test.context.TestContextManager prepareTestInstance
SEVERE: Caught exception while allowing TestExecutionListener [org.springframework.test.context.web.ServletTestExecutionListener@253d9f73] to prepare test instance [ru.testingsystem.auethentification.AuethentificationTest@1a45193b]
java.lang.IllegalStateException: Failed to load ApplicationContext
	at org.springframework.test.context.cache.DefaultCacheAwareContextLoaderDelegate.loadContext(DefaultCacheAwareContextLoaderDelegate.java:125)
	at org.springframework.test.context.support.DefaultTestContext.getApplicationContext(DefaultTestContext.java:107)
	at org.springframework.test.context.web.ServletTestExecutionListener.setUpRequestContextIfNecessary(ServletTestExecutionListener.java:190)
	at org.springframework.test.context.web.ServletTestExecutionListener.prepareTestInstance(ServletTestExecutionListener.java:132)
	at org.springframework.test.context.TestContextManager.prepareTestInstance(TestContextManager.java:242)
	at org.springframework.test.context.junit4.SpringJUnit4ClassRunner.createTest(SpringJUnit4ClassRunner.java:227)
	at org.springframework.test.context.junit4.SpringJUnit4ClassRunner$1.runReflectiveCall(SpringJUnit4ClassRunner.java:289)
	at org.junit.internal.runners.model.ReflectiveCallable.run(ReflectiveCallable.java:12)
	at org.springframework.test.context.junit4.SpringJUnit4ClassRunner.methodBlock(SpringJUnit4ClassRunner.java:291)
	at org.springframework.test.context.junit4.SpringJUnit4ClassRunner.runChild(SpringJUnit4ClassRunner.java:246)
	at org.springframework.test.context.junit4.SpringJUnit4ClassRunner.runChild(SpringJUnit4ClassRunner.java:97)
	at org.junit.runners.ParentRunner$3.run(ParentRunner.java:290)
	at org.junit.runners.ParentRunner$1.schedule(ParentRunner.java:71)
	at org.junit.runners.ParentRunner.runChildren(ParentRunner.java:288)
	at org.junit.runners.ParentRunner.access$000(ParentRunner.java:58)
	at org.junit.runners.ParentRunner$2.evaluate(ParentRunner.java:268)
	at org.springframework.test.context.junit4.statements.RunBeforeTestClassCallbacks.evaluate(RunBeforeTestClassCallbacks.java:61)
	at org.springframework.test.context.junit4.statements.RunAfterTestClassCallbacks.evaluate(RunAfterTestClassCallbacks.java:70)
	at org.junit.runners.ParentRunner.run(ParentRunner.java:363)
	at org.springframework.test.context.junit4.SpringJUnit4ClassRunner.run(SpringJUnit4ClassRunner.java:190)
	at org.apache.maven.surefire.junit4.JUnit4Provider.execute(JUnit4Provider.java:252)
	at org.apache.maven.surefire.junit4.JUnit4Provider.executeTestSet(JUnit4Provider.java:141)
	at org.apache.maven.surefire.junit4.JUnit4Provider.invoke(JUnit4Provider.java:112)
	at sun.reflect.NativeMethodAccessorImpl.invoke0(Native Method)
	at sun.reflect.NativeMethodAccessorImpl.invoke(NativeMethodAccessorImpl.java:62)
	at sun.reflect.DelegatingMethodAccessorImpl.invoke(DelegatingMethodAccessorImpl.java:43)
	at java.lang.reflect.Method.invoke(Method.java:498)
	at org.apache.maven.surefire.util.ReflectionUtils.invokeMethodWithArray(ReflectionUtils.java:189)
	at org.apache.maven.surefire.booter.ProviderFactory$ProviderProxy.invoke(ProviderFactory.java:165)
	at org.apache.maven.surefire.booter.ProviderFactory.invokeProvider(ProviderFactory.java:85)
	at org.apache.maven.surefire.booter.ForkedBooter.runSuitesInProcess(ForkedBooter.java:115)
	at org.apache.maven.surefire.booter.ForkedBooter.main(ForkedBooter.java:75)
Caused by: org.springframework.beans.factory.BeanCreationException: Error creating bean with name &apos;basicDataDAOImpl&apos; defined in file [/home/vova/Desktop/ATS/src/target/classes/ru/testingsystem/data/dao/BasicDataDAOImpl.class]: Instantiation of bean failed; nested exception is org.springframework.beans.BeanInstantiationException: Failed to instantiate [ru.testingsystem.data.dao.BasicDataDAOImpl]: Constructor threw exception; nested exception is java.lang.NullPointerException
	at org.springframework.beans.factory.support.AbstractAutowireCapableBeanFactory.instantiateBean(AbstractAutowireCapableBeanFactory.java:1232)
	at org.springframework.beans.factory.support.AbstractAutowireCapableBeanFactory.createBeanInstance(AbstractAutowireCapableBeanFactory.java:1131)
	at org.springframework.beans.factory.support.AbstractAutowireCapableBeanFactory.doCreateBean(AbstractAutowireCapableBeanFactory.java:545)
	at org.springframework.beans.factory.support.AbstractAutowireCapableBeanFactory.createBean(AbstractAutowireCapableBeanFactory.java:502)
	at org.springframework.beans.factory.support.AbstractBeanFactory.lambda$doGetBean$0(AbstractBeanFactory.java:312)
	at org.springframework.beans.factory.support.DefaultSingletonBeanRegistry.getSingleton(DefaultSingletonBeanRegistry.java:228)
	at org.springframework.beans.factory.support.AbstractBeanFactory.doGetBean(AbstractBeanFactory.java:310)
	at org.springframework.beans.factory.support.AbstractBeanFactory.getBean(AbstractBeanFactory.java:200)
	at org.springframework.beans.factory.support.DefaultListableBeanFactory.preInstantiateSingletons(DefaultListableBeanFactory.java:761)
	at org.springframework.context.support.AbstractApplicationContext.finishBeanFactoryInitialization(AbstractApplicationContext.java:868)
	at org.springframework.context.support.AbstractApplicationContext.refresh(AbstractApplicationContext.java:549)
	at org.springframework.test.context.web.AbstractGenericWebContextLoader.loadContext(AbstractGenericWebContextLoader.java:129)
	at org.springframework.test.context.web.AbstractGenericWebContextLoader.loadContext(AbstractGenericWebContextLoader.java:61)
	at org.springframework.test.context.support.AbstractDelegatingSmartContextLoader.delegateLoading(AbstractDelegatingSmartContextLoader.java:107)
	at org.springframework.test.context.support.AbstractDelegatingSmartContextLoader.loadContext(AbstractDelegatingSmartContextLoader.java:243)
	at org.springframework.test.context.cache.DefaultCacheAwareContextLoaderDelegate.loadContextInternal(DefaultCacheAwareContextLoaderDelegate.java:99)
	at org.springframework.test.context.cache.DefaultCacheAwareContextLoaderDelegate.loadContext(DefaultCacheAwareContextLoaderDelegate.java:117)
	... 31 more
Caused by: org.springframework.beans.BeanInstantiationException: Failed to instantiate [ru.testingsystem.data.dao.BasicDataDAOImpl]: Constructor threw exception; nested exception is java.lang.NullPointerException
	at org.springframework.beans.BeanUtils.instantiateClass(BeanUtils.java:182)
	at org.springframework.beans.factory.support.SimpleInstantiationStrategy.instantiate(SimpleInstantiationStrategy.java:87)
	at org.springframework.beans.factory.support.AbstractAutowireCapableBeanFactory.instantiateBean(AbstractAutowireCapableBeanFactory.java:1224)
	... 47 more
Caused by: java.lang.NullPointerException
	at ru.testingsystem.data.dao.BasicDataDAOImpl.loadDataFromDB(BasicDataDAOImpl.java:27)
	at ru.testingsystem.data.dao.BasicDataDAOImpl.&lt;init&gt;(BasicDataDAOImpl.java:20)
	at sun.reflect.NativeConstructorAccessorImpl.newInstance0(Native Method)
	at sun.reflect.NativeConstructorAccessorImpl.newInstance(NativeConstructorAccessorImpl.java:62)
	at sun.reflect.DelegatingConstructorAccessorImpl.newInstance(DelegatingConstructorAccessorImpl.java:45)
	at java.lang.reflect.Constructor.newInstance(Constructor.java:423)
	at org.springframework.beans.BeanUtils.instantiateClass(BeanUtils.java:170)
	... 49 more

</system-err>
  </testcase>
  <testcase classname="ru.testingsystem.auethentification.AuethentificationTest" name="notAuthenticateUserWithIncorrectLoginAndPassword" time="0.001">
    <error message="Failed to load ApplicationContext" type="java.lang.IllegalStateException">java.lang.IllegalStateException: Failed to load ApplicationContext
	at org.springframework.test.context.cache.DefaultCacheAwareContextLoaderDelegate.loadContext(DefaultCacheAwareContextLoaderDelegate.java:125)
	at org.springframework.test.context.support.DefaultTestContext.getApplicationContext(DefaultTestContext.java:107)
	at org.springframework.test.context.web.ServletTestExecutionListener.setUpRequestContextIfNecessary(ServletTestExecutionListener.java:190)
	at org.springframework.test.context.web.ServletTestExecutionListener.prepareTestInstance(ServletTestExecutionListener.java:132)
	at org.springframework.test.context.TestContextManager.prepareTestInstance(TestContextManager.java:242)
	at org.springframework.test.context.junit4.SpringJUnit4ClassRunner.createTest(SpringJUnit4ClassRunner.java:227)
	at org.springframework.test.context.junit4.SpringJUnit4ClassRunner$1.runReflectiveCall(SpringJUnit4ClassRunner.java:289)
	at org.junit.internal.runners.model.ReflectiveCallable.run(ReflectiveCallable.java:12)
	at org.springframework.test.context.junit4.SpringJUnit4ClassRunner.methodBlock(SpringJUnit4ClassRunner.java:291)
	at org.springframework.test.context.junit4.SpringJUnit4ClassRunner.runChild(SpringJUnit4ClassRunner.java:246)
	at org.springframework.test.context.junit4.SpringJUnit4ClassRunner.runChild(SpringJUnit4ClassRunner.java:97)
	at org.junit.runners.ParentRunner$3.run(ParentRunner.java:290)
	at org.junit.runners.ParentRunner$1.schedule(ParentRunner.java:71)
	at org.junit.runners.ParentRunner.runChildren(ParentRunner.java:288)
	at org.junit.runners.ParentRunner.access$000(ParentRunner.java:58)
	at org.junit.runners.ParentRunner$2.evaluate(ParentRunner.java:268)
	at org.springframework.test.context.junit4.statements.RunBeforeTestClassCallbacks.evaluate(RunBeforeTestClassCallbacks.java:61)
	at org.springframework.test.context.junit4.statements.RunAfterTestClassCallbacks.evaluate(RunAfterTestClassCallbacks.java:70)
	at org.junit.runners.ParentRunner.run(ParentRunner.java:363)
	at org.springframework.test.context.junit4.SpringJUnit4ClassRunner.run(SpringJUnit4ClassRunner.java:190)
	at org.apache.maven.surefire.junit4.JUnit4Provider.execute(JUnit4Provider.java:252)
	at org.apache.maven.surefire.junit4.JUnit4Provider.executeTestSet(JUnit4Provider.java:141)
	at org.apache.maven.surefire.junit4.JUnit4Provider.invoke(JUnit4Provider.java:112)
	at sun.reflect.NativeMethodAccessorImpl.invoke0(Native Method)
	at sun.reflect.NativeMethodAccessorImpl.invoke(NativeMethodAccessorImpl.java:62)
	at sun.reflect.DelegatingMethodAccessorImpl.invoke(DelegatingMethodAccessorImpl.java:43)
	at java.lang.reflect.Method.invoke(Method.java:498)
	at org.apache.maven.surefire.util.ReflectionUtils.invokeMethodWithArray(ReflectionUtils.java:189)
	at org.apache.maven.surefire.booter.ProviderFactory$ProviderProxy.invoke(ProviderFactory.java:165)
	at org.apache.maven.surefire.booter.ProviderFactory.invokeProvider(ProviderFactory.java:85)
	at org.apache.maven.surefire.booter.ForkedBooter.runSuitesInProcess(ForkedBooter.java:115)
	at org.apache.maven.surefire.booter.ForkedBooter.main(ForkedBooter.java:75)
Caused by: org.springframework.beans.factory.BeanCreationException: Error creating bean with name &apos;basicDataDAOImpl&apos; defined in file [/home/vova/Desktop/ATS/src/target/classes/ru/testingsystem/data/dao/BasicDataDAOImpl.class]: Instantiation of bean failed; nested exception is org.springframework.beans.BeanInstantiationException: Failed to instantiate [ru.testingsystem.data.dao.BasicDataDAOImpl]: Constructor threw exception; nested exception is java.lang.NullPointerException
	at org.springframework.beans.factory.support.AbstractAutowireCapableBeanFactory.instantiateBean(AbstractAutowireCapableBeanFactory.java:1232)
	at org.springframework.beans.factory.support.AbstractAutowireCapableBeanFactory.createBeanInstance(AbstractAutowireCapableBeanFactory.java:1131)
	at org.springframework.beans.factory.support.AbstractAutowireCapableBeanFactory.doCreateBean(AbstractAutowireCapableBeanFactory.java:545)
	at org.springframework.beans.factory.support.AbstractAutowireCapableBeanFactory.createBean(AbstractAutowireCapableBeanFactory.java:502)
	at org.springframework.beans.factory.support.AbstractBeanFactory.lambda$doGetBean$0(AbstractBeanFactory.java:312)
	at org.springframework.beans.factory.support.DefaultSingletonBeanRegistry.getSingleton(DefaultSingletonBeanRegistry.java:228)
	at org.springframework.beans.factory.support.AbstractBeanFactory.doGetBean(AbstractBeanFactory.java:310)
	at org.springframework.beans.factory.support.AbstractBeanFactory.getBean(AbstractBeanFactory.java:200)
	at org.springframework.beans.factory.support.DefaultListableBeanFactory.preInstantiateSingletons(DefaultListableBeanFactory.java:761)
	at org.springframework.context.support.AbstractApplicationContext.finishBeanFactoryInitialization(AbstractApplicationContext.java:868)
	at org.springframework.context.support.AbstractApplicationContext.refresh(AbstractApplicationContext.java:549)
	at org.springframework.test.context.web.AbstractGenericWebContextLoader.loadContext(AbstractGenericWebContextLoader.java:129)
	at org.springframework.test.context.web.AbstractGenericWebContextLoader.loadContext(AbstractGenericWebContextLoader.java:61)
	at org.springframework.test.context.support.AbstractDelegatingSmartContextLoader.delegateLoading(AbstractDelegatingSmartContextLoader.java:107)
	at org.springframework.test.context.support.AbstractDelegatingSmartContextLoader.loadContext(AbstractDelegatingSmartContextLoader.java:243)
	at org.springframework.test.context.cache.DefaultCacheAwareContextLoaderDelegate.loadContextInternal(DefaultCacheAwareContextLoaderDelegate.java:99)
	at org.springframework.test.context.cache.DefaultCacheAwareContextLoaderDelegate.loadContext(DefaultCacheAwareContextLoaderDelegate.java:117)
	... 31 more
Caused by: org.springframework.beans.BeanInstantiationException: Failed to instantiate [ru.testingsystem.data.dao.BasicDataDAOImpl]: Constructor threw exception; nested exception is java.lang.NullPointerException
	at org.springframework.beans.BeanUtils.instantiateClass(BeanUtils.java:182)
	at org.springframework.beans.factory.support.SimpleInstantiationStrategy.instantiate(SimpleInstantiationStrategy.java:87)
	at org.springframework.beans.factory.support.AbstractAutowireCapableBeanFactory.instantiateBean(AbstractAutowireCapableBeanFactory.java:1224)
	... 47 more
Caused by: java.lang.NullPointerException
	at ru.testingsystem.data.dao.BasicDataDAOImpl.loadDataFromDB(BasicDataDAOImpl.java:27)
	at ru.testingsystem.data.dao.BasicDataDAOImpl.&lt;init&gt;(BasicDataDAOImpl.java:20)
	at sun.reflect.NativeConstructorAccessorImpl.newInstance0(Native Method)
	at sun.reflect.NativeConstructorAccessorImpl.newInstance(NativeConstructorAccessorImpl.java:62)
	at sun.reflect.DelegatingConstructorAccessorImpl.newInstance(DelegatingConstructorAccessorImpl.java:45)
	at java.lang.reflect.Constructor.newInstance(Constructor.java:423)
	at org.springframework.beans.BeanUtils.instantiateClass(BeanUtils.java:170)
	... 49 more
</error>
    <system-out>[main] ERROR ru.testingsystem.data.DataBase  - Error in the statement of SELECT query(SELECT b.name, b.data FROM basic_data b).
</system-out>
    <system-err>Mar 09, 2018 12:14:39 PM org.springframework.beans.factory.xml.XmlBeanDefinitionReader loadBeanDefinitions
INFO: Loading XML bean definitions from URL [file:/home/vova/Desktop/ATS/src/target/classes/spring-context.xml]
Mar 09, 2018 12:14:39 PM org.springframework.context.support.AbstractApplicationContext prepareRefresh
INFO: Refreshing org.springframework.web.context.support.GenericWebApplicationContext@6c25e6c4: startup date [Fri Mar 09 12:14:39 MSK 2018]; root of context hierarchy
Mar 09, 2018 12:14:39 PM org.springframework.beans.factory.support.DefaultListableBeanFactory registerBeanDefinition
INFO: Overriding bean definition for bean &apos;compilerC&apos; with a different definition: replacing [Generic bean: class [ru.testingsystem.olympiad.checking_task.compilers.CompilerC]; scope=singleton; abstract=false; lazyInit=false; autowireMode=0; dependencyCheck=0; autowireCandidate=true; primary=false; factoryBeanName=null; factoryMethodName=null; initMethodName=null; destroyMethodName=null; defined in file [/home/vova/Desktop/ATS/src/target/classes/ru/testingsystem/olympiad/checking_task/compilers/CompilerC.class]] with [Root bean: class [null]; scope=; abstract=false; lazyInit=false; autowireMode=3; dependencyCheck=0; autowireCandidate=true; primary=false; factoryBeanName=compilerConfig; factoryMethodName=compilerC; initMethodName=null; destroyMethodName=(inferred); defined in ru.testingsystem.configuration.CompilerConfig]
Mar 09, 2018 12:14:39 PM org.springframework.beans.factory.support.DefaultListableBeanFactory registerBeanDefinition
INFO: Overriding bean definition for bean &apos;compilerCpp&apos; with a different definition: replacing [Generic bean: class [ru.testingsystem.olympiad.checking_task.compilers.CompilerCpp]; scope=singleton; abstract=false; lazyInit=false; autowireMode=0; dependencyCheck=0; autowireCandidate=true; primary=false; factoryBeanName=null; factoryMethodName=null; initMethodName=null; destroyMethodName=null; defined in file [/home/vova/Desktop/ATS/src/target/classes/ru/testingsystem/olympiad/checking_task/compilers/CompilerCpp.class]] with [Root bean: class [null]; scope=; abstract=false; lazyInit=false; autowireMode=3; dependencyCheck=0; autowireCandidate=true; primary=false; factoryBeanName=compilerConfig; factoryMethodName=compilerCpp; initMethodName=null; destroyMethodName=(inferred); defined in ru.testingsystem.configuration.CompilerConfig]
Mar 09, 2018 12:14:39 PM org.springframework.beans.factory.support.DefaultListableBeanFactory registerBeanDefinition
INFO: Overriding bean definition for bean &apos;compilerJava&apos; with a different definition: replacing [Generic bean: class [ru.testingsystem.olympiad.checking_task.compilers.CompilerJava]; scope=singleton; abstract=false; lazyInit=false; autowireMode=0; dependencyCheck=0; autowireCandidate=true; primary=false; factoryBeanName=null; factoryMethodName=null; initMethodName=null; destroyMethodName=null; defined in file [/home/vova/Desktop/ATS/src/target/classes/ru/testingsystem/olympiad/checking_task/compilers/CompilerJava.class]] with [Root bean: class [null]; scope=; abstract=false; lazyInit=false; autowireMode=3; dependencyCheck=0; autowireCandidate=true; primary=false; factoryBeanName=compilerConfig; factoryMethodName=compilerJava; initMethodName=null; destroyMethodName=(inferred); defined in ru.testingsystem.configuration.CompilerConfig]
Mar 09, 2018 12:14:40 PM org.springframework.web.servlet.handler.AbstractHandlerMethodMapping$MappingRegistry register
INFO: Mapped &quot;{[/auethentification/logIn],methods=[POST]}&quot; onto public java.lang.String ru.testingsystem.controllers.AuethentificationController.logIn(java.lang.String,java.lang.String,javax.servlet.http.HttpServletResponse)
Mar 09, 2018 12:14:40 PM org.springframework.web.servlet.handler.AbstractHandlerMethodMapping$MappingRegistry register
INFO: Mapped &quot;{[/auethentification/SignUp],methods=[POST]}&quot; onto public java.lang.String ru.testingsystem.controllers.AuethentificationController.signUp(java.lang.String,java.lang.String,java.lang.String,java.lang.String)
Mar 09, 2018 12:14:40 PM org.springframework.web.servlet.handler.AbstractHandlerMethodMapping$MappingRegistry register
INFO: Mapped &quot;{[/auethentification/showPage],methods=[GET]}&quot; onto public org.springframework.web.servlet.ModelAndView ru.testingsystem.controllers.AuethentificationController.showPage()
Mar 09, 2018 12:14:40 PM org.springframework.web.servlet.handler.AbstractHandlerMethodMapping$MappingRegistry register
INFO: Mapped &quot;{[/finishOlympiad],methods=[GET]}&quot; onto public org.springframework.web.servlet.ModelAndView ru.testingsystem.controllers.FinishTestController.finishOlympiad()
Mar 09, 2018 12:14:40 PM org.springframework.web.servlet.handler.AbstractHandlerMethodMapping$MappingRegistry register
INFO: Mapped &quot;{[/],methods=[GET]}&quot; onto public org.springframework.web.servlet.ModelAndView ru.testingsystem.controllers.IndexController.showMainPage()
Mar 09, 2018 12:14:40 PM org.springframework.web.servlet.handler.AbstractHandlerMethodMapping$MappingRegistry register
INFO: Mapped &quot;{[/tasks/selectedTask],methods=[GET]}&quot; onto public ru.testingsystem.data.entity.Question ru.testingsystem.controllers.TasksController.showSelectedTask(java.lang.String)
Mar 09, 2018 12:14:40 PM org.springframework.web.servlet.handler.AbstractHandlerMethodMapping$MappingRegistry register
INFO: Mapped &quot;{[/tasks/showPage],methods=[GET]}&quot; onto public org.springframework.web.servlet.ModelAndView ru.testingsystem.controllers.TasksController.showPageTasks()
Mar 09, 2018 12:14:40 PM org.springframework.web.servlet.handler.AbstractHandlerMethodMapping$MappingRegistry register
INFO: Mapped &quot;{[/tasks/checkTask],methods=[POST],produces=[text/plain;charset=UTF-8]}&quot; onto public java.lang.String ru.testingsystem.controllers.TasksController.checkTask(java.lang.String,java.lang.String)
Mar 09, 2018 12:14:40 PM org.springframework.web.servlet.handler.AbstractHandlerMethodMapping$MappingRegistry register
INFO: Mapped &quot;{[/adminRoom/showPage]}&quot; onto public org.springframework.web.servlet.ModelAndView ru.testingsystem.controllers.admin_room.AdminRoomController.showPage()
Mar 09, 2018 12:14:40 PM org.springframework.web.servlet.handler.AbstractHandlerMethodMapping$MappingRegistry register
INFO: Mapped &quot;{[/basicData/changeContacts],methods=[POST],produces=[text/plain;charset=UTF-8]}&quot; onto public java.lang.String ru.testingsystem.controllers.admin_room.BasicDataController.changeBasicTitles(java.lang.String,java.lang.String,java.lang.String)
Mar 09, 2018 12:14:40 PM org.springframework.web.servlet.handler.AbstractHandlerMethodMapping$MappingRegistry register
INFO: Mapped &quot;{[/basicData/changeTitles],methods=[POST],produces=[text/plain;charset=UTF-8]}&quot; onto public java.lang.String ru.testingsystem.controllers.admin_room.BasicDataController.changeBasicTitles(java.lang.String,java.lang.String)
Mar 09, 2018 12:14:40 PM org.springframework.web.servlet.handler.AbstractHandlerMethodMapping$MappingRegistry register
INFO: Mapped &quot;{[/basicData/changeDescriptions],methods=[POST],produces=[text/plain;charset=UTF-8]}&quot; onto public java.lang.String ru.testingsystem.controllers.admin_room.BasicDataController.changeBasicDescriptions(java.lang.String,java.lang.String)
Mar 09, 2018 12:14:40 PM org.springframework.web.servlet.handler.AbstractHandlerMethodMapping$MappingRegistry register
INFO: Mapped &quot;{[/basicData/showPage]}&quot; onto public org.springframework.web.servlet.ModelAndView ru.testingsystem.controllers.admin_room.AdminRoomController.showPage()
Mar 09, 2018 12:14:40 PM org.springframework.web.servlet.handler.AbstractHandlerMethodMapping$MappingRegistry register
INFO: Mapped &quot;{[/groups/addGroup],methods=[POST]}&quot; onto public java.util.List&lt;ru.testingsystem.data.entity.Group&gt; ru.testingsystem.controllers.admin_room.GroupsController.addGroup(java.lang.String)
Mar 09, 2018 12:14:40 PM org.springframework.web.servlet.handler.AbstractHandlerMethodMapping$MappingRegistry register
INFO: Mapped &quot;{[/groups/delGroup],methods=[POST]}&quot; onto public java.util.List&lt;ru.testingsystem.data.entity.Group&gt; ru.testingsystem.controllers.admin_room.GroupsController.removeGroup(java.lang.String)
Mar 09, 2018 12:14:40 PM org.springframework.web.servlet.handler.AbstractHandlerMethodMapping$MappingRegistry register
INFO: Mapped &quot;{[/groups/changeGroup],methods=[POST]}&quot; onto public java.util.List&lt;ru.testingsystem.data.entity.Group&gt; ru.testingsystem.controllers.admin_room.GroupsController.changeTitleGroup(java.lang.String,java.lang.String)
Mar 09, 2018 12:14:40 PM org.springframework.web.servlet.handler.AbstractHandlerMethodMapping$MappingRegistry register
INFO: Mapped &quot;{[/groups/showPage]}&quot; onto public org.springframework.web.servlet.ModelAndView ru.testingsystem.controllers.admin_room.AdminRoomController.showPage()
Mar 09, 2018 12:14:40 PM org.springframework.web.servlet.handler.AbstractHandlerMethodMapping$MappingRegistry register
INFO: Mapped &quot;{[/questions/addQuestion],methods=[POST]}&quot; onto public java.util.List&lt;ru.testingsystem.data.entity.Question&gt; ru.testingsystem.controllers.admin_room.QuestionsController.addQuestion(java.lang.String,java.lang.String)
Mar 09, 2018 12:14:40 PM org.springframework.web.servlet.handler.AbstractHandlerMethodMapping$MappingRegistry register
INFO: Mapped &quot;{[/questions/delQuestion],methods=[POST]}&quot; onto public java.util.List&lt;ru.testingsystem.data.entity.Question&gt; ru.testingsystem.controllers.admin_room.QuestionsController.removeQuestion(java.lang.String)
Mar 09, 2018 12:14:40 PM org.springframework.web.servlet.handler.AbstractHandlerMethodMapping$MappingRegistry register
INFO: Mapped &quot;{[/questions/changeQuestion],methods=[POST]}&quot; onto public java.util.List&lt;ru.testingsystem.data.entity.Question&gt; ru.testingsystem.controllers.admin_room.QuestionsController.changeQuestion(java.lang.String,java.lang.String,java.lang.String)
Mar 09, 2018 12:14:40 PM org.springframework.web.servlet.handler.AbstractHandlerMethodMapping$MappingRegistry register
INFO: Mapped &quot;{[/questions/addTestData],methods=[POST]}&quot; onto public java.util.List&lt;ru.testingsystem.data.entity.Question&gt; ru.testingsystem.controllers.admin_room.QuestionsController.addTestDataForQuestion(java.lang.String,java.lang.String,java.lang.String)
Mar 09, 2018 12:14:40 PM org.springframework.web.servlet.handler.AbstractHandlerMethodMapping$MappingRegistry register
INFO: Mapped &quot;{[/questions/showQuestion],methods=[GET]}&quot; onto public ru.testingsystem.data.entity.Question ru.testingsystem.controllers.admin_room.QuestionsController.showQuestion(java.lang.String)
Mar 09, 2018 12:14:40 PM org.springframework.web.servlet.handler.AbstractHandlerMethodMapping$MappingRegistry register
INFO: Mapped &quot;{[/questions/showPage]}&quot; onto public org.springframework.web.servlet.ModelAndView ru.testingsystem.controllers.admin_room.AdminRoomController.showPage()
Mar 09, 2018 12:14:40 PM org.springframework.web.servlet.handler.AbstractHandlerMethodMapping$MappingRegistry register
INFO: Mapped &quot;{[/results/sort],methods=[GET]}&quot; onto public java.util.List&lt;ru.testingsystem.data.entity.Result&gt; ru.testingsystem.controllers.admin_room.ResultsController.sortResultsTest(java.lang.String)
Mar 09, 2018 12:14:40 PM org.springframework.web.servlet.handler.AbstractHandlerMethodMapping$MappingRegistry register
INFO: Mapped &quot;{[/results/showPage]}&quot; onto public org.springframework.web.servlet.ModelAndView ru.testingsystem.controllers.admin_room.AdminRoomController.showPage()
Mar 09, 2018 12:14:40 PM org.springframework.web.servlet.handler.AbstractHandlerMethodMapping$MappingRegistry register
INFO: Mapped &quot;{[/users/delUser],methods=[POST]}&quot; onto public java.util.List&lt;ru.testingsystem.data.entity.User&gt; ru.testingsystem.controllers.admin_room.UsersController.removerUser(java.lang.String)
Mar 09, 2018 12:14:40 PM org.springframework.web.servlet.handler.AbstractHandlerMethodMapping$MappingRegistry register
INFO: Mapped &quot;{[/users/selectUsersFromGroup],methods=[POST]}&quot; onto public java.util.List&lt;ru.testingsystem.data.entity.User&gt; ru.testingsystem.controllers.admin_room.UsersController.selectUsersFromGroup(java.lang.String)
Mar 09, 2018 12:14:40 PM org.springframework.web.servlet.handler.AbstractHandlerMethodMapping$MappingRegistry register
INFO: Mapped &quot;{[/users/showPage]}&quot; onto public org.springframework.web.servlet.ModelAndView ru.testingsystem.controllers.admin_room.AdminRoomController.showPage()
Mar 09, 2018 12:14:40 PM org.springframework.web.servlet.mvc.method.annotation.RequestMappingHandlerAdapter initControllerAdviceCache
[...]
INFO: Overriding bean definition for bean &apos;compilerCpp&apos; with a different definition: replacing [Generic bean: class [ru.testingsystem.olympiad.checking_task.compilers.CompilerCpp]; scope=singleton; abstract=false; lazyInit=false; autowireMode=0; dependencyCheck=0; autowireCandidate=true; primary=false; factoryBeanName=null; factoryMethodName=null; initMethodName=null; destroyMethodName=null; defined in file [/home/vova/Desktop/ATS/src/target/classes/ru/testingsystem/olympiad/checking_task/compilers/CompilerCpp.class]] with [Root bean: class [null]; scope=; abstract=false; lazyInit=false; autowireMode=3; dependencyCheck=0; autowireCandidate=true; primary=false; factoryBeanName=compilerConfig; factoryMethodName=compilerCpp; initMethodName=null; destroyMethodName=(inferred); defined in ru.testingsystem.configuration.CompilerConfig]
Mar 09, 2018 12:14:40 PM org.springframework.beans.factory.support.DefaultListableBeanFactory registerBeanDefinition
INFO: Overriding bean definition for bean &apos;compilerJava&apos; with a different definition: replacing [Generic bean: class [ru.testingsystem.olympiad.checking_task.compilers.CompilerJava]; scope=singleton; abstract=false; lazyInit=false; autowireMode=0; dependencyCheck=0; autowireCandidate=true; primary=false; factoryBeanName=null; factoryMethodName=null; initMethodName=null; destroyMethodName=null; defined in file [/home/vova/Desktop/ATS/src/target/classes/ru/testingsystem/olympiad/checking_task/compilers/CompilerJava.class]] with [Root bean: class [null]; scope=; abstract=false; lazyInit=false; autowireMode=3; dependencyCheck=0; autowireCandidate=true; primary=false; factoryBeanName=compilerConfig; factoryMethodName=compilerJava; initMethodName=null; destroyMethodName=(inferred); defined in ru.testingsystem.configuration.CompilerConfig]
Mar 09, 2018 12:14:40 PM org.springframework.web.servlet.handler.AbstractHandlerMethodMapping$MappingRegistry register
INFO: Mapped &quot;{[/auethentification/logIn],methods=[POST]}&quot; onto public java.lang.String ru.testingsystem.controllers.AuethentificationController.logIn(java.lang.String,java.lang.String,javax.servlet.http.HttpServletResponse)
Mar 09, 2018 12:14:40 PM org.springframework.web.servlet.handler.AbstractHandlerMethodMapping$MappingRegistry register
INFO: Mapped &quot;{[/auethentification/SignUp],methods=[POST]}&quot; onto public java.lang.String ru.testingsystem.controllers.AuethentificationController.signUp(java.lang.String,java.lang.String,java.lang.String,java.lang.String)
Mar 09, 2018 12:14:40 PM org.springframework.web.servlet.handler.AbstractHandlerMethodMapping$MappingRegistry register
INFO: Mapped &quot;{[/auethentification/showPage],methods=[GET]}&quot; onto public org.springframework.web.servlet.ModelAndView ru.testingsystem.controllers.AuethentificationController.showPage()
Mar 09, 2018 12:14:40 PM org.springframework.web.servlet.handler.AbstractHandlerMethodMapping$MappingRegistry register
INFO: Mapped &quot;{[/finishOlympiad],methods=[GET]}&quot; onto public org.springframework.web.servlet.ModelAndView ru.testingsystem.controllers.FinishTestController.finishOlympiad()
Mar 09, 2018 12:14:40 PM org.springframework.web.servlet.handler.AbstractHandlerMethodMapping$MappingRegistry register
INFO: Mapped &quot;{[/],methods=[GET]}&quot; onto public org.springframework.web.servlet.ModelAndView ru.testingsystem.controllers.IndexController.showMainPage()
Mar 09, 2018 12:14:40 PM org.springframework.web.servlet.handler.AbstractHandlerMethodMapping$MappingRegistry register
INFO: Mapped &quot;{[/tasks/selectedTask],methods=[GET]}&quot; onto public ru.testingsystem.data.entity.Question ru.testingsystem.controllers.TasksController.showSelectedTask(java.lang.String)
Mar 09, 2018 12:14:40 PM org.springframework.web.servlet.handler.AbstractHandlerMethodMapping$MappingRegistry register
INFO: Mapped &quot;{[/tasks/showPage],methods=[GET]}&quot; onto public org.springframework.web.servlet.ModelAndView ru.testingsystem.controllers.TasksController.showPageTasks()
Mar 09, 2018 12:14:40 PM org.springframework.web.servlet.handler.AbstractHandlerMethodMapping$MappingRegistry register
INFO: Mapped &quot;{[/tasks/checkTask],methods=[POST],produces=[text/plain;charset=UTF-8]}&quot; onto public java.lang.String ru.testingsystem.controllers.TasksController.checkTask(java.lang.String,java.lang.String)
Mar 09, 2018 12:14:40 PM org.springframework.web.servlet.handler.AbstractHandlerMethodMapping$MappingRegistry register
INFO: Mapped &quot;{[/adminRoom/showPage]}&quot; onto public org.springframework.web.servlet.ModelAndView ru.testingsystem.controllers.admin_room.AdminRoomController.showPage()
Mar 09, 2018 12:14:40 PM org.springframework.web.servlet.handler.AbstractHandlerMethodMapping$MappingRegistry register
INFO: Mapped &quot;{[/basicData/changeContacts],methods=[POST],produces=[text/plain;charset=UTF-8]}&quot; onto public java.lang.String ru.testingsystem.controllers.admin_room.BasicDataController.changeBasicTitles(java.lang.String,java.lang.String,java.lang.String)
Mar 09, 2018 12:14:40 PM org.springframework.web.servlet.handler.AbstractHandlerMethodMapping$MappingRegistry register
INFO: Mapped &quot;{[/basicData/changeTitles],methods=[POST],produces=[text/plain;charset=UTF-8]}&quot; onto public java.lang.String ru.testingsystem.controllers.admin_room.BasicDataController.changeBasicTitles(java.lang.String,java.lang.String)
Mar 09, 2018 12:14:40 PM org.springframework.web.servlet.handler.AbstractHandlerMethodMapping$MappingRegistry register
INFO: Mapped &quot;{[/basicData/changeDescriptions],methods=[POST],produces=[text/plain;charset=UTF-8]}&quot; onto public java.lang.String ru.testingsystem.controllers.admin_room.BasicDataController.changeBasicDescriptions(java.lang.String,java.lang.String)
Mar 09, 2018 12:14:40 PM org.springframework.web.servlet.handler.AbstractHandlerMethodMapping$MappingRegistry register
INFO: Mapped &quot;{[/basicData/showPage]}&quot; onto public org.springframework.web.servlet.ModelAndView ru.testingsystem.controllers.admin_room.AdminRoomController.showPage()
Mar 09, 2018 12:14:40 PM org.springframework.web.servlet.handler.AbstractHandlerMethodMapping$MappingRegistry register
INFO: Mapped &quot;{[/groups/addGroup],methods=[POST]}&quot; onto public java.util.List&lt;ru.testingsystem.data.entity.Group&gt; ru.testingsystem.controllers.admin_room.GroupsController.addGroup(java.lang.String)
Mar 09, 2018 12:14:40 PM org.springframework.web.servlet.handler.AbstractHandlerMethodMapping$MappingRegistry register
INFO: Mapped &quot;{[/groups/delGroup],methods=[POST]}&quot; onto public java.util.List&lt;ru.testingsystem.data.entity.Group&gt; ru.testingsystem.controllers.admin_room.GroupsController.removeGroup(java.lang.String)
Mar 09, 2018 12:14:40 PM org.springframework.web.servlet.handler.AbstractHandlerMethodMapping$MappingRegistry register
INFO: Mapped &quot;{[/groups/changeGroup],methods=[POST]}&quot; onto public java.util.List&lt;ru.testingsystem.data.entity.Group&gt; ru.testingsystem.controllers.admin_room.GroupsController.changeTitleGroup(java.lang.String,java.lang.String)
Mar 09, 2018 12:14:40 PM org.springframework.web.servlet.handler.AbstractHandlerMethodMapping$MappingRegistry register
INFO: Mapped &quot;{[/groups/showPage]}&quot; onto public org.springframework.web.servlet.ModelAndView ru.testingsystem.controllers.admin_room.AdminRoomController.showPage()
Mar 09, 2018 12:14:40 PM org.springframework.web.servlet.handler.AbstractHandlerMethodMapping$MappingRegistry register
INFO: Mapped &quot;{[/questions/addQuestion],methods=[POST]}&quot; onto public java.util.List&lt;ru.testingsystem.data.entity.Question&gt; ru.testingsystem.controllers.admin_room.QuestionsController.addQuestion(java.lang.String,java.lang.String)
Mar 09, 2018 12:14:40 PM org.springframework.web.servlet.handler.AbstractHandlerMethodMapping$MappingRegistry register
INFO: Mapped &quot;{[/questions/delQuestion],methods=[POST]}&quot; onto public java.util.List&lt;ru.testingsystem.data.entity.Question&gt; ru.testingsystem.controllers.admin_room.QuestionsController.removeQuestion(java.lang.String)
Mar 09, 2018 12:14:40 PM org.springframework.web.servlet.handler.AbstractHandlerMethodMapping$MappingRegistry register
INFO: Mapped &quot;{[/questions/changeQuestion],methods=[POST]}&quot; onto public java.util.List&lt;ru.testingsystem.data.entity.Question&gt; ru.testingsystem.controllers.admin_room.QuestionsController.changeQuestion(java.lang.String,java.lang.String,java.lang.String)
Mar 09, 2018 12:14:40 PM org.springframework.web.servlet.handler.AbstractHandlerMethodMapping$MappingRegistry register
INFO: Mapped &quot;{[/questions/addTestData],methods=[POST]}&quot; onto public java.util.List&lt;ru.testingsystem.data.entity.Question&gt; ru.testingsystem.controllers.admin_room.QuestionsController.addTestDataForQuestion(java.lang.String,java.lang.String,java.lang.String)
Mar 09, 2018 12:14:40 PM org.springframework.web.servlet.handler.AbstractHandlerMethodMapping$MappingRegistry register
INFO: Mapped &quot;{[/questions/showQuestion],methods=[GET]}&quot; onto public ru.testingsystem.data.entity.Question ru.testingsystem.controllers.admin_room.QuestionsController.showQuestion(java.lang.String)
Mar 09, 2018 12:14:40 PM org.springframework.web.servlet.handler.AbstractHandlerMethodMapping$MappingRegistry register
INFO: Mapped &quot;{[/questions/showPage]}&quot; onto public org.springframework.web.servlet.ModelAndView ru.testingsystem.controllers.admin_room.AdminRoomController.showPage()
Mar 09, 2018 12:14:40 PM org.springframework.web.servlet.handler.AbstractHandlerMethodMapping$MappingRegistry register
INFO: Mapped &quot;{[/results/sort],methods=[GET]}&quot; onto public java.util.List&lt;ru.testingsystem.data.entity.Result&gt; ru.testingsystem.controllers.admin_room.ResultsController.sortResultsTest(java.lang.String)
Mar 09, 2018 12:14:40 PM org.springframework.web.servlet.handler.AbstractHandlerMethodMapping$MappingRegistry register
INFO: Mapped &quot;{[/results/showPage]}&quot; onto public org.springframework.web.servlet.ModelAndView ru.testingsystem.controllers.admin_room.AdminRoomController.showPage()
Mar 09, 2018 12:14:40 PM org.springframework.web.servlet.handler.AbstractHandlerMethodMapping$MappingRegistry register
INFO: Mapped &quot;{[/users/delUser],methods=[POST]}&quot; onto public java.util.List&lt;ru.testingsystem.data.entity.User&gt; ru.testingsystem.controllers.admin_room.UsersController.removerUser(java.lang.String)
Mar 09, 2018 12:14:40 PM org.springframework.web.servlet.handler.AbstractHandlerMethodMapping$MappingRegistry register
INFO: Mapped &quot;{[/users/selectUsersFromGroup],methods=[POST]}&quot; onto public java.util.List&lt;ru.testingsystem.data.entity.User&gt; ru.testingsystem.controllers.admin_room.UsersController.selectUsersFromGroup(java.lang.String)
Mar 09, 2018 12:14:40 PM org.springframework.web.servlet.handler.AbstractHandlerMethodMapping$MappingRegistry register
INFO: Mapped &quot;{[/users/showPage]}&quot; onto public org.springframework.web.servlet.ModelAndView ru.testingsystem.controllers.admin_room.AdminRoomController.showPage()
Mar 09, 2018 12:14:40 PM org.springframework.web.servlet.mvc.method.annotation.RequestMappingHandlerAdapter initControllerAdviceCache
INFO: Looking for @ControllerAdvice: org.springframework.web.context.support.GenericWebApplicationContext@7b64240d: startup date [Fri Mar 09 12:14:40 MSK 2018]; root of context hierarchy
Mar 09, 2018 12:14:41 PM org.springframework.web.servlet.mvc.method.annotation.RequestMappingHandlerAdapter initControllerAdviceCache
INFO: Looking for @ControllerAdvice: org.springframework.web.context.support.GenericWebApplicationContext@7b64240d: startup date [Fri Mar 09 12:14:40 MSK 2018]; root of context hierarchy
Mar 09, 2018 12:14:41 PM org.springframework.context.support.AbstractApplicationContext refresh
WARNING: Exception encountered during context initialization - cancelling refresh attempt: org.springframework.beans.factory.BeanCreationException: Error creating bean with name &apos;basicDataDAOImpl&apos; defined in file [/home/vova/Desktop/ATS/src/target/classes/ru/testingsystem/data/dao/BasicDataDAOImpl.class]: Instantiation of bean failed; nested exception is org.springframework.beans.BeanInstantiationException: Failed to instantiate [ru.testingsystem.data.dao.BasicDataDAOImpl]: Constructor threw exception; nested exception is java.lang.NullPointerException
Mar 09, 2018 12:14:41 PM org.springframework.test.context.TestContextManager prepareTestInstance
SEVERE: Caught exception while allowing TestExecutionListener [org.springframework.test.context.web.ServletTestExecutionListener@253d9f73] to prepare test instance [ru.testingsystem.auethentification.AuethentificationTest@184497d1]
java.lang.IllegalStateException: Failed to load ApplicationContext
	at org.springframework.test.context.cache.DefaultCacheAwareContextLoaderDelegate.loadContext(DefaultCacheAwareContextLoaderDelegate.java:125)
	at org.springframework.test.context.support.DefaultTestContext.getApplicationContext(DefaultTestContext.java:107)
	at org.springframework.test.context.web.ServletTestExecutionListener.setUpRequestContextIfNecessary(ServletTestExecutionListener.java:190)
	at org.springframework.test.context.web.ServletTestExecutionListener.prepareTestInstance(ServletTestExecutionListener.java:132)
	at org.springframework.test.context.TestContextManager.prepareTestInstance(TestContextManager.java:242)
	at org.springframework.test.context.junit4.SpringJUnit4ClassRunner.createTest(SpringJUnit4ClassRunner.java:227)
	at org.springframework.test.context.junit4.SpringJUnit4ClassRunner$1.runReflectiveCall(SpringJUnit4ClassRunner.java:289)
	at org.junit.internal.runners.model.ReflectiveCallable.run(ReflectiveCallable.java:12)
	at org.springframework.test.context.junit4.SpringJUnit4ClassRunner.methodBlock(SpringJUnit4ClassRunner.java:291)
	at org.springframework.test.context.junit4.SpringJUnit4ClassRunner.runChild(SpringJUnit4ClassRunner.java:246)
	at org.springframework.test.context.junit4.SpringJUnit4ClassRunner.runChild(SpringJUnit4ClassRunner.java:97)
	at org.junit.runners.ParentRunner$3.run(ParentRunner.java:290)
	at org.junit.runners.ParentRunner$1.schedule(ParentRunner.java:71)
	at org.junit.runners.ParentRunner.runChildren(ParentRunner.java:288)
	at org.junit.runners.ParentRunner.access$000(ParentRunner.java:58)
	at org.junit.runners.ParentRunner$2.evaluate(ParentRunner.java:268)
	at org.springframework.test.context.junit4.statements.RunBeforeTestClassCallbacks.evaluate(RunBeforeTestClassCallbacks.java:61)
	at org.springframework.test.context.junit4.statements.RunAfterTestClassCallbacks.evaluate(RunAfterTestClassCallbacks.java:70)
	at org.junit.runners.ParentRunner.run(ParentRunner.java:363)
	at org.springframework.test.context.junit4.SpringJUnit4ClassRunner.run(SpringJUnit4ClassRunner.java:190)
	at org.apache.maven.surefire.junit4.JUnit4Provider.execute(JUnit4Provider.java:252)
	at org.apache.maven.surefire.junit4.JUnit4Provider.executeTestSet(JUnit4Provider.java:141)
	at org.apache.maven.surefire.junit4.JUnit4Provider.invoke(JUnit4Provider.java:112)
	at sun.reflect.NativeMethodAccessorImpl.invoke0(Native Method)
	at sun.reflect.NativeMethodAccessorImpl.invoke(NativeMethodAccessorImpl.java:62)
	at sun.reflect.DelegatingMethodAccessorImpl.invoke(DelegatingMethodAccessorImpl.java:43)
	at java.lang.reflect.Method.invoke(Method.java:498)
	at org.apache.maven.surefire.util.ReflectionUtils.invokeMethodWithArray(ReflectionUtils.java:189)
	at org.apache.maven.surefire.booter.ProviderFactory$ProviderProxy.invoke(ProviderFactory.java:165)
	at org.apache.maven.surefire.booter.ProviderFactory.invokeProvider(ProviderFactory.java:85)
	at org.apache.maven.surefire.booter.ForkedBooter.runSuitesInProcess(ForkedBooter.java:115)
	at org.apache.maven.surefire.booter.ForkedBooter.main(ForkedBooter.java:75)
Caused by: org.springframework.beans.factory.BeanCreationException: Error creating bean with name &apos;basicDataDAOImpl&apos; defined in file [/home/vova/Desktop/ATS/src/target/classes/ru/testingsystem/data/dao/BasicDataDAOImpl.class]: Instantiation of bean failed; nested exception is org.springframework.beans.BeanInstantiationException: Failed to instantiate [ru.testingsystem.data.dao.BasicDataDAOImpl]: Constructor threw exception; nested exception is java.lang.NullPointerException
	at org.springframework.beans.factory.support.AbstractAutowireCapableBeanFactory.instantiateBean(AbstractAutowireCapableBeanFactory.java:1232)
	at org.springframework.beans.factory.support.AbstractAutowireCapableBeanFactory.createBeanInstance(AbstractAutowireCapableBeanFactory.java:1131)
	at org.springframework.beans.factory.support.AbstractAutowireCapableBeanFactory.doCreateBean(AbstractAutowireCapableBeanFactory.java:545)
	at org.springframework.beans.factory.support.AbstractAutowireCapableBeanFactory.createBean(AbstractAutowireCapableBeanFactory.java:502)
	at org.springframework.beans.factory.support.AbstractBeanFactory.lambda$doGetBean$0(AbstractBeanFactory.java:312)
	at org.springframework.beans.factory.support.DefaultSingletonBeanRegistry.getSingleton(DefaultSingletonBeanRegistry.java:228)
	at org.springframework.beans.factory.support.AbstractBeanFactory.doGetBean(AbstractBeanFactory.java:310)
	at org.springframework.beans.factory.support.AbstractBeanFactory.getBean(AbstractBeanFactory.java:200)
	at org.springframework.beans.factory.support.DefaultListableBeanFactory.preInstantiateSingletons(DefaultListableBeanFactory.java:761)
	at org.springframework.context.support.AbstractApplicationContext.finishBeanFactoryInitialization(AbstractApplicationContext.java:868)
	at org.springframework.context.support.AbstractApplicationContext.refresh(AbstractApplicationContext.java:549)
	at org.springframework.test.context.web.AbstractGenericWebContextLoader.loadContext(AbstractGenericWebContextLoader.java:129)
	at org.springframework.test.context.web.AbstractGenericWebContextLoader.loadContext(AbstractGenericWebContextLoader.java:61)
	at org.springframework.test.context.support.AbstractDelegatingSmartContextLoader.delegateLoading(AbstractDelegatingSmartContextLoader.java:107)
	at org.springframework.test.context.support.AbstractDelegatingSmartContextLoader.loadContext(AbstractDelegatingSmartContextLoader.java:243)
	at org.springframework.test.context.cache.DefaultCacheAwareContextLoaderDelegate.loadContextInternal(DefaultCacheAwareContextLoaderDelegate.java:99)
	at org.springframework.test.context.cache.DefaultCacheAwareContextLoaderDelegate.loadContext(DefaultCacheAwareContextLoaderDelegate.java:117)
	... 31 more
Caused by: org.springframework.beans.BeanInstantiationException: Failed to instantiate [ru.testingsystem.data.dao.BasicDataDAOImpl]: Constructor threw exception; nested exception is java.lang.NullPointerException
	at org.springframework.beans.BeanUtils.instantiateClass(BeanUtils.java:182)
	at org.springframework.beans.factory.support.SimpleInstantiationStrategy.instantiate(SimpleInstantiationStrategy.java:87)
	at org.springframework.beans.factory.support.AbstractAutowireCapableBeanFactory.instantiateBean(AbstractAutowireCapableBeanFactory.java:1224)
	... 47 more
Caused by: java.lang.NullPointerException
	at ru.testingsystem.data.dao.BasicDataDAOImpl.loadDataFromDB(BasicDataDAOImpl.java:27)
	at ru.testingsystem.data.dao.BasicDataDAOImpl.&lt;init&gt;(BasicDataDAOImpl.java:20)
	at sun.reflect.NativeConstructorAccessorImpl.newInstance0(Native Method)
	at sun.reflect.NativeConstructorAccessorImpl.newInstance(NativeConstructorAccessorImpl.java:62)
	at sun.reflect.DelegatingConstructorAccessorImpl.newInstance(DelegatingConstructorAccessorImpl.java:45)
	at java.lang.reflect.Constructor.newInstance(Constructor.java:423)
	at org.springframework.beans.BeanUtils.instantiateClass(BeanUtils.java:170)
	... 49 more

</system-err>
  </testcase>
</testsuite>