<?xml version="1.0" encoding="UTF-8" ?>
<testsuite tests="3" failures="0" name="ru.testingsystem.compilers.ByteCodeInterpreterJavaTest" time="0.006" errors="3" skipped="0">
  <properties>
[...]
</properties>
  <testcase classname="ru.testingsystem.compilers.ByteCodeInterpreterJavaTest" name="runSuccessfulCompilation" time="0.002">
    <error message="Failed to load ApplicationContext" type="java.lang.IllegalStateException">java.lang.IllegalStateException: Failed to load ApplicationContext
	at org.springframework.test.context.cache.DefaultCacheAwareContextLoaderDelegate.loadContext(DefaultCacheAwareContextLoaderDelegate.java:125)
	at org.springframework.test.context.support.DefaultTestContext.getApplicationContext(DefaultTestContext.java:107)
	at org.springframework.test.context.web.ServletTestExecutionListener.setUpRequestContextIfNecessary(ServletTestExecutionListener.java:190)
	at org.springframework.test.context.web.ServletTestExecutionListener.prepareTestInstance(ServletTestExecutionListener.java:132)
	at org.springframework.test.context.TestContextManager.prepareTestInstance(TestContextManager.java:242)
	at org.springframework.test.context.junit4.SpringJUnit4ClassRunner.createTest(SpringJUnit4ClassRunner.java:227)
	at org.springframework.test.context.junit4.SpringJUnit4ClassRunner$1.runReflectiveCall(SpringJUnit4ClassRunner.java:289)
	at org.junit.internal.runners.model.ReflectiveCallable.run(ReflectiveCallable.java:12)
	at org.springframework.test.context.junit4.SpringJUnit4ClassRunner.methodBlock(SpringJUnit4ClassRunner.java:291)
	at org.springframework.test.context.junit4.SpringJUnit4ClassRunner.runChild(SpringJUnit4ClassRunner.java:246)
	at org.springframework.test.context.junit4.SpringJUnit4ClassRunner.runChild(SpringJUnit4ClassRunner.java:97)
	at org.junit.runners.ParentRunner$3.run(ParentRunner.java:290)
	at org.junit.runners.ParentRunner$1.schedule(ParentRunner.java:71)
	at org.junit.runners.ParentRunner.runChildren(ParentRunner.java:288)
	at org.junit.runners.ParentRunner.access$000(ParentRunner.java:58)
	at org.junit.runners.ParentRunner$2.evaluate(ParentRunner.java:268)
	at org.springframework.test.context.junit4.statements.RunBeforeTestClassCallbacks.evaluate(RunBeforeTestClassCallbacks.java:61)
	at org.springframework.test.context.junit4.statements.RunAfterTestClassCallbacks.evaluate(RunAfterTestClassCallbacks.java:70)
	at org.junit.runners.ParentRunner.run(ParentRunner.java:363)
	at org.springframework.test.context.junit4.SpringJUnit4ClassRunner.run(SpringJUnit4ClassRunner.java:190)
	at org.apache.maven.surefire.junit4.JUnit4Provider.execute(JUnit4Provider.java:252)
	at org.apache.maven.surefire.junit4.JUnit4Provider.executeTestSet(JUnit4Provider.java:141)
	at org.apache.maven.surefire.junit4.JUnit4Provider.invoke(JUnit4Provider.java:112)
	at sun.reflect.NativeMethodAccessorImpl.invoke0(Native Method)
	at sun.reflect.NativeMethodAccessorImpl.invoke(NativeMethodAccessorImpl.java:62)
	at sun.reflect.DelegatingMethodAccessorImpl.invoke(DelegatingMethodAccessorImpl.java:43)
	at java.lang.reflect.Method.invoke(Method.java:498)
	at org.apache.maven.surefire.util.ReflectionUtils.invokeMethodWithArray(ReflectionUtils.java:189)
	at org.apache.maven.surefire.booter.ProviderFactory$ProviderProxy.invoke(ProviderFactory.java:165)
	at org.apache.maven.surefire.booter.ProviderFactory.invokeProvider(ProviderFactory.java:85)
	at org.apache.maven.surefire.booter.ForkedBooter.runSuitesInProcess(ForkedBooter.java:115)
	at org.apache.maven.surefire.booter.ForkedBooter.main(ForkedBooter.java:75)
Caused by: org.springframework.beans.factory.BeanCreationException: Error creating bean with name &apos;entityManagerFactory&apos; defined in ru.testingsystem.configuration.DataConfig: Invocation of init method failed; nested exception is javax.persistence.PersistenceException: [PersistenceUnit: default] Unable to build EntityManagerFactory
	at org.springframework.beans.factory.support.AbstractAutowireCapableBeanFactory.initializeBean(AbstractAutowireCapableBeanFactory.java:1710)
	at org.springframework.beans.factory.support.AbstractAutowireCapableBeanFactory.doCreateBean(AbstractAutowireCapableBeanFactory.java:583)
	at org.springframework.beans.factory.support.AbstractAutowireCapableBeanFactory.createBean(AbstractAutowireCapableBeanFactory.java:502)
	at org.springframework.beans.factory.support.AbstractBeanFactory.lambda$doGetBean$0(AbstractBeanFactory.java:312)
	at org.springframework.beans.factory.support.DefaultSingletonBeanRegistry.getSingleton(DefaultSingletonBeanRegistry.java:228)
	at org.springframework.beans.factory.support.AbstractBeanFactory.doGetBean(AbstractBeanFactory.java:310)
	at org.springframework.beans.factory.support.AbstractBeanFactory.getBean(AbstractBeanFactory.java:200)
	at org.springframework.context.support.AbstractApplicationContext.getBean(AbstractApplicationContext.java:1085)
	at org.springframework.context.support.AbstractApplicationContext.finishBeanFactoryInitialization(AbstractApplicationContext.java:858)
	at org.springframework.context.support.AbstractApplicationContext.refresh(AbstractApplicationContext.java:549)
	at org.springframework.test.context.web.AbstractGenericWebContextLoader.loadContext(AbstractGenericWebContextLoader.java:129)
	at org.springframework.test.context.web.AbstractGenericWebContextLoader.loadContext(AbstractGenericWebContextLoader.java:61)
	at org.springframework.test.context.support.AbstractDelegatingSmartContextLoader.delegateLoading(AbstractDelegatingSmartContextLoader.java:107)
	at org.springframework.test.context.support.AbstractDelegatingSmartContextLoader.loadContext(AbstractDelegatingSmartContextLoader.java:243)
	at org.springframework.test.context.cache.DefaultCacheAwareContextLoaderDelegate.loadContextInternal(DefaultCacheAwareContextLoaderDelegate.java:99)
	at org.springframework.test.context.cache.DefaultCacheAwareContextLoaderDelegate.loadContext(DefaultCacheAwareContextLoaderDelegate.java:117)
	... 31 more
Caused by: javax.persistence.PersistenceException: [PersistenceUnit: default] Unable to build EntityManagerFactory
	at org.hibernate.ejb.Ejb3Configuration.buildEntityManagerFactory(Ejb3Configuration.java:924)
	at org.hibernate.ejb.Ejb3Configuration.buildEntityManagerFactory(Ejb3Configuration.java:899)
	at org.hibernate.ejb.HibernatePersistence.createContainerEntityManagerFactory(HibernatePersistence.java:76)
	at org.springframework.orm.jpa.LocalContainerEntityManagerFactoryBean.createNativeEntityManagerFactory(LocalContainerEntityManagerFactoryBean.java:287)
	at org.springframework.orm.jpa.AbstractEntityManagerFactoryBean.afterPropertiesSet(AbstractEntityManagerFactoryBean.java:310)
	at org.springframework.beans.factory.support.AbstractAutowireCapableBeanFactory.invokeInitMethods(AbstractAutowireCapableBeanFactory.java:1769)
	at org.springframework.beans.factory.support.AbstractAutowireCapableBeanFactory.initializeBean(AbstractAutowireCapableBeanFactory.java:1706)
	... 46 more
Caused by: org.hibernate.AnnotationException: No identifier specified for entity: ru.testingsystem.data.entity.GroupEntity
	at org.hibernate.cfg.InheritanceState.determineDefaultAccessType(InheritanceState.java:277)
	at org.hibernate.cfg.InheritanceState.getElementsToProcess(InheritanceState.java:224)
	at org.hibernate.cfg.AnnotationBinder.bindClass(AnnotationBinder.java:665)
	at org.hibernate.cfg.Configuration$MetadataSourceQueue.processAnnotatedClassesQueue(Configuration.java:3533)
	at org.hibernate.cfg.Configuration$MetadataSourceQueue.processMetadata(Configuration.java:3487)
	at org.hibernate.cfg.Configuration.secondPassCompile(Configuration.java:1376)
	at org.hibernate.cfg.Configuration.buildSessionFactory(Configuration.java:1777)
	at org.hibernate.ejb.EntityManagerFactoryImpl.&lt;init&gt;(EntityManagerFactoryImpl.java:96)
	at org.hibernate.ejb.Ejb3Configuration.buildEntityManagerFactory(Ejb3Configuration.java:914)
	... 52 more
</error>
    <system-out>[main] DEBUG org.hibernate.type.BasicTypeRegistry  - Adding type registration boolean -&gt; org.hibernate.type.BooleanType@63f259c3
[main] DEBUG org.hibernate.type.BasicTypeRegistry  - Adding type registration boolean -&gt; org.hibernate.type.BooleanType@63f259c3
[main] DEBUG org.hibernate.type.BasicTypeRegistry  - Adding type registration java.lang.Boolean -&gt; org.hibernate.type.BooleanType@63f259c3
[main] DEBUG org.hibernate.type.BasicTypeRegistry  - Adding type registration numeric_boolean -&gt; org.hibernate.type.NumericBooleanType@5c2375a9
[main] DEBUG org.hibernate.type.BasicTypeRegistry  - Adding type registration true_false -&gt; org.hibernate.type.TrueFalseType@558bdf1f
[main] DEBUG org.hibernate.type.BasicTypeRegistry  - Adding type registration yes_no -&gt; org.hibernate.type.YesNoType@67545b57
[main] DEBUG org.hibernate.type.BasicTypeRegistry  - Adding type registration byte -&gt; org.hibernate.type.ByteType@4716be8b
[main] DEBUG org.hibernate.type.BasicTypeRegistry  - Adding type registration byte -&gt; org.hibernate.type.ByteType@4716be8b
[main] DEBUG org.hibernate.type.BasicTypeRegistry  - Adding type registration java.lang.Byte -&gt; org.hibernate.type.ByteType@4716be8b
[main] DEBUG org.hibernate.type.BasicTypeRegistry  - Adding type registration character -&gt; org.hibernate.type.CharacterType@6cce16f4
[main] DEBUG org.hibernate.type.BasicTypeRegistry  - Adding type registration char -&gt; org.hibernate.type.CharacterType@6cce16f4
[main] DEBUG org.hibernate.type.BasicTypeRegistry  - Adding type registration java.lang.Character -&gt; org.hibernate.type.CharacterType@6cce16f4
[main] DEBUG org.hibernate.type.BasicTypeRegistry  - Adding type registration short -&gt; org.hibernate.type.ShortType@5505ae1a
[main] DEBUG org.hibernate.type.BasicTypeRegistry  - Adding type registration short -&gt; org.hibernate.type.ShortType@5505ae1a
[main] DEBUG org.hibernate.type.BasicTypeRegistry  - Adding type registration java.lang.Short -&gt; org.hibernate.type.ShortType@5505ae1a
[main] DEBUG org.hibernate.type.BasicTypeRegistry  - Adding type registration integer -&gt; org.hibernate.type.IntegerType@60df60da
[main] DEBUG org.hibernate.type.BasicTypeRegistry  - Adding type registration int -&gt; org.hibernate.type.IntegerType@60df60da
[main] DEBUG org.hibernate.type.BasicTypeRegistry  - Adding type registration java.lang.Integer -&gt; org.hibernate.type.IntegerType@60df60da
[main] DEBUG org.hibernate.type.BasicTypeRegistry  - Adding type registration long -&gt; org.hibernate.type.LongType@1800a575
[main] DEBUG org.hibernate.type.BasicTypeRegistry  - Adding type registration long -&gt; org.hibernate.type.LongType@1800a575
[main] DEBUG org.hibernate.type.BasicTypeRegistry  - Adding type registration java.lang.Long -&gt; org.hibernate.type.LongType@1800a575
[main] DEBUG org.hibernate.type.BasicTypeRegistry  - Adding type registration float -&gt; org.hibernate.type.FloatType@a4add54
[main] DEBUG org.hibernate.type.BasicTypeRegistry  - Adding type registration float -&gt; org.hibernate.type.FloatType@a4add54
[main] DEBUG org.hibernate.type.BasicTypeRegistry  - Adding type registration java.lang.Float -&gt; org.hibernate.type.FloatType@a4add54
[main] DEBUG org.hibernate.type.BasicTypeRegistry  - Adding type registration double -&gt; org.hibernate.type.DoubleType@6ccdb29f
[main] DEBUG org.hibernate.type.BasicTypeRegistry  - Adding type registration double -&gt; org.hibernate.type.DoubleType@6ccdb29f
[main] DEBUG org.hibernate.type.BasicTypeRegistry  - Adding type registration java.lang.Double -&gt; org.hibernate.type.DoubleType@6ccdb29f
[main] DEBUG org.hibernate.type.BasicTypeRegistry  - Adding type registration big_decimal -&gt; org.hibernate.type.BigDecimalType@3b96c42e
[main] DEBUG org.hibernate.type.BasicTypeRegistry  - Adding type registration java.math.BigDecimal -&gt; org.hibernate.type.BigDecimalType@3b96c42e
[main] DEBUG org.hibernate.type.BasicTypeRegistry  - Adding type registration big_integer -&gt; org.hibernate.type.BigIntegerType@3899782c
[main] DEBUG org.hibernate.type.BasicTypeRegistry  - Adding type registration java.math.BigInteger -&gt; org.hibernate.type.BigIntegerType@3899782c
[main] DEBUG org.hibernate.type.BasicTypeRegistry  - Adding type registration string -&gt; org.hibernate.type.StringType@30e868be
[main] DEBUG org.hibernate.type.BasicTypeRegistry  - Adding type registration java.lang.String -&gt; org.hibernate.type.StringType@30e868be
[main] DEBUG org.hibernate.type.BasicTypeRegistry  - Adding type registration nstring -&gt; org.hibernate.type.StringNVarcharType@13ad5cd3
[main] DEBUG org.hibernate.type.BasicTypeRegistry  - Adding type registration ncharacter -&gt; org.hibernate.type.CharacterNCharType@6581dc0a
[main] DEBUG org.hibernate.type.BasicTypeRegistry  - Adding type registration url -&gt; org.hibernate.type.UrlType@77128536
[main] DEBUG org.hibernate.type.BasicTypeRegistry  - Adding type registration java.net.URL -&gt; org.hibernate.type.UrlType@77128536
[main] DEBUG org.hibernate.type.BasicTypeRegistry  - Adding type registration date -&gt; org.hibernate.type.DateType@4f5991f6
[main] DEBUG org.hibernate.type.BasicTypeRegistry  - Adding type registration java.sql.Date -&gt; org.hibernate.type.DateType@4f5991f6
[main] DEBUG org.hibernate.type.BasicTypeRegistry  - Adding type registration time -&gt; org.hibernate.type.TimeType@32c726ee
[main] DEBUG org.hibernate.type.BasicTypeRegistry  - Adding type registration java.sql.Time -&gt; org.hibernate.type.TimeType@32c726ee
[main] DEBUG org.hibernate.type.BasicTypeRegistry  - Adding type registration timestamp -&gt; org.hibernate.type.TimestampType@7f0d96f2
[main] DEBUG org.hibernate.type.BasicTypeRegistry  - Adding type registration java.sql.Timestamp -&gt; org.hibernate.type.TimestampType@7f0d96f2
[main] DEBUG org.hibernate.type.BasicTypeRegistry  - Adding type registration java.util.Date -&gt; org.hibernate.type.TimestampType@7f0d96f2
[main] DEBUG org.hibernate.type.BasicTypeRegistry  - Adding type registration dbtimestamp -&gt; org.hibernate.type.DbTimestampType@524f3b3a
[main] DEBUG org.hibernate.type.BasicTypeRegistry  - Adding type registration calendar -&gt; org.hibernate.type.CalendarType@77102b91
[main] DEBUG org.hibernate.type.BasicTypeRegistry  - Adding type registration java.util.Calendar -&gt; org.hibernate.type.CalendarType@77102b91
[main] DEBUG org.hibernate.type.BasicTypeRegistry  - Adding type registration java.util.GregorianCalendar -&gt; org.hibernate.type.CalendarType@77102b91
[main] DEBUG org.hibernate.type.BasicTypeRegistry  - Adding type registration calendar_date -&gt; org.hibernate.type.CalendarDateType@58be6e8
[main] DEBUG org.hibernate.type.BasicTypeRegistry  - Adding type registration locale -&gt; org.hibernate.type.LocaleType@2bd08376
[main] DEBUG org.hibernate.type.BasicTypeRegistry  - Adding type registration java.util.Locale -&gt; org.hibernate.type.LocaleType@2bd08376
[main] DEBUG org.hibernate.type.BasicTypeRegistry  - Adding type registration currency -&gt; org.hibernate.type.CurrencyType@42b02722
[main] DEBUG org.hibernate.type.BasicTypeRegistry  - Adding type registration java.util.Currency -&gt; org.hibernate.type.CurrencyType@42b02722
[main] DEBUG org.hibernate.type.BasicTypeRegistry  - Adding type registration timezone -&gt; org.hibernate.type.TimeZoneType@5ce8d869
[main] DEBUG org.hibernate.type.BasicTypeRegistry  - Adding type registration java.util.TimeZone -&gt; org.hibernate.type.TimeZoneType@5ce8d869
[main] DEBUG org.hibernate.type.BasicTypeRegistry  - Adding type registration class -&gt; org.hibernate.type.ClassType@7a1234bf
[main] DEBUG org.hibernate.type.BasicTypeRegistry  - Adding type registration java.lang.Class -&gt; org.hibernate.type.ClassType@7a1234bf
[main] DEBUG org.hibernate.type.BasicTypeRegistry  - Adding type registration uuid-binary -&gt; org.hibernate.type.UUIDBinaryType@539d019
[main] DEBUG org.hibernate.type.BasicTypeRegistry  - Adding type registration java.util.UUID -&gt; org.hibernate.type.UUIDBinaryType@539d019
[main] DEBUG org.hibernate.type.BasicTypeRegistry  - Adding type registration uuid-char -&gt; org.hibernate.type.UUIDCharType@8c3619e
[main] DEBUG org.hibernate.type.BasicTypeRegistry  - Adding type registration pg-uuid -&gt; org.hibernate.type.PostgresUUIDType@5bf8fa12
[main] DEBUG org.hibernate.type.BasicTypeRegistry  - Adding type registration binary -&gt; org.hibernate.type.BinaryType@3c7c886c
[main] DEBUG org.hibernate.type.BasicTypeRegistry  - Adding type registration byte[] -&gt; org.hibernate.type.BinaryType@3c7c886c
[main] DEBUG org.hibernate.type.BasicTypeRegistry  - Adding type registration [B -&gt; org.hibernate.type.BinaryType@3c7c886c
[main] DEBUG org.hibernate.type.BasicTypeRegistry  - Adding type registration wrapper-binary -&gt; org.hibernate.type.WrapperBinaryType@2f16c6b3
[main] DEBUG org.hibernate.type.BasicTypeRegistry  - Adding type registration Byte[] -&gt; org.hibernate.type.WrapperBinaryType@2f16c6b3
[main] DEBUG org.hibernate.type.BasicTypeRegistry  - Adding type registration [Ljava.lang.Byte; -&gt; org.hibernate.type.WrapperBinaryType@2f16c6b3
[main] DEBUG org.hibernate.type.BasicTypeRegistry  - Adding type registration image -&gt; org.hibernate.type.ImageType@53941c2f
[main] DEBUG org.hibernate.type.BasicTypeRegistry  - Adding type registration characters -&gt; org.hibernate.type.CharArrayType@65a15628
[main] DEBUG org.hibernate.type.BasicTypeRegistry  - Adding type registration char[] -&gt; org.hibernate.type.CharArrayType@65a15628
[main] DEBUG org.hibernate.type.BasicTypeRegistry  - Adding type registration [C -&gt; org.hibernate.type.CharArrayType@65a15628
[main] DEBUG org.hibernate.type.BasicTypeRegistry  - Adding type registration wrapper-characters -&gt; org.hibernate.type.CharacterArrayType@7e4204e2
[main] DEBUG org.hibernate.type.BasicTypeRegistry  - Adding type registration [Ljava.lang.Character; -&gt; org.hibernate.type.CharacterArrayType@7e4204e2
[main] DEBUG org.hibernate.type.BasicTypeRegistry  - Adding type registration Character[] -&gt; org.hibernate.type.CharacterArrayType@7e4204e2
[main] DEBUG org.hibernate.type.BasicTypeRegistry  - Adding type registration text -&gt; org.hibernate.type.TextType@1b955cac
[main] DEBUG org.hibernate.type.BasicTypeRegistry  - Adding type registration ntext -&gt; org.hibernate.type.NTextType@32a68f4f
[main] DEBUG org.hibernate.type.BasicTypeRegistry  - Adding type registration blob -&gt; org.hibernate.type.BlobType@33308786
[main] DEBUG org.hibernate.type.BasicTypeRegistry  - Adding type registration java.sql.Blob -&gt; org.hibernate.type.BlobType@33308786
[main] DEBUG org.hibernate.type.BasicTypeRegistry  - Adding type registration materialized_blob -&gt; org.hibernate.type.MaterializedBlobType@5443d039
[main] DEBUG org.hibernate.type.BasicTypeRegistry  - Adding type registration clob -&gt; org.hibernate.type.ClobType@1fde5d22
[main] DEBUG org.hibernate.type.BasicTypeRegistry  - Adding type registration java.sql.Clob -&gt; org.hibernate.type.ClobType@1fde5d22
[main] DEBUG org.hibernate.type.BasicTypeRegistry  - Adding type registration nclob -&gt; org.hibernate.type.NClobType@6f3c660a
[main] DEBUG org.hibernate.type.BasicTypeRegistry  - Adding type registration java.sql.NClob -&gt; org.hibernate.type.NClobType@6f3c660a
[main] DEBUG org.hibernate.type.BasicTypeRegistry  - Adding type registration materialized_clob -&gt; org.hibernate.type.MaterializedClobType@16fdec90
[main] DEBUG org.hibernate.type.BasicTypeRegistry  - Adding type registration materialized_nclob -&gt; org.hibernate.type.MaterializedNClobType@7776ab
[main] DEBUG org.hibernate.type.BasicTypeRegistry  - Adding type registration serializable -&gt; org.hibernate.type.SerializableType@2f1de2d6
[main] DEBUG org.hibernate.type.BasicTypeRegistry  - Adding type registration object -&gt; org.hibernate.type.ObjectType@77825085
[main] DEBUG org.hibernate.type.BasicTypeRegistry  - Adding type registration java.lang.Object -&gt; org.hibernate.type.ObjectType@77825085
[main] DEBUG org.hibernate.type.BasicTypeRegistry  - Adding type registration imm_date -&gt; org.hibernate.type.AdaptedImmutableType@3414a8c3
[main] DEBUG org.hibernate.type.BasicTypeRegistry  - Adding type registration imm_time -&gt; org.hibernate.type.AdaptedImmutableType@36cc9385
[main] DEBUG org.hibernate.type.BasicTypeRegistry  - Adding type registration imm_timestamp -&gt; org.hibernate.type.AdaptedImmutableType@cf518cf
[main] DEBUG org.hibernate.type.BasicTypeRegistry  - Adding type registration imm_dbtimestamp -&gt; org.hibernate.type.AdaptedImmutableType@7915bca3
[main] DEBUG org.hibernate.type.BasicTypeRegistry  - Adding type registration imm_calendar -&gt; org.hibernate.type.AdaptedImmutableType@68d651f2
[main] DEBUG org.hibernate.type.BasicTypeRegistry  - Adding type registration imm_calendar_date -&gt; org.hibernate.type.AdaptedImmutableType@3ad4a7d6
[main] DEBUG org.hibernate.type.BasicTypeRegistry  - Adding type registration imm_binary -&gt; org.hibernate.type.AdaptedImmutableType@1e43e323
[main] DEBUG org.hibernate.type.BasicTypeRegistry  - Adding type registration imm_serializable -&gt; org.hibernate.type.AdaptedImmutableType@4a67b4ec
[main] DEBUG org.hibernate.id.factory.internal.DefaultIdentifierGeneratorFactory  - Registering IdentifierGenerator strategy [uuid2] -&gt; [org.hibernate.id.UUIDGenerator]
[main] DEBUG org.hibernate.id.factory.internal.DefaultIdentifierGeneratorFactory  - Registering IdentifierGenerator strategy [guid] -&gt; [org.hibernate.id.GUIDGenerator]
[main] DEBUG org.hibernate.id.factory.internal.DefaultIdentifierGeneratorFactory  - Registering IdentifierGenerator strategy [uuid] -&gt; [org.hibernate.id.UUIDHexGenerator]
[main] DEBUG org.hibernate.id.factory.internal.DefaultIdentifierGeneratorFactory  - Registering IdentifierGenerator strategy [uuid.hex] -&gt; [org.hibernate.id.UUIDHexGenerator]
[main] DEBUG org.hibernate.id.factory.internal.DefaultIdentifierGeneratorFactory  - Registering IdentifierGenerator strategy [hilo] -&gt; [org.hibernate.id.TableHiLoGenerator]
[main] DEBUG org.hibernate.id.factory.internal.DefaultIdentifierGeneratorFactory  - Registering IdentifierGenerator strategy [assigned] -&gt; [org.hibernate.id.Assigned]
[main] DEBUG org.hibernate.id.factory.internal.DefaultIdentifierGeneratorFactory  - Registering IdentifierGenerator strategy [identity] -&gt; [org.hibernate.id.IdentityGenerator]
[main] DEBUG org.hibernate.id.factory.internal.DefaultIdentifierGeneratorFactory  - Registering IdentifierGenerator strategy [select] -&gt; [org.hibernate.id.SelectGenerator]
[main] DEBUG org.hibernate.id.factory.internal.DefaultIdentifierGeneratorFactory  - Registering IdentifierGenerator strategy [sequence] -&gt; [org.hibernate.id.SequenceGenerator]
[main] DEBUG org.hibernate.id.factory.internal.DefaultIdentifierGeneratorFactory  - Registering IdentifierGenerator strategy [seqhilo] -&gt; [org.hibernate.id.SequenceHiLoGenerator]
[main] DEBUG org.hibernate.id.factory.internal.DefaultIdentifierGeneratorFactory  - Registering IdentifierGenerator strategy [increment] -&gt; [org.hibernate.id.IncrementGenerator]
[main] DEBUG org.hibernate.id.factory.internal.DefaultIdentifierGeneratorFactory  - Registering IdentifierGenerator strategy [foreign] -&gt; [org.hibernate.id.ForeignGenerator]
[main] DEBUG org.hibernate.id.factory.internal.DefaultIdentifierGeneratorFactory  - Registering IdentifierGenerator strategy [sequence-identity] -&gt; [org.hibernate.id.SequenceIdentityGenerator]
[main] DEBUG org.hibernate.id.factory.internal.DefaultIdentifierGeneratorFactory  - Registering IdentifierGenerator strategy [enhanced-sequence] -&gt; [org.hibernate.id.enhanced.SequenceStyleGenerator]
[main] DEBUG org.hibernate.id.factory.internal.DefaultIdentifierGeneratorFactory  - Registering IdentifierGenerator strategy [enhanced-table] -&gt; [org.hibernate.id.enhanced.TableGenerator]
[main] DEBUG org.hibernate.ejb.Ejb3Configuration  - Processing PersistenceUnitInfo [
	name: default
	persistence provider classname: null
	classloader: sun.misc.Launcher$AppClassLoader@135fbaa4
	Temporary classloader: org.springframework.instrument.classloading.SimpleThrowawayClassLoader@10643593
	excludeUnlistedClasses: true
	JTA datasource: null
	Non JTA datasource: org.springframework.jdbc.datasource.DriverManagerDataSource@f91da5e
	Transaction type: RESOURCE_LOCAL
	PU root URL: file:/home/vova/Desktop/ATS/src/target/test-classes/
	Shared Cache Mode: UNSPECIFIED
	Validation Mode: AUTO
	Jar files URLs []
	Managed classes names [
		ru.testingsystem.data.entity.GroupEntity]
	Mapping files names []
	Properties []
[main] DEBUG org.hibernate.ejb.Ejb3Configuration  - Detect class: true; detect hbm: true
[main] DEBUG org.hibernate.ejb.packaging.AbstractJarVisitor  - Searching mapped entities in jar/par: file:/home/vova/Desktop/ATS/src/target/test-classes/
[main] DEBUG org.hibernate.ejb.packaging.AbstractJarVisitor  - Filtering: ru.testingsystem.auethentification.AuethentificationTest
[main] DEBUG org.hibernate.ejb.packaging.AbstractJarVisitor  - Filtering: ru.testingsystem.compilers.CompilerCppTest
[main] DEBUG org.hibernate.ejb.packaging.AbstractJarVisitor  - Filtering: ru.testingsystem.compilers.ByteCodeInterpreterJavaTest
[main] DEBUG org.hibernate.ejb.packaging.AbstractJarVisitor  - Filtering: ru.testingsystem.compilers.CompilerCTest
[main] DEBUG org.hibernate.integrator.internal.IntegratorServiceImpl  - Adding Integrator [org.hibernate.cfg.beanvalidation.BeanValidationIntegrator].
[main] DEBUG org.hibernate.integrator.internal.IntegratorServiceImpl  - Adding Integrator [org.hibernate.ejb.event.JpaIntegrator].
[main] DEBUG org.hibernate.ejb.util.NamingHelper  - No JNDI name configured for binding Ejb3Configuration
[main] DEBUG org.hibernate.cfg.Configuration  - Preparing to build session factory with filters : {}
[main] INFO  org.hibernate.service.jdbc.connections.internal.ConnectionProviderInitiator  - HHH000130: Instantiating explicit connection provider: org.hibernate.ejb.connection.InjectedDataSourceConnectionProvider
[main] DEBUG org.hibernate.engine.jdbc.internal.JdbcServicesImpl  - Database -&gt;
       name : MySQL
    version : 5.7.21-0ubuntu0.17.10.1
      major : 5
      minor : 7
[main] DEBUG org.hibernate.engine.jdbc.internal.JdbcServicesImpl  - Driver -&gt;
       name : MySQL Connector Java
    version : mysql-connector-java-6.0.6 ( Revision: 3dab84f4d9bede3cdd14d57b99e9e98a02a5b97d )
      major : 6
      minor : 0
[main] DEBUG org.hibernate.engine.jdbc.internal.JdbcServicesImpl  - JDBC version : 4.1
[main] INFO  org.hibernate.dialect.Dialect  - HHH000400: Using dialect: org.hibernate.dialect.MySQLDialect
[main] DEBUG org.hibernate.cfg.Configuration  - Processing hbm.xml files
[main] DEBUG org.hibernate.cfg.Configuration  - Process annotated classes
[main] DEBUG org.hibernate.cfg.AnnotationBinder  - Binding entity from annotated class: ru.testingsystem.data.entity.GroupEntity
[main] DEBUG org.hibernate.cfg.Ejb3Column  - Binding column: Ejb3DiscriminatorColumn{logicalColumnName&apos;DTYPE&apos;, discriminatorTypeName=&apos;string&apos;}
[main] DEBUG org.hibernate.cfg.annotations.EntityBinder  - Import with entity name GroupEntity
[main] DEBUG org.hibernate.cfg.annotations.EntityBinder  - Bind entity ru.testingsystem.data.entity.GroupEntity on table groups
</system-out>
  </testcase>
  <testcase classname="ru.testingsystem.compilers.ByteCodeInterpreterJavaTest" name="runProgramAndCheckResult" time="0.002">
    <error message="Failed to load ApplicationContext" type="java.lang.IllegalStateException">java.lang.IllegalStateException: Failed to load ApplicationContext
	at org.springframework.test.context.cache.DefaultCacheAwareContextLoaderDelegate.loadContext(DefaultCacheAwareContextLoaderDelegate.java:125)
	at org.springframework.test.context.support.DefaultTestContext.getApplicationContext(DefaultTestContext.java:107)
	at org.springframework.test.context.web.ServletTestExecutionListener.setUpRequestContextIfNecessary(ServletTestExecutionListener.java:190)
	at org.springframework.test.context.web.ServletTestExecutionListener.prepareTestInstance(ServletTestExecutionListener.java:132)
	at org.springframework.test.context.TestContextManager.prepareTestInstance(TestContextManager.java:242)
	at org.springframework.test.context.junit4.SpringJUnit4ClassRunner.createTest(SpringJUnit4ClassRunner.java:227)
	at org.springframework.test.context.junit4.SpringJUnit4ClassRunner$1.runReflectiveCall(SpringJUnit4ClassRunner.java:289)
	at org.junit.internal.runners.model.ReflectiveCallable.run(ReflectiveCallable.java:12)
	at org.springframework.test.context.junit4.SpringJUnit4ClassRunner.methodBlock(SpringJUnit4ClassRunner.java:291)
	at org.springframework.test.context.junit4.SpringJUnit4ClassRunner.runChild(SpringJUnit4ClassRunner.java:246)
	at org.springframework.test.context.junit4.SpringJUnit4ClassRunner.runChild(SpringJUnit4ClassRunner.java:97)
	at org.junit.runners.ParentRunner$3.run(ParentRunner.java:290)
	at org.junit.runners.ParentRunner$1.schedule(ParentRunner.java:71)
	at org.junit.runners.ParentRunner.runChildren(ParentRunner.java:288)
	at org.junit.runners.ParentRunner.access$000(ParentRunner.java:58)
	at org.junit.runners.ParentRunner$2.evaluate(ParentRunner.java:268)
	at org.springframework.test.context.junit4.statements.RunBeforeTestClassCallbacks.evaluate(RunBeforeTestClassCallbacks.java:61)
	at org.springframework.test.context.junit4.statements.RunAfterTestClassCallbacks.evaluate(RunAfterTestClassCallbacks.java:70)
	at org.junit.runners.ParentRunner.run(ParentRunner.java:363)
	at org.springframework.test.context.junit4.SpringJUnit4ClassRunner.run(SpringJUnit4ClassRunner.java:190)
	at org.apache.maven.surefire.junit4.JUnit4Provider.execute(JUnit4Provider.java:252)
	at org.apache.maven.surefire.junit4.JUnit4Provider.executeTestSet(JUnit4Provider.java:141)
	at org.apache.maven.surefire.junit4.JUnit4Provider.invoke(JUnit4Provider.java:112)
	at sun.reflect.NativeMethodAccessorImpl.invoke0(Native Method)
	at sun.reflect.NativeMethodAccessorImpl.invoke(NativeMethodAccessorImpl.java:62)
	at sun.reflect.DelegatingMethodAccessorImpl.invoke(DelegatingMethodAccessorImpl.java:43)
	at java.lang.reflect.Method.invoke(Method.java:498)
	at org.apache.maven.surefire.util.ReflectionUtils.invokeMethodWithArray(ReflectionUtils.java:189)
	at org.apache.maven.surefire.booter.ProviderFactory$ProviderProxy.invoke(ProviderFactory.java:165)
	at org.apache.maven.surefire.booter.ProviderFactory.invokeProvider(ProviderFactory.java:85)
	at org.apache.maven.surefire.booter.ForkedBooter.runSuitesInProcess(ForkedBooter.java:115)
	at org.apache.maven.surefire.booter.ForkedBooter.main(ForkedBooter.java:75)
Caused by: org.springframework.beans.factory.BeanCreationException: Error creating bean with name &apos;entityManagerFactory&apos; defined in ru.testingsystem.configuration.DataConfig: Invocation of init method failed; nested exception is javax.persistence.PersistenceException: [PersistenceUnit: default] Unable to build EntityManagerFactory
	at org.springframework.beans.factory.support.AbstractAutowireCapableBeanFactory.initializeBean(AbstractAutowireCapableBeanFactory.java:1710)
	at org.springframework.beans.factory.support.AbstractAutowireCapableBeanFactory.doCreateBean(AbstractAutowireCapableBeanFactory.java:583)
	at org.springframework.beans.factory.support.AbstractAutowireCapableBeanFactory.createBean(AbstractAutowireCapableBeanFactory.java:502)
	at org.springframework.beans.factory.support.AbstractBeanFactory.lambda$doGetBean$0(AbstractBeanFactory.java:312)
	at org.springframework.beans.factory.support.DefaultSingletonBeanRegistry.getSingleton(DefaultSingletonBeanRegistry.java:228)
	at org.springframework.beans.factory.support.AbstractBeanFactory.doGetBean(AbstractBeanFactory.java:310)
	at org.springframework.beans.factory.support.AbstractBeanFactory.getBean(AbstractBeanFactory.java:200)
	at org.springframework.context.support.AbstractApplicationContext.getBean(AbstractApplicationContext.java:1085)
	at org.springframework.context.support.AbstractApplicationContext.finishBeanFactoryInitialization(AbstractApplicationContext.java:858)
	at org.springframework.context.support.AbstractApplicationContext.refresh(AbstractApplicationContext.java:549)
	at org.springframework.test.context.web.AbstractGenericWebContextLoader.loadContext(AbstractGenericWebContextLoader.java:129)
	at org.springframework.test.context.web.AbstractGenericWebContextLoader.loadContext(AbstractGenericWebContextLoader.java:61)
	at org.springframework.test.context.support.AbstractDelegatingSmartContextLoader.delegateLoading(AbstractDelegatingSmartContextLoader.java:107)
	at org.springframework.test.context.support.AbstractDelegatingSmartContextLoader.loadContext(AbstractDelegatingSmartContextLoader.java:243)
	at org.springframework.test.context.cache.DefaultCacheAwareContextLoaderDelegate.loadContextInternal(DefaultCacheAwareContextLoaderDelegate.java:99)
	at org.springframework.test.context.cache.DefaultCacheAwareContextLoaderDelegate.loadContext(DefaultCacheAwareContextLoaderDelegate.java:117)
	... 31 more
Caused by: javax.persistence.PersistenceException: [PersistenceUnit: default] Unable to build EntityManagerFactory
	at org.hibernate.ejb.Ejb3Configuration.buildEntityManagerFactory(Ejb3Configuration.java:924)
	at org.hibernate.ejb.Ejb3Configuration.buildEntityManagerFactory(Ejb3Configuration.java:899)
	at org.hibernate.ejb.HibernatePersistence.createContainerEntityManagerFactory(HibernatePersistence.java:76)
	at org.springframework.orm.jpa.LocalContainerEntityManagerFactoryBean.createNativeEntityManagerFactory(LocalContainerEntityManagerFactoryBean.java:287)
	at org.springframework.orm.jpa.AbstractEntityManagerFactoryBean.afterPropertiesSet(AbstractEntityManagerFactoryBean.java:310)
	at org.springframework.beans.factory.support.AbstractAutowireCapableBeanFactory.invokeInitMethods(AbstractAutowireCapableBeanFactory.java:1769)
	at org.springframework.beans.factory.support.AbstractAutowireCapableBeanFactory.initializeBean(AbstractAutowireCapableBeanFactory.java:1706)
	... 46 more
Caused by: org.hibernate.AnnotationException: No identifier specified for entity: ru.testingsystem.data.entity.GroupEntity
	at org.hibernate.cfg.InheritanceState.determineDefaultAccessType(InheritanceState.java:277)
	at org.hibernate.cfg.InheritanceState.getElementsToProcess(InheritanceState.java:224)
	at org.hibernate.cfg.AnnotationBinder.bindClass(AnnotationBinder.java:665)
	at org.hibernate.cfg.Configuration$MetadataSourceQueue.processAnnotatedClassesQueue(Configuration.java:3533)
	at org.hibernate.cfg.Configuration$MetadataSourceQueue.processMetadata(Configuration.java:3487)
	at org.hibernate.cfg.Configuration.secondPassCompile(Configuration.java:1376)
	at org.hibernate.cfg.Configuration.buildSessionFactory(Configuration.java:1777)
	at org.hibernate.ejb.EntityManagerFactoryImpl.&lt;init&gt;(EntityManagerFactoryImpl.java:96)
	at org.hibernate.ejb.Ejb3Configuration.buildEntityManagerFactory(Ejb3Configuration.java:914)
	... 52 more
</error>
    <system-out>[main] DEBUG org.hibernate.type.BasicTypeRegistry  - Adding type registration boolean -&gt; org.hibernate.type.BooleanType@63f259c3
[main] DEBUG org.hibernate.type.BasicTypeRegistry  - Adding type registration boolean -&gt; org.hibernate.type.BooleanType@63f259c3
[main] DEBUG org.hibernate.type.BasicTypeRegistry  - Adding type registration java.lang.Boolean -&gt; org.hibernate.type.BooleanType@63f259c3
[main] DEBUG org.hibernate.type.BasicTypeRegistry  - Adding type registration numeric_boolean -&gt; org.hibernate.type.NumericBooleanType@5c2375a9
[main] DEBUG org.hibernate.type.BasicTypeRegistry  - Adding type registration true_false -&gt; org.hibernate.type.TrueFalseType@558bdf1f
[main] DEBUG org.hibernate.type.BasicTypeRegistry  - Adding type registration yes_no -&gt; org.hibernate.type.YesNoType@67545b57
[main] DEBUG org.hibernate.type.BasicTypeRegistry  - Adding type registration byte -&gt; org.hibernate.type.ByteType@4716be8b
[main] DEBUG org.hibernate.type.BasicTypeRegistry  - Adding type registration byte -&gt; org.hibernate.type.ByteType@4716be8b
[main] DEBUG org.hibernate.type.BasicTypeRegistry  - Adding type registration java.lang.Byte -&gt; org.hibernate.type.ByteType@4716be8b
[main] DEBUG org.hibernate.type.BasicTypeRegistry  - Adding type registration character -&gt; org.hibernate.type.CharacterType@6cce16f4
[main] DEBUG org.hibernate.type.BasicTypeRegistry  - Adding type registration char -&gt; org.hibernate.type.CharacterType@6cce16f4
[main] DEBUG org.hibernate.type.BasicTypeRegistry  - Adding type registration java.lang.Character -&gt; org.hibernate.type.CharacterType@6cce16f4
[main] DEBUG org.hibernate.type.BasicTypeRegistry  - Adding type registration short -&gt; org.hibernate.type.ShortType@5505ae1a
[main] DEBUG org.hibernate.type.BasicTypeRegistry  - Adding type registration short -&gt; org.hibernate.type.ShortType@5505ae1a
[main] DEBUG org.hibernate.type.BasicTypeRegistry  - Adding type registration java.lang.Short -&gt; org.hibernate.type.ShortType@5505ae1a
[main] DEBUG org.hibernate.type.BasicTypeRegistry  - Adding type registration integer -&gt; org.hibernate.type.IntegerType@60df60da
[main] DEBUG org.hibernate.type.BasicTypeRegistry  - Adding type registration int -&gt; org.hibernate.type.IntegerType@60df60da
[main] DEBUG org.hibernate.type.BasicTypeRegistry  - Adding type registration java.lang.Integer -&gt; org.hibernate.type.IntegerType@60df60da
[main] DEBUG org.hibernate.type.BasicTypeRegistry  - Adding type registration long -&gt; org.hibernate.type.LongType@1800a575
[main] DEBUG org.hibernate.type.BasicTypeRegistry  - Adding type registration long -&gt; org.hibernate.type.LongType@1800a575
[main] DEBUG org.hibernate.type.BasicTypeRegistry  - Adding type registration java.lang.Long -&gt; org.hibernate.type.LongType@1800a575
[main] DEBUG org.hibernate.type.BasicTypeRegistry  - Adding type registration float -&gt; org.hibernate.type.FloatType@a4add54
[main] DEBUG org.hibernate.type.BasicTypeRegistry  - Adding type registration float -&gt; org.hibernate.type.FloatType@a4add54
[main] DEBUG org.hibernate.type.BasicTypeRegistry  - Adding type registration java.lang.Float -&gt; org.hibernate.type.FloatType@a4add54
[main] DEBUG org.hibernate.type.BasicTypeRegistry  - Adding type registration double -&gt; org.hibernate.type.DoubleType@6ccdb29f
[main] DEBUG org.hibernate.type.BasicTypeRegistry  - Adding type registration double -&gt; org.hibernate.type.DoubleType@6ccdb29f
[main] DEBUG org.hibernate.type.BasicTypeRegistry  - Adding type registration java.lang.Double -&gt; org.hibernate.type.DoubleType@6ccdb29f
[main] DEBUG org.hibernate.type.BasicTypeRegistry  - Adding type registration big_decimal -&gt; org.hibernate.type.BigDecimalType@3b96c42e
[main] DEBUG org.hibernate.type.BasicTypeRegistry  - Adding type registration java.math.BigDecimal -&gt; org.hibernate.type.BigDecimalType@3b96c42e
[main] DEBUG org.hibernate.type.BasicTypeRegistry  - Adding type registration big_integer -&gt; org.hibernate.type.BigIntegerType@3899782c
[main] DEBUG org.hibernate.type.BasicTypeRegistry  - Adding type registration java.math.BigInteger -&gt; org.hibernate.type.BigIntegerType@3899782c
[main] DEBUG org.hibernate.type.BasicTypeRegistry  - Adding type registration string -&gt; org.hibernate.type.StringType@30e868be
[main] DEBUG org.hibernate.type.BasicTypeRegistry  - Adding type registration java.lang.String -&gt; org.hibernate.type.StringType@30e868be
[main] DEBUG org.hibernate.type.BasicTypeRegistry  - Adding type registration nstring -&gt; org.hibernate.type.StringNVarcharType@13ad5cd3
[main] DEBUG org.hibernate.type.BasicTypeRegistry  - Adding type registration ncharacter -&gt; org.hibernate.type.CharacterNCharType@6581dc0a
[main] DEBUG org.hibernate.type.BasicTypeRegistry  - Adding type registration url -&gt; org.hibernate.type.UrlType@77128536
[main] DEBUG org.hibernate.type.BasicTypeRegistry  - Adding type registration java.net.URL -&gt; org.hibernate.type.UrlType@77128536
[main] DEBUG org.hibernate.type.BasicTypeRegistry  - Adding type registration date -&gt; org.hibernate.type.DateType@4f5991f6
[main] DEBUG org.hibernate.type.BasicTypeRegistry  - Adding type registration java.sql.Date -&gt; org.hibernate.type.DateType@4f5991f6
[main] DEBUG org.hibernate.type.BasicTypeRegistry  - Adding type registration time -&gt; org.hibernate.type.TimeType@32c726ee
[main] DEBUG org.hibernate.type.BasicTypeRegistry  - Adding type registration java.sql.Time -&gt; org.hibernate.type.TimeType@32c726ee
[main] DEBUG org.hibernate.type.BasicTypeRegistry  - Adding type registration timestamp -&gt; org.hibernate.type.TimestampType@7f0d96f2
[main] DEBUG org.hibernate.type.BasicTypeRegistry  - Adding type registration java.sql.Timestamp -&gt; org.hibernate.type.TimestampType@7f0d96f2
[main] DEBUG org.hibernate.type.BasicTypeRegistry  - Adding type registration java.util.Date -&gt; org.hibernate.type.TimestampType@7f0d96f2
[main] DEBUG org.hibernate.type.BasicTypeRegistry  - Adding type registration dbtimestamp -&gt; org.hibernate.type.DbTimestampType@524f3b3a
[main] DEBUG org.hibernate.type.BasicTypeRegistry  - Adding type registration calendar -&gt; org.hibernate.type.CalendarType@77102b91
[main] DEBUG org.hibernate.type.BasicTypeRegistry  - Adding type registration java.util.Calendar -&gt; org.hibernate.type.CalendarType@77102b91
[main] DEBUG org.hibernate.type.BasicTypeRegistry  - Adding type registration java.util.GregorianCalendar -&gt; org.hibernate.type.CalendarType@77102b91
[main] DEBUG org.hibernate.type.BasicTypeRegistry  - Adding type registration calendar_date -&gt; org.hibernate.type.CalendarDateType@58be6e8
[main] DEBUG org.hibernate.type.BasicTypeRegistry  - Adding type registration locale -&gt; org.hibernate.type.LocaleType@2bd08376
[main] DEBUG org.hibernate.type.BasicTypeRegistry  - Adding type registration java.util.Locale -&gt; org.hibernate.type.LocaleType@2bd08376
[main] DEBUG org.hibernate.type.BasicTypeRegistry  - Adding type registration currency -&gt; org.hibernate.type.CurrencyType@42b02722
[main] DEBUG org.hibernate.type.BasicTypeRegistry  - Adding type registration java.util.Currency -&gt; org.hibernate.type.CurrencyType@42b02722
[main] DEBUG org.hibernate.type.BasicTypeRegistry  - Adding type registration timezone -&gt; org.hibernate.type.TimeZoneType@5ce8d869
[main] DEBUG org.hibernate.type.BasicTypeRegistry  - Adding type registration java.util.TimeZone -&gt; org.hibernate.type.TimeZoneType@5ce8d869
[main] DEBUG org.hibernate.type.BasicTypeRegistry  - Adding type registration class -&gt; org.hibernate.type.ClassType@7a1234bf
[main] DEBUG org.hibernate.type.BasicTypeRegistry  - Adding type registration java.lang.Class -&gt; org.hibernate.type.ClassType@7a1234bf
[main] DEBUG org.hibernate.type.BasicTypeRegistry  - Adding type registration uuid-binary -&gt; org.hibernate.type.UUIDBinaryType@539d019
[main] DEBUG org.hibernate.type.BasicTypeRegistry  - Adding type registration java.util.UUID -&gt; org.hibernate.type.UUIDBinaryType@539d019
[main] DEBUG org.hibernate.type.BasicTypeRegistry  - Adding type registration uuid-char -&gt; org.hibernate.type.UUIDCharType@8c3619e
[main] DEBUG org.hibernate.type.BasicTypeRegistry  - Adding type registration pg-uuid -&gt; org.hibernate.type.PostgresUUIDType@5bf8fa12
[main] DEBUG org.hibernate.type.BasicTypeRegistry  - Adding type registration binary -&gt; org.hibernate.type.BinaryType@3c7c886c
[main] DEBUG org.hibernate.type.BasicTypeRegistry  - Adding type registration byte[] -&gt; org.hibernate.type.BinaryType@3c7c886c
[main] DEBUG org.hibernate.type.BasicTypeRegistry  - Adding type registration [B -&gt; org.hibernate.type.BinaryType@3c7c886c
[main] DEBUG org.hibernate.type.BasicTypeRegistry  - Adding type registration wrapper-binary -&gt; org.hibernate.type.WrapperBinaryType@2f16c6b3
[main] DEBUG org.hibernate.type.BasicTypeRegistry  - Adding type registration Byte[] -&gt; org.hibernate.type.WrapperBinaryType@2f16c6b3
[main] DEBUG org.hibernate.type.BasicTypeRegistry  - Adding type registration [Ljava.lang.Byte; -&gt; org.hibernate.type.WrapperBinaryType@2f16c6b3
[main] DEBUG org.hibernate.type.BasicTypeRegistry  - Adding type registration image -&gt; org.hibernate.type.ImageType@53941c2f
[main] DEBUG org.hibernate.type.BasicTypeRegistry  - Adding type registration characters -&gt; org.hibernate.type.CharArrayType@65a15628
[main] DEBUG org.hibernate.type.BasicTypeRegistry  - Adding type registration char[] -&gt; org.hibernate.type.CharArrayType@65a15628
[main] DEBUG org.hibernate.type.BasicTypeRegistry  - Adding type registration [C -&gt; org.hibernate.type.CharArrayType@65a15628
[main] DEBUG org.hibernate.type.BasicTypeRegistry  - Adding type registration wrapper-characters -&gt; org.hibernate.type.CharacterArrayType@7e4204e2
[main] DEBUG org.hibernate.type.BasicTypeRegistry  - Adding type registration [Ljava.lang.Character; -&gt; org.hibernate.type.CharacterArrayType@7e4204e2
[main] DEBUG org.hibernate.type.BasicTypeRegistry  - Adding type registration Character[] -&gt; org.hibernate.type.CharacterArrayType@7e4204e2
[main] DEBUG org.hibernate.type.BasicTypeRegistry  - Adding type registration text -&gt; org.hibernate.type.TextType@1b955cac
[main] DEBUG org.hibernate.type.BasicTypeRegistry  - Adding type registration ntext -&gt; org.hibernate.type.NTextType@32a68f4f
[main] DEBUG org.hibernate.type.BasicTypeRegistry  - Adding type registration blob -&gt; org.hibernate.type.BlobType@33308786
[main] DEBUG org.hibernate.type.BasicTypeRegistry  - Adding type registration java.sql.Blob -&gt; org.hibernate.type.BlobType@33308786
[main] DEBUG org.hibernate.type.BasicTypeRegistry  - Adding type registration materialized_blob -&gt; org.hibernate.type.MaterializedBlobType@5443d039
[main] DEBUG org.hibernate.type.BasicTypeRegistry  - Adding type registration clob -&gt; org.hibernate.type.ClobType@1fde5d22
[main] DEBUG org.hibernate.type.BasicTypeRegistry  - Adding type registration java.sql.Clob -&gt; org.hibernate.type.ClobType@1fde5d22
[main] DEBUG org.hibernate.type.BasicTypeRegistry  - Adding type registration nclob -&gt; org.hibernate.type.NClobType@6f3c660a
[main] DEBUG org.hibernate.type.BasicTypeRegistry  - Adding type registration java.sql.NClob -&gt; org.hibernate.type.NClobType@6f3c660a
[main] DEBUG org.hibernate.type.BasicTypeRegistry  - Adding type registration materialized_clob -&gt; org.hibernate.type.MaterializedClobType@16fdec90
[main] DEBUG org.hibernate.type.BasicTypeRegistry  - Adding type registration materialized_nclob -&gt; org.hibernate.type.MaterializedNClobType@7776ab
[main] DEBUG org.hibernate.type.BasicTypeRegistry  - Adding type registration serializable -&gt; org.hibernate.type.SerializableType@2f1de2d6
[main] DEBUG org.hibernate.type.BasicTypeRegistry  - Adding type registration object -&gt; org.hibernate.type.ObjectType@77825085
[main] DEBUG org.hibernate.type.BasicTypeRegistry  - Adding type registration java.lang.Object -&gt; org.hibernate.type.ObjectType@77825085
[main] DEBUG org.hibernate.type.BasicTypeRegistry  - Adding type registration imm_date -&gt; org.hibernate.type.AdaptedImmutableType@22eaa86e
[main] DEBUG org.hibernate.type.BasicTypeRegistry  - Adding type registration imm_time -&gt; org.hibernate.type.AdaptedImmutableType@561b7d53
[main] DEBUG org.hibernate.type.BasicTypeRegistry  - Adding type registration imm_timestamp -&gt; org.hibernate.type.AdaptedImmutableType@1cc680e
[main] DEBUG org.hibernate.type.BasicTypeRegistry  - Adding type registration imm_dbtimestamp -&gt; org.hibernate.type.AdaptedImmutableType@1dc3502b
[main] DEBUG org.hibernate.type.BasicTypeRegistry  - Adding type registration imm_calendar -&gt; org.hibernate.type.AdaptedImmutableType@6a1d3225
[main] DEBUG org.hibernate.type.BasicTypeRegistry  - Adding type registration imm_calendar_date -&gt; org.hibernate.type.AdaptedImmutableType@67e13bd0
[main] DEBUG org.hibernate.type.BasicTypeRegistry  - Adding type registration imm_binary -&gt; org.hibernate.type.AdaptedImmutableType@50fb33a
[main] DEBUG org.hibernate.type.BasicTypeRegistry  - Adding type registration imm_serializable -&gt; org.hibernate.type.AdaptedImmutableType@2cae9b8
[main] DEBUG org.hibernate.id.factory.internal.DefaultIdentifierGeneratorFactory  - Registering IdentifierGenerator strategy [uuid2] -&gt; [org.hibernate.id.UUIDGenerator]
[main] DEBUG org.hibernate.id.factory.internal.DefaultIdentifierGeneratorFactory  - Registering IdentifierGenerator strategy [guid] -&gt; [org.hibernate.id.GUIDGenerator]
[main] DEBUG org.hibernate.id.factory.internal.DefaultIdentifierGeneratorFactory  - Registering IdentifierGenerator strategy [uuid] -&gt; [org.hibernate.id.UUIDHexGenerator]
[main] DEBUG org.hibernate.id.factory.internal.DefaultIdentifierGeneratorFactory  - Registering IdentifierGenerator strategy [uuid.hex] -&gt; [org.hibernate.id.UUIDHexGenerator]
[main] DEBUG org.hibernate.id.factory.internal.DefaultIdentifierGeneratorFactory  - Registering IdentifierGenerator strategy [hilo] -&gt; [org.hibernate.id.TableHiLoGenerator]
[main] DEBUG org.hibernate.id.factory.internal.DefaultIdentifierGeneratorFactory  - Registering IdentifierGenerator strategy [assigned] -&gt; [org.hibernate.id.Assigned]
[main] DEBUG org.hibernate.id.factory.internal.DefaultIdentifierGeneratorFactory  - Registering IdentifierGenerator strategy [identity] -&gt; [org.hibernate.id.IdentityGenerator]
[main] DEBUG org.hibernate.id.factory.internal.DefaultIdentifierGeneratorFactory  - Registering IdentifierGenerator strategy [select] -&gt; [org.hibernate.id.SelectGenerator]
[main] DEBUG org.hibernate.id.factory.internal.DefaultIdentifierGeneratorFactory  - Registering IdentifierGenerator strategy [sequence] -&gt; [org.hibernate.id.SequenceGenerator]
[main] DEBUG org.hibernate.id.factory.internal.DefaultIdentifierGeneratorFactory  - Registering IdentifierGenerator strategy [seqhilo] -&gt; [org.hibernate.id.SequenceHiLoGenerator]
[main] DEBUG org.hibernate.id.factory.internal.DefaultIdentifierGeneratorFactory  - Registering IdentifierGenerator strategy [increment] -&gt; [org.hibernate.id.IncrementGenerator]
[main] DEBUG org.hibernate.id.factory.internal.DefaultIdentifierGeneratorFactory  - Registering IdentifierGenerator strategy [foreign] -&gt; [org.hibernate.id.ForeignGenerator]
[main] DEBUG org.hibernate.id.factory.internal.DefaultIdentifierGeneratorFactory  - Registering IdentifierGenerator strategy [sequence-identity] -&gt; [org.hibernate.id.SequenceIdentityGenerator]
[main] DEBUG org.hibernate.id.factory.internal.DefaultIdentifierGeneratorFactory  - Registering IdentifierGenerator strategy [enhanced-sequence] -&gt; [org.hibernate.id.enhanced.SequenceStyleGenerator]
[main] DEBUG org.hibernate.id.factory.internal.DefaultIdentifierGeneratorFactory  - Registering IdentifierGenerator strategy [enhanced-table] -&gt; [org.hibernate.id.enhanced.TableGenerator]
[main] DEBUG org.hibernate.ejb.Ejb3Configuration  - Processing PersistenceUnitInfo [
	name: default
	persistence provider classname: null
	classloader: sun.misc.Launcher$AppClassLoader@135fbaa4
	Temporary classloader: org.springframework.instrument.classloading.SimpleThrowawayClassLoader@1457fde
	excludeUnlistedClasses: true
	JTA datasource: null
	Non JTA datasource: org.springframework.jdbc.datasource.DriverManagerDataSource@6f94fb9d
	Transaction type: RESOURCE_LOCAL
	PU root URL: file:/home/vova/Desktop/ATS/src/target/test-classes/
	Shared Cache Mode: UNSPECIFIED
	Validation Mode: AUTO
	Jar files URLs []
	Managed classes names [
		ru.testingsystem.data.entity.GroupEntity]
	Mapping files names []
	Properties []
[main] DEBUG org.hibernate.ejb.Ejb3Configuration  - Detect class: true; detect hbm: true
[main] DEBUG org.hibernate.ejb.packaging.AbstractJarVisitor  - Searching mapped entities in jar/par: file:/home/vova/Desktop/ATS/src/target/test-classes/
[main] DEBUG org.hibernate.ejb.packaging.AbstractJarVisitor  - Filtering: ru.testingsystem.auethentification.AuethentificationTest
[main] DEBUG org.hibernate.ejb.packaging.AbstractJarVisitor  - Filtering: ru.testingsystem.compilers.CompilerCppTest
[main] DEBUG org.hibernate.ejb.packaging.AbstractJarVisitor  - Filtering: ru.testingsystem.compilers.ByteCodeInterpreterJavaTest
[main] DEBUG org.hibernate.ejb.packaging.AbstractJarVisitor  - Filtering: ru.testingsystem.compilers.CompilerCTest
[main] DEBUG org.hibernate.integrator.internal.IntegratorServiceImpl  - Adding Integrator [org.hibernate.cfg.beanvalidation.BeanValidationIntegrator].
[main] DEBUG org.hibernate.integrator.internal.IntegratorServiceImpl  - Adding Integrator [org.hibernate.ejb.event.JpaIntegrator].
[main] DEBUG org.hibernate.ejb.util.NamingHelper  - No JNDI name configured for binding Ejb3Configuration
[main] DEBUG org.hibernate.cfg.Configuration  - Preparing to build session factory with filters : {}
[main] INFO  org.hibernate.service.jdbc.connections.internal.ConnectionProviderInitiator  - HHH000130: Instantiating explicit connection provider: org.hibernate.ejb.connection.InjectedDataSourceConnectionProvider
[main] DEBUG org.hibernate.engine.jdbc.internal.JdbcServicesImpl  - Database -&gt;
       name : MySQL
    version : 5.7.21-0ubuntu0.17.10.1
      major : 5
      minor : 7
[main] DEBUG org.hibernate.engine.jdbc.internal.JdbcServicesImpl  - Driver -&gt;
       name : MySQL Connector Java
    version : mysql-connector-java-6.0.6 ( Revision: 3dab84f4d9bede3cdd14d57b99e9e98a02a5b97d )
      major : 6
      minor : 0
[main] DEBUG org.hibernate.engine.jdbc.internal.JdbcServicesImpl  - JDBC version : 4.1
[main] INFO  org.hibernate.dialect.Dialect  - HHH000400: Using dialect: org.hibernate.dialect.MySQLDialect
[main] DEBUG org.hibernate.cfg.Configuration  - Processing hbm.xml files
[main] DEBUG org.hibernate.cfg.Configuration  - Process annotated classes
[main] DEBUG org.hibernate.cfg.AnnotationBinder  - Binding entity from annotated class: ru.testingsystem.data.entity.GroupEntity
[main] DEBUG org.hibernate.cfg.Ejb3Column  - Binding column: Ejb3DiscriminatorColumn{logicalColumnName&apos;DTYPE&apos;, discriminatorTypeName=&apos;string&apos;}
[main] DEBUG org.hibernate.cfg.annotations.EntityBinder  - Import with entity name GroupEntity
[main] DEBUG org.hibernate.cfg.annotations.EntityBinder  - Bind entity ru.testingsystem.data.entity.GroupEntity on table groups
</system-out>
  </testcase>
  <testcase classname="ru.testingsystem.compilers.ByteCodeInterpreterJavaTest" name="runFailCompilation" time="0.002">
    <error message="Failed to load ApplicationContext" type="java.lang.IllegalStateException">java.lang.IllegalStateException: Failed to load ApplicationContext
	at org.springframework.test.context.cache.DefaultCacheAwareContextLoaderDelegate.loadContext(DefaultCacheAwareContextLoaderDelegate.java:125)
	at org.springframework.test.context.support.DefaultTestContext.getApplicationContext(DefaultTestContext.java:107)
	at org.springframework.test.context.web.ServletTestExecutionListener.setUpRequestContextIfNecessary(ServletTestExecutionListener.java:190)
	at org.springframework.test.context.web.ServletTestExecutionListener.prepareTestInstance(ServletTestExecutionListener.java:132)
	at org.springframework.test.context.TestContextManager.prepareTestInstance(TestContextManager.java:242)
	at org.springframework.test.context.junit4.SpringJUnit4ClassRunner.createTest(SpringJUnit4ClassRunner.java:227)
	at org.springframework.test.context.junit4.SpringJUnit4ClassRunner$1.runReflectiveCall(SpringJUnit4ClassRunner.java:289)
	at org.junit.internal.runners.model.ReflectiveCallable.run(ReflectiveCallable.java:12)
	at org.springframework.test.context.junit4.SpringJUnit4ClassRunner.methodBlock(SpringJUnit4ClassRunner.java:291)
	at org.springframework.test.context.junit4.SpringJUnit4ClassRunner.runChild(SpringJUnit4ClassRunner.java:246)
	at org.springframework.test.context.junit4.SpringJUnit4ClassRunner.runChild(SpringJUnit4ClassRunner.java:97)
	at org.junit.runners.ParentRunner$3.run(ParentRunner.java:290)
	at org.junit.runners.ParentRunner$1.schedule(ParentRunner.java:71)
	at org.junit.runners.ParentRunner.runChildren(ParentRunner.java:288)
	at org.junit.runners.ParentRunner.access$000(ParentRunner.java:58)
	at org.junit.runners.ParentRunner$2.evaluate(ParentRunner.java:268)
	at org.springframework.test.context.junit4.statements.RunBeforeTestClassCallbacks.evaluate(RunBeforeTestClassCallbacks.java:61)
	at org.springframework.test.context.junit4.statements.RunAfterTestClassCallbacks.evaluate(RunAfterTestClassCallbacks.java:70)
	at org.junit.runners.ParentRunner.run(ParentRunner.java:363)
	at org.springframework.test.context.junit4.SpringJUnit4ClassRunner.run(SpringJUnit4ClassRunner.java:190)
	at org.apache.maven.surefire.junit4.JUnit4Provider.execute(JUnit4Provider.java:252)
	at org.apache.maven.surefire.junit4.JUnit4Provider.executeTestSet(JUnit4Provider.java:141)
	at org.apache.maven.surefire.junit4.JUnit4Provider.invoke(JUnit4Provider.java:112)
	at sun.reflect.NativeMethodAccessorImpl.invoke0(Native Method)
	at sun.reflect.NativeMethodAccessorImpl.invoke(NativeMethodAccessorImpl.java:62)
	at sun.reflect.DelegatingMethodAccessorImpl.invoke(DelegatingMethodAccessorImpl.java:43)
	at java.lang.reflect.Method.invoke(Method.java:498)
	at org.apache.maven.surefire.util.ReflectionUtils.invokeMethodWithArray(ReflectionUtils.java:189)
	at org.apache.maven.surefire.booter.ProviderFactory$ProviderProxy.invoke(ProviderFactory.java:165)
	at org.apache.maven.surefire.booter.ProviderFactory.invokeProvider(ProviderFactory.java:85)
	at org.apache.maven.surefire.booter.ForkedBooter.runSuitesInProcess(ForkedBooter.java:115)
	at org.apache.maven.surefire.booter.ForkedBooter.main(ForkedBooter.java:75)
Caused by: org.springframework.beans.factory.BeanCreationException: Error creating bean with name &apos;entityManagerFactory&apos; defined in ru.testingsystem.configuration.DataConfig: Invocation of init method failed; nested exception is javax.persistence.PersistenceException: [PersistenceUnit: default] Unable to build EntityManagerFactory
	at org.springframework.beans.factory.support.AbstractAutowireCapableBeanFactory.initializeBean(AbstractAutowireCapableBeanFactory.java:1710)
	at org.springframework.beans.factory.support.AbstractAutowireCapableBeanFactory.doCreateBean(AbstractAutowireCapableBeanFactory.java:583)
	at org.springframework.beans.factory.support.AbstractAutowireCapableBeanFactory.createBean(AbstractAutowireCapableBeanFactory.java:502)
	at org.springframework.beans.factory.support.AbstractBeanFactory.lambda$doGetBean$0(AbstractBeanFactory.java:312)
	at org.springframework.beans.factory.support.DefaultSingletonBeanRegistry.getSingleton(DefaultSingletonBeanRegistry.java:228)
	at org.springframework.beans.factory.support.AbstractBeanFactory.doGetBean(AbstractBeanFactory.java:310)
	at org.springframework.beans.factory.support.AbstractBeanFactory.getBean(AbstractBeanFactory.java:200)
	at org.springframework.context.support.AbstractApplicationContext.getBean(AbstractApplicationContext.java:1085)
	at org.springframework.context.support.AbstractApplicationContext.finishBeanFactoryInitialization(AbstractApplicationContext.java:858)
	at org.springframework.context.support.AbstractApplicationContext.refresh(AbstractApplicationContext.java:549)
	at org.springframework.test.context.web.AbstractGenericWebContextLoader.loadContext(AbstractGenericWebContextLoader.java:129)
	at org.springframework.test.context.web.AbstractGenericWebContextLoader.loadContext(AbstractGenericWebContextLoader.java:61)
	at org.springframework.test.context.support.AbstractDelegatingSmartContextLoader.delegateLoading(AbstractDelegatingSmartContextLoader.java:107)
	at org.springframework.test.context.support.AbstractDelegatingSmartContextLoader.loadContext(AbstractDelegatingSmartContextLoader.java:243)
	at org.springframework.test.context.cache.DefaultCacheAwareContextLoaderDelegate.loadContextInternal(DefaultCacheAwareContextLoaderDelegate.java:99)
	at org.springframework.test.context.cache.DefaultCacheAwareContextLoaderDelegate.loadContext(DefaultCacheAwareContextLoaderDelegate.java:117)
	... 31 more
Caused by: javax.persistence.PersistenceException: [PersistenceUnit: default] Unable to build EntityManagerFactory
	at org.hibernate.ejb.Ejb3Configuration.buildEntityManagerFactory(Ejb3Configuration.java:924)
	at org.hibernate.ejb.Ejb3Configuration.buildEntityManagerFactory(Ejb3Configuration.java:899)
	at org.hibernate.ejb.HibernatePersistence.createContainerEntityManagerFactory(HibernatePersistence.java:76)
	at org.springframework.orm.jpa.LocalContainerEntityManagerFactoryBean.createNativeEntityManagerFactory(LocalContainerEntityManagerFactoryBean.java:287)
	at org.springframework.orm.jpa.AbstractEntityManagerFactoryBean.afterPropertiesSet(AbstractEntityManagerFactoryBean.java:310)
	at org.springframework.beans.factory.support.AbstractAutowireCapableBeanFactory.invokeInitMethods(AbstractAutowireCapableBeanFactory.java:1769)
	at org.springframework.beans.factory.support.AbstractAutowireCapableBeanFactory.initializeBean(AbstractAutowireCapableBeanFactory.java:1706)
	... 46 more
Caused by: org.hibernate.AnnotationException: No identifier specified for entity: ru.testingsystem.data.entity.GroupEntity
	at org.hibernate.cfg.InheritanceState.determineDefaultAccessType(InheritanceState.java:277)
	at org.hibernate.cfg.InheritanceState.getElementsToProcess(InheritanceState.java:224)
	at org.hibernate.cfg.AnnotationBinder.bindClass(AnnotationBinder.java:665)
	at org.hibernate.cfg.Configuration$MetadataSourceQueue.processAnnotatedClassesQueue(Configuration.java:3533)
	at org.hibernate.cfg.Configuration$MetadataSourceQueue.processMetadata(Configuration.java:3487)
	at org.hibernate.cfg.Configuration.secondPassCompile(Configuration.java:1376)
	at org.hibernate.cfg.Configuration.buildSessionFactory(Configuration.java:1777)
	at org.hibernate.ejb.EntityManagerFactoryImpl.&lt;init&gt;(EntityManagerFactoryImpl.java:96)
	at org.hibernate.ejb.Ejb3Configuration.buildEntityManagerFactory(Ejb3Configuration.java:914)
	... 52 more
</error>
    <system-out>[main] DEBUG org.hibernate.type.BasicTypeRegistry  - Adding type registration boolean -&gt; org.hibernate.type.BooleanType@63f259c3
[main] DEBUG org.hibernate.type.BasicTypeRegistry  - Adding type registration boolean -&gt; org.hibernate.type.BooleanType@63f259c3
[main] DEBUG org.hibernate.type.BasicTypeRegistry  - Adding type registration java.lang.Boolean -&gt; org.hibernate.type.BooleanType@63f259c3
[main] DEBUG org.hibernate.type.BasicTypeRegistry  - Adding type registration numeric_boolean -&gt; org.hibernate.type.NumericBooleanType@5c2375a9
[main] DEBUG org.hibernate.type.BasicTypeRegistry  - Adding type registration true_false -&gt; org.hibernate.type.TrueFalseType@558bdf1f
[main] DEBUG org.hibernate.type.BasicTypeRegistry  - Adding type registration yes_no -&gt; org.hibernate.type.YesNoType@67545b57
[main] DEBUG org.hibernate.type.BasicTypeRegistry  - Adding type registration byte -&gt; org.hibernate.type.ByteType@4716be8b
[main] DEBUG org.hibernate.type.BasicTypeRegistry  - Adding type registration byte -&gt; org.hibernate.type.ByteType@4716be8b
[main] DEBUG org.hibernate.type.BasicTypeRegistry  - Adding type registration java.lang.Byte -&gt; org.hibernate.type.ByteType@4716be8b
[main] DEBUG org.hibernate.type.BasicTypeRegistry  - Adding type registration character -&gt; org.hibernate.type.CharacterType@6cce16f4
[main] DEBUG org.hibernate.type.BasicTypeRegistry  - Adding type registration char -&gt; org.hibernate.type.CharacterType@6cce16f4
[main] DEBUG org.hibernate.type.BasicTypeRegistry  - Adding type registration java.lang.Character -&gt; org.hibernate.type.CharacterType@6cce16f4
[main] DEBUG org.hibernate.type.BasicTypeRegistry  - Adding type registration short -&gt; org.hibernate.type.ShortType@5505ae1a
[main] DEBUG org.hibernate.type.BasicTypeRegistry  - Adding type registration short -&gt; org.hibernate.type.ShortType@5505ae1a
[main] DEBUG org.hibernate.type.BasicTypeRegistry  - Adding type registration java.lang.Short -&gt; org.hibernate.type.ShortType@5505ae1a
[main] DEBUG org.hibernate.type.BasicTypeRegistry  - Adding type registration integer -&gt; org.hibernate.type.IntegerType@60df60da
[main] DEBUG org.hibernate.type.BasicTypeRegistry  - Adding type registration int -&gt; org.hibernate.type.IntegerType@60df60da
[main] DEBUG org.hibernate.type.BasicTypeRegistry  - Adding type registration java.lang.Integer -&gt; org.hibernate.type.IntegerType@60df60da
[main] DEBUG org.hibernate.type.BasicTypeRegistry  - Adding type registration long -&gt; org.hibernate.type.LongType@1800a575
[main] DEBUG org.hibernate.type.BasicTypeRegistry  - Adding type registration long -&gt; org.hibernate.type.LongType@1800a575
[main] DEBUG org.hibernate.type.BasicTypeRegistry  - Adding type registration java.lang.Long -&gt; org.hibernate.type.LongType@1800a575
[main] DEBUG org.hibernate.type.BasicTypeRegistry  - Adding type registration float -&gt; org.hibernate.type.FloatType@a4add54
[main] DEBUG org.hibernate.type.BasicTypeRegistry  - Adding type registration float -&gt; org.hibernate.type.FloatType@a4add54
[main] DEBUG org.hibernate.type.BasicTypeRegistry  - Adding type registration java.lang.Float -&gt; org.hibernate.type.FloatType@a4add54
[main] DEBUG org.hibernate.type.BasicTypeRegistry  - Adding type registration double -&gt; org.hibernate.type.DoubleType@6ccdb29f
[main] DEBUG org.hibernate.type.BasicTypeRegistry  - Adding type registration double -&gt; org.hibernate.type.DoubleType@6ccdb29f
[main] DEBUG org.hibernate.type.BasicTypeRegistry  - Adding type registration java.lang.Double -&gt; org.hibernate.type.DoubleType@6ccdb29f
[main] DEBUG org.hibernate.type.BasicTypeRegistry  - Adding type registration big_decimal -&gt; org.hibernate.type.BigDecimalType@3b96c42e
[main] DEBUG org.hibernate.type.BasicTypeRegistry  - Adding type registration java.math.BigDecimal -&gt; org.hibernate.type.BigDecimalType@3b96c42e
[main] DEBUG org.hibernate.type.BasicTypeRegistry  - Adding type registration big_integer -&gt; org.hibernate.type.BigIntegerType@3899782c
[main] DEBUG org.hibernate.type.BasicTypeRegistry  - Adding type registration java.math.BigInteger -&gt; org.hibernate.type.BigIntegerType@3899782c
[main] DEBUG org.hibernate.type.BasicTypeRegistry  - Adding type registration string -&gt; org.hibernate.type.StringType@30e868be
[main] DEBUG org.hibernate.type.BasicTypeRegistry  - Adding type registration java.lang.String -&gt; org.hibernate.type.StringType@30e868be
[main] DEBUG org.hibernate.type.BasicTypeRegistry  - Adding type registration nstring -&gt; org.hibernate.type.StringNVarcharType@13ad5cd3
[main] DEBUG org.hibernate.type.BasicTypeRegistry  - Adding type registration ncharacter -&gt; org.hibernate.type.CharacterNCharType@6581dc0a
[main] DEBUG org.hibernate.type.BasicTypeRegistry  - Adding type registration url -&gt; org.hibernate.type.UrlType@77128536
[main] DEBUG org.hibernate.type.BasicTypeRegistry  - Adding type registration java.net.URL -&gt; org.hibernate.type.UrlType@77128536
[main] DEBUG org.hibernate.type.BasicTypeRegistry  - Adding type registration date -&gt; org.hibernate.type.DateType@4f5991f6
[main] DEBUG org.hibernate.type.BasicTypeRegistry  - Adding type registration java.sql.Date -&gt; org.hibernate.type.DateType@4f5991f6
[main] DEBUG org.hibernate.type.BasicTypeRegistry  - Adding type registration time -&gt; org.hibernate.type.TimeType@32c726ee
[main] DEBUG org.hibernate.type.BasicTypeRegistry  - Adding type registration java.sql.Time -&gt; org.hibernate.type.TimeType@32c726ee
[main] DEBUG org.hibernate.type.BasicTypeRegistry  - Adding type registration timestamp -&gt; org.hibernate.type.TimestampType@7f0d96f2
[main] DEBUG org.hibernate.type.BasicTypeRegistry  - Adding type registration java.sql.Timestamp -&gt; org.hibernate.type.TimestampType@7f0d96f2
[main] DEBUG org.hibernate.type.BasicTypeRegistry  - Adding type registration java.util.Date -&gt; org.hibernate.type.TimestampType@7f0d96f2
[main] DEBUG org.hibernate.type.BasicTypeRegistry  - Adding type registration dbtimestamp -&gt; org.hibernate.type.DbTimestampType@524f3b3a
[main] DEBUG org.hibernate.type.BasicTypeRegistry  - Adding type registration calendar -&gt; org.hibernate.type.CalendarType@77102b91
[main] DEBUG org.hibernate.type.BasicTypeRegistry  - Adding type registration java.util.Calendar -&gt; org.hibernate.type.CalendarType@77102b91
[main] DEBUG org.hibernate.type.BasicTypeRegistry  - Adding type registration java.util.GregorianCalendar -&gt; org.hibernate.type.CalendarType@77102b91
[main] DEBUG org.hibernate.type.BasicTypeRegistry  - Adding type registration calendar_date -&gt; org.hibernate.type.CalendarDateType@58be6e8
[main] DEBUG org.hibernate.type.BasicTypeRegistry  - Adding type registration locale -&gt; org.hibernate.type.LocaleType@2bd08376
[main] DEBUG org.hibernate.type.BasicTypeRegistry  - Adding type registration java.util.Locale -&gt; org.hibernate.type.LocaleType@2bd08376
[main] DEBUG org.hibernate.type.BasicTypeRegistry  - Adding type registration currency -&gt; org.hibernate.type.CurrencyType@42b02722
[main] DEBUG org.hibernate.type.BasicTypeRegistry  - Adding type registration java.util.Currency -&gt; org.hibernate.type.CurrencyType@42b02722
[main] DEBUG org.hibernate.type.BasicTypeRegistry  - Adding type registration timezone -&gt; org.hibernate.type.TimeZoneType@5ce8d869
[main] DEBUG org.hibernate.type.BasicTypeRegistry  - Adding type registration java.util.TimeZone -&gt; org.hibernate.type.TimeZoneType@5ce8d869
[main] DEBUG org.hibernate.type.BasicTypeRegistry  - Adding type registration class -&gt; org.hibernate.type.ClassType@7a1234bf
[main] DEBUG org.hibernate.type.BasicTypeRegistry  - Adding type registration java.lang.Class -&gt; org.hibernate.type.ClassType@7a1234bf
[main] DEBUG org.hibernate.type.BasicTypeRegistry  - Adding type registration uuid-binary -&gt; org.hibernate.type.UUIDBinaryType@539d019
[main] DEBUG org.hibernate.type.BasicTypeRegistry  - Adding type registration java.util.UUID -&gt; org.hibernate.type.UUIDBinaryType@539d019
[main] DEBUG org.hibernate.type.BasicTypeRegistry  - Adding type registration uuid-char -&gt; org.hibernate.type.UUIDCharType@8c3619e
[main] DEBUG org.hibernate.type.BasicTypeRegistry  - Adding type registration pg-uuid -&gt; org.hibernate.type.PostgresUUIDType@5bf8fa12
[main] DEBUG org.hibernate.type.BasicTypeRegistry  - Adding type registration binary -&gt; org.hibernate.type.BinaryType@3c7c886c
[main] DEBUG org.hibernate.type.BasicTypeRegistry  - Adding type registration byte[] -&gt; org.hibernate.type.BinaryType@3c7c886c
[main] DEBUG org.hibernate.type.BasicTypeRegistry  - Adding type registration [B -&gt; org.hibernate.type.BinaryType@3c7c886c
[main] DEBUG org.hibernate.type.BasicTypeRegistry  - Adding type registration wrapper-binary -&gt; org.hibernate.type.WrapperBinaryType@2f16c6b3
[main] DEBUG org.hibernate.type.BasicTypeRegistry  - Adding type registration Byte[] -&gt; org.hibernate.type.WrapperBinaryType@2f16c6b3
[main] DEBUG org.hibernate.type.BasicTypeRegistry  - Adding type registration [Ljava.lang.Byte; -&gt; org.hibernate.type.WrapperBinaryType@2f16c6b3
[main] DEBUG org.hibernate.type.BasicTypeRegistry  - Adding type registration image -&gt; org.hibernate.type.ImageType@53941c2f
[main] DEBUG org.hibernate.type.BasicTypeRegistry  - Adding type registration characters -&gt; org.hibernate.type.CharArrayType@65a15628
[main] DEBUG org.hibernate.type.BasicTypeRegistry  - Adding type registration char[] -&gt; org.hibernate.type.CharArrayType@65a15628
[main] DEBUG org.hibernate.type.BasicTypeRegistry  - Adding type registration [C -&gt; org.hibernate.type.CharArrayType@65a15628
[main] DEBUG org.hibernate.type.BasicTypeRegistry  - Adding type registration wrapper-characters -&gt; org.hibernate.type.CharacterArrayType@7e4204e2
[main] DEBUG org.hibernate.type.BasicTypeRegistry  - Adding type registration [Ljava.lang.Character; -&gt; org.hibernate.type.CharacterArrayType@7e4204e2
[main] DEBUG org.hibernate.type.BasicTypeRegistry  - Adding type registration Character[] -&gt; org.hibernate.type.CharacterArrayType@7e4204e2
[main] DEBUG org.hibernate.type.BasicTypeRegistry  - Adding type registration text -&gt; org.hibernate.type.TextType@1b955cac
[main] DEBUG org.hibernate.type.BasicTypeRegistry  - Adding type registration ntext -&gt; org.hibernate.type.NTextType@32a68f4f
[main] DEBUG org.hibernate.type.BasicTypeRegistry  - Adding type registration blob -&gt; org.hibernate.type.BlobType@33308786
[main] DEBUG org.hibernate.type.BasicTypeRegistry  - Adding type registration java.sql.Blob -&gt; org.hibernate.type.BlobType@33308786
[main] DEBUG org.hibernate.type.BasicTypeRegistry  - Adding type registration materialized_blob -&gt; org.hibernate.type.MaterializedBlobType@5443d039
[main] DEBUG org.hibernate.type.BasicTypeRegistry  - Adding type registration clob -&gt; org.hibernate.type.ClobType@1fde5d22
[main] DEBUG org.hibernate.type.BasicTypeRegistry  - Adding type registration java.sql.Clob -&gt; org.hibernate.type.ClobType@1fde5d22
[main] DEBUG org.hibernate.type.BasicTypeRegistry  - Adding type registration nclob -&gt; org.hibernate.type.NClobType@6f3c660a
[main] DEBUG org.hibernate.type.BasicTypeRegistry  - Adding type registration java.sql.NClob -&gt; org.hibernate.type.NClobType@6f3c660a
[main] DEBUG org.hibernate.type.BasicTypeRegistry  - Adding type registration materialized_clob -&gt; org.hibernate.type.MaterializedClobType@16fdec90
[main] DEBUG org.hibernate.type.BasicTypeRegistry  - Adding type registration materialized_nclob -&gt; org.hibernate.type.MaterializedNClobType@7776ab
[main] DEBUG org.hibernate.type.BasicTypeRegistry  - Adding type registration serializable -&gt; org.hibernate.type.SerializableType@2f1de2d6
[main] DEBUG org.hibernate.type.BasicTypeRegistry  - Adding type registration object -&gt; org.hibernate.type.ObjectType@77825085
[main] DEBUG org.hibernate.type.BasicTypeRegistry  - Adding type registration java.lang.Object -&gt; org.hibernate.type.ObjectType@77825085
[main] DEBUG org.hibernate.type.BasicTypeRegistry  - Adding type registration imm_date -&gt; org.hibernate.type.AdaptedImmutableType@78b612c6
[main] DEBUG org.hibernate.type.BasicTypeRegistry  - Adding type registration imm_time -&gt; org.hibernate.type.AdaptedImmutableType@257e0827
[main] DEBUG org.hibernate.type.BasicTypeRegistry  - Adding type registration imm_timestamp -&gt; org.hibernate.type.AdaptedImmutableType@22752544
[main] DEBUG org.hibernate.type.BasicTypeRegistry  - Adding type registration imm_dbtimestamp -&gt; org.hibernate.type.AdaptedImmutableType@21ba2445
[main] DEBUG org.hibernate.type.BasicTypeRegistry  - Adding type registration imm_calendar -&gt; org.hibernate.type.AdaptedImmutableType@69d23296
[main] DEBUG org.hibernate.type.BasicTypeRegistry  - Adding type registration imm_calendar_date -&gt; org.hibernate.type.AdaptedImmutableType@3c3820bb
[main] DEBUG org.hibernate.type.BasicTypeRegistry  - Adding type registration imm_binary -&gt; org.hibernate.type.AdaptedImmutableType@376c7d7d
[main] DEBUG org.hibernate.type.BasicTypeRegistry  - Adding type registration imm_serializable -&gt; org.hibernate.type.AdaptedImmutableType@4784efd9
[main] DEBUG org.hibernate.id.factory.internal.DefaultIdentifierGeneratorFactory  - Registering IdentifierGenerator strategy [uuid2] -&gt; [org.hibernate.id.UUIDGenerator]
[main] DEBUG org.hibernate.id.factory.internal.DefaultIdentifierGeneratorFactory  - Registering IdentifierGenerator strategy [guid] -&gt; [org.hibernate.id.GUIDGenerator]
[main] DEBUG org.hibernate.id.factory.internal.DefaultIdentifierGeneratorFactory  - Registering IdentifierGenerator strategy [uuid] -&gt; [org.hibernate.id.UUIDHexGenerator]
[main] DEBUG org.hibernate.id.factory.internal.DefaultIdentifierGeneratorFactory  - Registering IdentifierGenerator strategy [uuid.hex] -&gt; [org.hibernate.id.UUIDHexGenerator]
[main] DEBUG org.hibernate.id.factory.internal.DefaultIdentifierGeneratorFactory  - Registering IdentifierGenerator strategy [hilo] -&gt; [org.hibernate.id.TableHiLoGenerator]
[main] DEBUG org.hibernate.id.factory.internal.DefaultIdentifierGeneratorFactory  - Registering IdentifierGenerator strategy [assigned] -&gt; [org.hibernate.id.Assigned]
[main] DEBUG org.hibernate.id.factory.internal.DefaultIdentifierGeneratorFactory  - Registering IdentifierGenerator strategy [identity] -&gt; [org.hibernate.id.IdentityGenerator]
[main] DEBUG org.hibernate.id.factory.internal.DefaultIdentifierGeneratorFactory  - Registering IdentifierGenerator strategy [select] -&gt; [org.hibernate.id.SelectGenerator]
[main] DEBUG org.hibernate.id.factory.internal.DefaultIdentifierGeneratorFactory  - Registering IdentifierGenerator strategy [sequence] -&gt; [org.hibernate.id.SequenceGenerator]
[main] DEBUG org.hibernate.id.factory.internal.DefaultIdentifierGeneratorFactory  - Registering IdentifierGenerator strategy [seqhilo] -&gt; [org.hibernate.id.SequenceHiLoGenerator]
[main] DEBUG org.hibernate.id.factory.internal.DefaultIdentifierGeneratorFactory  - Registering IdentifierGenerator strategy [increment] -&gt; [org.hibernate.id.IncrementGenerator]
[main] DEBUG org.hibernate.id.factory.internal.DefaultIdentifierGeneratorFactory  - Registering IdentifierGenerator strategy [foreign] -&gt; [org.hibernate.id.ForeignGenerator]
[main] DEBUG org.hibernate.id.factory.internal.DefaultIdentifierGeneratorFactory  - Registering IdentifierGenerator strategy [sequence-identity] -&gt; [org.hibernate.id.SequenceIdentityGenerator]
[main] DEBUG org.hibernate.id.factory.internal.DefaultIdentifierGeneratorFactory  - Registering IdentifierGenerator strategy [enhanced-sequence] -&gt; [org.hibernate.id.enhanced.SequenceStyleGenerator]
[main] DEBUG org.hibernate.id.factory.internal.DefaultIdentifierGeneratorFactory  - Registering IdentifierGenerator strategy [enhanced-table] -&gt; [org.hibernate.id.enhanced.TableGenerator]
[main] DEBUG org.hibernate.ejb.Ejb3Configuration  - Processing PersistenceUnitInfo [
	name: default
	persistence provider classname: null
	classloader: sun.misc.Launcher$AppClassLoader@135fbaa4
	Temporary classloader: org.springframework.instrument.classloading.SimpleThrowawayClassLoader@3fba233d
	excludeUnlistedClasses: true
	JTA datasource: null
	Non JTA datasource: org.springframework.jdbc.datasource.DriverManagerDataSource@427ae189
	Transaction type: RESOURCE_LOCAL
	PU root URL: file:/home/vova/Desktop/ATS/src/target/test-classes/
	Shared Cache Mode: UNSPECIFIED
	Validation Mode: AUTO
	Jar files URLs []
	Managed classes names [
		ru.testingsystem.data.entity.GroupEntity]
	Mapping files names []
	Properties []
[main] DEBUG org.hibernate.ejb.Ejb3Configuration  - Detect class: true; detect hbm: true
[main] DEBUG org.hibernate.ejb.packaging.AbstractJarVisitor  - Searching mapped entities in jar/par: file:/home/vova/Desktop/ATS/src/target/test-classes/
[main] DEBUG org.hibernate.ejb.packaging.AbstractJarVisitor  - Filtering: ru.testingsystem.auethentification.AuethentificationTest
[main] DEBUG org.hibernate.ejb.packaging.AbstractJarVisitor  - Filtering: ru.testingsystem.compilers.CompilerCppTest
[main] DEBUG org.hibernate.ejb.packaging.AbstractJarVisitor  - Filtering: ru.testingsystem.compilers.ByteCodeInterpreterJavaTest
[main] DEBUG org.hibernate.ejb.packaging.AbstractJarVisitor  - Filtering: ru.testingsystem.compilers.CompilerCTest
[main] DEBUG org.hibernate.integrator.internal.IntegratorServiceImpl  - Adding Integrator [org.hibernate.cfg.beanvalidation.BeanValidationIntegrator].
[main] DEBUG org.hibernate.integrator.internal.IntegratorServiceImpl  - Adding Integrator [org.hibernate.ejb.event.JpaIntegrator].
[main] DEBUG org.hibernate.ejb.util.NamingHelper  - No JNDI name configured for binding Ejb3Configuration
[main] DEBUG org.hibernate.cfg.Configuration  - Preparing to build session factory with filters : {}
[main] INFO  org.hibernate.service.jdbc.connections.internal.ConnectionProviderInitiator  - HHH000130: Instantiating explicit connection provider: org.hibernate.ejb.connection.InjectedDataSourceConnectionProvider
[main] DEBUG org.hibernate.engine.jdbc.internal.JdbcServicesImpl  - Database -&gt;
       name : MySQL
    version : 5.7.21-0ubuntu0.17.10.1
      major : 5
      minor : 7
[main] DEBUG org.hibernate.engine.jdbc.internal.JdbcServicesImpl  - Driver -&gt;
       name : MySQL Connector Java
    version : mysql-connector-java-6.0.6 ( Revision: 3dab84f4d9bede3cdd14d57b99e9e98a02a5b97d )
      major : 6
      minor : 0
[main] DEBUG org.hibernate.engine.jdbc.internal.JdbcServicesImpl  - JDBC version : 4.1
[main] INFO  org.hibernate.dialect.Dialect  - HHH000400: Using dialect: org.hibernate.dialect.MySQLDialect
[main] DEBUG org.hibernate.cfg.Configuration  - Processing hbm.xml files
[main] DEBUG org.hibernate.cfg.Configuration  - Process annotated classes
[main] DEBUG org.hibernate.cfg.AnnotationBinder  - Binding entity from annotated class: ru.testingsystem.data.entity.GroupEntity
[main] DEBUG org.hibernate.cfg.Ejb3Column  - Binding column: Ejb3DiscriminatorColumn{logicalColumnName&apos;DTYPE&apos;, discriminatorTypeName=&apos;string&apos;}
[main] DEBUG org.hibernate.cfg.annotations.EntityBinder  - Import with entity name GroupEntity
[main] DEBUG org.hibernate.cfg.annotations.EntityBinder  - Bind entity ru.testingsystem.data.entity.GroupEntity on table groups
</system-out>
  </testcase>
</testsuite>